<?xml version="1.0" encoding="UTF-8"?>
<coverage generated="1702064323147" clover="3.2.0">
  <project timestamp="1702064323148" name="All files">
    <metrics statements="883" coveredstatements="717" conditionals="158" coveredconditionals="87" methods="102" coveredmethods="80" elements="1143" coveredelements="884" complexity="0" loc="883" ncloc="883" packages="6" files="46" classes="46"/>
    <package name="controllers">
      <metrics statements="547" coveredstatements="430" conditionals="140" coveredconditionals="76" methods="55" coveredmethods="41"/>
      <file name="addressController.js" path="D:\express\giasu_api\controllers\addressController.js">
        <metrics statements="35" coveredstatements="35" conditionals="8" coveredconditionals="4" methods="4" coveredmethods="4"/>
        <line num="1" count="37" type="stmt"/>
        <line num="2" count="37" type="stmt"/>
        <line num="3" count="37" type="stmt"/>
        <line num="5" count="37" type="stmt"/>
        <line num="6" count="2" type="stmt"/>
        <line num="7" count="2" type="stmt"/>
        <line num="11" count="1" type="stmt"/>
        <line num="15" count="1" type="cond" truecount="1" falsecount="1"/>
        <line num="16" count="1" type="stmt"/>
        <line num="18" count="1" type="stmt"/>
        <line num="22" count="37" type="stmt"/>
        <line num="23" count="2" type="stmt"/>
        <line num="24" count="2" type="stmt"/>
        <line num="25" count="2" type="stmt"/>
        <line num="35" count="1" type="stmt"/>
        <line num="39" count="1" type="cond" truecount="1" falsecount="1"/>
        <line num="40" count="1" type="stmt"/>
        <line num="42" count="1" type="stmt"/>
        <line num="45" count="37" type="stmt"/>
        <line num="46" count="2" type="stmt"/>
        <line num="47" count="2" type="stmt"/>
        <line num="48" count="2" type="stmt"/>
        <line num="58" count="1" type="stmt"/>
        <line num="62" count="1" type="cond" truecount="1" falsecount="1"/>
        <line num="63" count="1" type="stmt"/>
        <line num="65" count="1" type="stmt"/>
        <line num="68" count="37" type="stmt"/>
        <line num="69" count="2" type="stmt"/>
        <line num="70" count="2" type="stmt"/>
        <line num="71" count="2" type="stmt"/>
        <line num="79" count="1" type="stmt"/>
        <line num="83" count="1" type="cond" truecount="1" falsecount="1"/>
        <line num="84" count="1" type="stmt"/>
        <line num="86" count="1" type="stmt"/>
        <line num="90" count="37" type="stmt"/>
      </file>
      <file name="adminController.js" path="D:\express\giasu_api\controllers\adminController.js">
        <metrics statements="29" coveredstatements="29" conditionals="8" coveredconditionals="6" methods="2" coveredmethods="2"/>
        <line num="1" count="37" type="stmt"/>
        <line num="2" count="37" type="stmt"/>
        <line num="6" count="37" type="stmt"/>
        <line num="7" count="3" type="stmt"/>
        <line num="8" count="3" type="stmt"/>
        <line num="9" count="2" type="stmt"/>
        <line num="10" count="2" type="stmt"/>
        <line num="11" count="3" type="stmt"/>
        <line num="12" count="3" type="cond" truecount="2" falsecount="0"/>
        <line num="13" count="1" type="stmt"/>
        <line num="14" count="1" type="stmt"/>
        <line num="16" count="2" type="stmt"/>
        <line num="25" count="1" type="stmt"/>
        <line num="29" count="2" type="cond" truecount="1" falsecount="1"/>
        <line num="30" count="2" type="stmt"/>
        <line num="32" count="2" type="stmt"/>
        <line num="38" count="37" type="stmt"/>
        <line num="39" count="3" type="stmt"/>
        <line num="40" count="3" type="stmt"/>
        <line num="41" count="3" type="stmt"/>
        <line num="42" count="2" type="cond" truecount="2" falsecount="0"/>
        <line num="43" count="1" type="stmt"/>
        <line num="44" count="1" type="stmt"/>
        <line num="46" count="1" type="stmt"/>
        <line num="47" count="1" type="stmt"/>
        <line num="51" count="2" type="cond" truecount="1" falsecount="1"/>
        <line num="52" count="2" type="stmt"/>
        <line num="54" count="2" type="stmt"/>
        <line num="58" count="37" type="stmt"/>
      </file>
      <file name="auth.controller.js" path="D:\express\giasu_api\controllers\auth.controller.js">
        <metrics statements="104" coveredstatements="27" conditionals="31" coveredconditionals="5" methods="6" coveredmethods="1"/>
        <line num="1" count="37" type="stmt"/>
        <line num="2" count="37" type="stmt"/>
        <line num="3" count="37" type="stmt"/>
        <line num="4" count="37" type="stmt"/>
        <line num="5" count="37" type="stmt"/>
        <line num="6" count="37" type="stmt"/>
        <line num="16" count="37" type="stmt"/>
        <line num="17" count="0" type="stmt"/>
        <line num="18" count="0" type="stmt"/>
        <line num="19" count="0" type="stmt"/>
        <line num="20" count="0" type="cond" truecount="0" falsecount="2"/>
        <line num="21" count="0" type="stmt"/>
        <line num="24" count="0" type="stmt"/>
        <line num="25" count="0" type="stmt"/>
        <line num="26" count="0" type="stmt"/>
        <line num="28" count="0" type="stmt"/>
        <line num="35" count="0" type="stmt"/>
        <line num="36" count="0" type="stmt"/>
        <line num="42" count="0" type="stmt"/>
        <line num="50" count="0" type="stmt"/>
        <line num="52" count="0" type="stmt"/>
        <line num="53" count="0" type="stmt"/>
        <line num="54" count="0" type="stmt"/>
        <line num="58" count="37" type="stmt"/>
        <line num="60" count="4" type="stmt"/>
        <line num="62" count="4" type="stmt"/>
        <line num="63" count="4" type="stmt"/>
        <line num="64" count="3" type="cond" truecount="2" falsecount="0"/>
        <line num="65" count="1" type="stmt"/>
        <line num="68" count="1" type="stmt"/>
        <line num="69" count="1" type="stmt"/>
        <line num="70" count="1" type="stmt"/>
        <line num="73" count="3" type="stmt"/>
        <line num="74" count="2" type="cond" truecount="2" falsecount="0"/>
        <line num="75" count="1" type="stmt"/>
        <line num="78" count="1" type="stmt"/>
        <line num="79" count="1" type="stmt"/>
        <line num="80" count="1" type="stmt"/>
        <line num="83" count="2" type="stmt"/>
        <line num="93" count="2" type="stmt"/>
        <line num="106" count="3" type="cond" truecount="1" falsecount="1"/>
        <line num="107" count="3" type="stmt"/>
        <line num="109" count="3" type="stmt"/>
        <line num="115" count="0" type="stmt"/>
        <line num="117" count="0" type="stmt"/>
        <line num="128" count="0" type="stmt"/>
        <line num="129" count="0" type="stmt"/>
        <line num="130" count="0" type="stmt"/>
        <line num="141" count="0" type="cond" truecount="0" falsecount="3"/>
        <line num="143" count="0" type="stmt"/>
        <line num="144" count="0" type="stmt"/>
        <line num="146" count="0" type="stmt"/>
        <line num="147" count="0" type="stmt"/>
        <line num="149" count="0" type="stmt"/>
        <line num="150" count="0" type="stmt"/>
        <line num="153" count="0" type="stmt"/>
        <line num="154" count="0" type="stmt"/>
        <line num="163" count="0" type="stmt"/>
        <line num="176" count="0" type="cond" truecount="0" falsecount="2"/>
        <line num="177" count="0" type="stmt"/>
        <line num="179" count="0" type="stmt"/>
        <line num="185" count="0" type="stmt"/>
        <line num="186" count="0" type="stmt"/>
        <line num="187" count="0" type="stmt"/>
        <line num="189" count="0" type="cond" truecount="0" falsecount="2"/>
        <line num="190" count="0" type="stmt"/>
        <line num="192" count="0" type="stmt"/>
        <line num="198" count="0" type="stmt"/>
        <line num="199" count="0" type="stmt"/>
        <line num="201" count="0" type="stmt"/>
        <line num="202" count="0" type="cond" truecount="0" falsecount="2"/>
        <line num="203" count="0" type="stmt"/>
        <line num="206" count="0" type="stmt"/>
        <line num="210" count="0" type="stmt"/>
        <line num="211" count="0" type="stmt"/>
        <line num="214" count="0" type="cond" truecount="0" falsecount="4"/>
        <line num="215" count="0" type="stmt"/>
        <line num="216" count="0" type="stmt"/>
        <line num="218" count="0" type="stmt"/>
        <line num="219" count="0" type="stmt"/>
        <line num="220" count="0" type="stmt"/>
        <line num="223" count="0" type="stmt"/>
        <line num="225" count="0" type="stmt"/>
        <line num="229" count="0" type="cond" truecount="0" falsecount="2"/>
        <line num="230" count="0" type="stmt"/>
        <line num="231" count="0" type="stmt"/>
        <line num="238" count="0" type="stmt"/>
        <line num="240" count="0" type="stmt"/>
        <line num="241" count="0" type="stmt"/>
        <line num="242" count="0" type="cond" truecount="0" falsecount="2"/>
        <line num="244" count="0" type="stmt"/>
        <line num="248" count="0" type="stmt"/>
        <line num="249" count="0" type="stmt"/>
        <line num="250" count="0" type="cond" truecount="0" falsecount="4"/>
        <line num="251" count="0" type="stmt"/>
        <line num="253" count="0" type="stmt"/>
        <line num="254" count="0" type="stmt"/>
        <line num="255" count="0" type="stmt"/>
        <line num="258" count="0" type="stmt"/>
        <line num="259" count="0" type="stmt"/>
        <line num="260" count="0" type="stmt"/>
        <line num="262" count="0" type="cond" truecount="0" falsecount="2"/>
        <line num="263" count="0" type="stmt"/>
        <line num="265" count="0" type="stmt"/>
      </file>
      <file name="classController.js" path="D:\express\giasu_api\controllers\classController.js">
        <metrics statements="75" coveredstatements="69" conditionals="23" coveredconditionals="11" methods="9" coveredmethods="6"/>
        <line num="1" count="37" type="stmt"/>
        <line num="2" count="37" type="stmt"/>
        <line num="3" count="37" type="stmt"/>
        <line num="6" count="37" type="stmt"/>
        <line num="9" count="37" type="stmt"/>
        <line num="10" count="2" type="stmt"/>
        <line num="11" count="2" type="stmt"/>
        <line num="12" count="0" type="stmt"/>
        <line num="14" count="2" type="stmt"/>
        <line num="15" count="0" type="cond" truecount="0" falsecount="3"/>
        <line num="17" count="0" type="stmt"/>
        <line num="19" count="0" type="stmt"/>
        <line num="21" count="0" type="stmt"/>
        <line num="24" count="2" type="stmt"/>
        <line num="25" count="0" type="stmt"/>
        <line num="27" count="2" type="stmt"/>
        <line num="32" count="2" type="stmt"/>
        <line num="34" count="2" type="stmt"/>
        <line num="38" count="1" type="stmt"/>
        <line num="42" count="1" type="cond" truecount="1" falsecount="1"/>
        <line num="43" count="1" type="stmt"/>
        <line num="45" count="1" type="stmt"/>
        <line num="50" count="37" type="stmt"/>
        <line num="51" count="3" type="stmt"/>
        <line num="52" count="3" type="stmt"/>
        <line num="53" count="3" type="stmt"/>
        <line num="54" count="3" type="stmt"/>
        <line num="55" count="2" type="cond" truecount="2" falsecount="0"/>
        <line num="56" count="1" type="stmt"/>
        <line num="57" count="1" type="stmt"/>
        <line num="59" count="1" type="stmt"/>
        <line num="60" count="1" type="stmt"/>
        <line num="64" count="2" type="cond" truecount="1" falsecount="1"/>
        <line num="65" count="2" type="stmt"/>
        <line num="67" count="2" type="stmt"/>
        <line num="72" count="37" type="stmt"/>
        <line num="73" count="2" type="stmt"/>
        <line num="74" count="2" type="stmt"/>
        <line num="75" count="2" type="stmt"/>
        <line num="82" count="1" type="stmt"/>
        <line num="84" count="1" type="stmt"/>
        <line num="85" count="2" type="stmt"/>
        <line num="86" count="2" type="stmt"/>
        <line num="94" count="2" type="stmt"/>
        <line num="108" count="1" type="stmt"/>
        <line num="112" count="1" type="cond" truecount="1" falsecount="1"/>
        <line num="113" count="1" type="stmt"/>
        <line num="115" count="1" type="stmt"/>
        <line num="121" count="37" type="stmt"/>
        <line num="130" count="2" type="stmt"/>
        <line num="131" count="2" type="stmt"/>
        <line num="132" count="2" type="stmt"/>
        <line num="141" count="1" type="stmt"/>
        <line num="145" count="1" type="cond" truecount="1" falsecount="1"/>
        <line num="146" count="1" type="stmt"/>
        <line num="148" count="1" type="stmt"/>
        <line num="153" count="37" type="stmt"/>
        <line num="154" count="2" type="stmt"/>
        <line num="156" count="2" type="stmt"/>
        <line num="157" count="2" type="stmt"/>
        <line num="158" count="1" type="stmt"/>
        <line num="159" count="1" type="stmt"/>
        <line num="160" count="1" type="stmt"/>
        <line num="162" count="1" type="cond" truecount="1" falsecount="1"/>
        <line num="163" count="1" type="stmt"/>
        <line num="165" count="1" type="stmt"/>
        <line num="171" count="37" type="stmt"/>
        <line num="172" count="2" type="stmt"/>
        <line num="173" count="2" type="stmt"/>
        <line num="174" count="2" type="stmt"/>
        <line num="175" count="1" type="stmt"/>
        <line num="179" count="1" type="cond" truecount="1" falsecount="1"/>
        <line num="180" count="1" type="stmt"/>
        <line num="182" count="1" type="stmt"/>
        <line num="186" count="37" type="stmt"/>
      </file>
      <file name="comment.controller.js" path="D:\express\giasu_api\controllers\comment.controller.js">
        <metrics statements="62" coveredstatements="62" conditionals="10" coveredconditionals="10" methods="8" coveredmethods="8"/>
        <line num="1" count="37" type="stmt"/>
        <line num="3" count="37" type="stmt"/>
        <line num="4" count="2" type="stmt"/>
        <line num="5" count="2" type="stmt"/>
        <line num="6" count="2" type="stmt"/>
        <line num="11" count="1" type="stmt"/>
        <line num="13" count="1" type="stmt"/>
        <line num="14" count="1" type="stmt"/>
        <line num="18" count="37" type="stmt"/>
        <line num="19" count="2" type="stmt"/>
        <line num="20" count="2" type="stmt"/>
        <line num="29" count="1" type="stmt"/>
        <line num="31" count="1" type="stmt"/>
        <line num="32" count="1" type="stmt"/>
        <line num="36" count="37" type="stmt"/>
        <line num="37" count="3" type="stmt"/>
        <line num="38" count="3" type="stmt"/>
        <line num="39" count="3" type="stmt"/>
        <line num="41" count="3" type="stmt"/>
        <line num="48" count="2" type="cond" truecount="2" falsecount="0"/>
        <line num="49" count="1" type="stmt"/>
        <line num="58" count="1" type="stmt"/>
        <line num="63" count="1" type="stmt"/>
        <line num="67" count="1" type="stmt"/>
        <line num="68" count="1" type="stmt"/>
        <line num="72" count="37" type="stmt"/>
        <line num="73" count="3" type="stmt"/>
        <line num="74" count="3" type="stmt"/>
        <line num="75" count="3" type="stmt"/>
        <line num="81" count="2" type="cond" truecount="2" falsecount="0"/>
        <line num="82" count="1" type="stmt"/>
        <line num="85" count="1" type="stmt"/>
        <line num="89" count="1" type="stmt"/>
        <line num="93" count="1" type="stmt"/>
        <line num="94" count="1" type="stmt"/>
        <line num="98" count="37" type="stmt"/>
        <line num="99" count="4" type="stmt"/>
        <line num="100" count="4" type="stmt"/>
        <line num="101" count="4" type="stmt"/>
        <line num="102" count="4" type="stmt"/>
        <line num="104" count="4" type="stmt"/>
        <line num="109" count="3" type="cond" truecount="2" falsecount="0"/>
        <line num="110" count="2" type="cond" truecount="2" falsecount="0"/>
        <line num="111" count="1" type="stmt"/>
        <line num="113" count="1" type="stmt"/>
        <line num="119" count="1" type="stmt"/>
        <line num="124" count="1" type="stmt"/>
        <line num="130" count="1" type="stmt"/>
        <line num="137" count="1" type="stmt"/>
        <line num="143" count="1" type="stmt"/>
        <line num="144" count="1" type="stmt"/>
        <line num="148" count="37" type="stmt"/>
        <line num="149" count="3" type="stmt"/>
        <line num="150" count="3" type="stmt"/>
        <line num="152" count="3" type="stmt"/>
        <line num="159" count="2" type="cond" truecount="2" falsecount="0"/>
        <line num="160" count="1" type="stmt"/>
        <line num="163" count="1" type="stmt"/>
        <line num="165" count="1" type="stmt"/>
        <line num="168" count="1" type="stmt"/>
        <line num="169" count="1" type="stmt"/>
        <line num="173" count="37" type="stmt"/>
      </file>
      <file name="parentsController.js" path="D:\express\giasu_api\controllers\parentsController.js">
        <metrics statements="41" coveredstatements="41" conditionals="10" coveredconditionals="7" methods="4" coveredmethods="4"/>
        <line num="1" count="37" type="stmt"/>
        <line num="2" count="37" type="stmt"/>
        <line num="3" count="37" type="stmt"/>
        <line num="8" count="37" type="stmt"/>
        <line num="26" count="3" type="stmt"/>
        <line num="28" count="3" type="stmt"/>
        <line num="29" count="3" type="stmt"/>
        <line num="32" count="3" type="cond" truecount="2" falsecount="0"/>
        <line num="33" count="1" type="stmt"/>
        <line num="34" count="1" type="stmt"/>
        <line num="35" count="1" type="stmt"/>
        <line num="37" count="2" type="stmt"/>
        <line num="38" count="2" type="stmt"/>
        <line num="57" count="1" type="stmt"/>
        <line num="59" count="2" type="cond" truecount="2" falsecount="0"/>
        <line num="60" count="1" type="stmt"/>
        <line num="62" count="2" type="stmt"/>
        <line num="68" count="37" type="stmt"/>
        <line num="69" count="2" type="stmt"/>
        <line num="70" count="2" type="stmt"/>
        <line num="71" count="1" type="stmt"/>
        <line num="75" count="1" type="cond" truecount="1" falsecount="1"/>
        <line num="76" count="1" type="stmt"/>
        <line num="78" count="1" type="stmt"/>
        <line num="84" count="37" type="stmt"/>
        <line num="85" count="2" type="stmt"/>
        <line num="86" count="2" type="stmt"/>
        <line num="87" count="2" type="stmt"/>
        <line num="94" count="1" type="stmt"/>
        <line num="98" count="1" type="cond" truecount="1" falsecount="1"/>
        <line num="99" count="1" type="stmt"/>
        <line num="101" count="1" type="stmt"/>
        <line num="108" count="37" type="stmt"/>
        <line num="109" count="2" type="stmt"/>
        <line num="110" count="2" type="stmt"/>
        <line num="111" count="2" type="stmt"/>
        <line num="112" count="1" type="stmt"/>
        <line num="116" count="1" type="cond" truecount="1" falsecount="1"/>
        <line num="117" count="1" type="stmt"/>
        <line num="119" count="1" type="stmt"/>
        <line num="123" count="37" type="stmt"/>
      </file>
      <file name="post.controller.js" path="D:\express\giasu_api\controllers\post.controller.js">
        <metrics statements="88" coveredstatements="75" conditionals="18" coveredconditionals="14" methods="12" coveredmethods="9"/>
        <line num="1" count="37" type="stmt"/>
        <line num="3" count="37" type="stmt"/>
        <line num="4" count="2" type="stmt"/>
        <line num="6" count="2" type="stmt"/>
        <line num="7" count="2" type="stmt"/>
        <line num="12" count="1" type="stmt"/>
        <line num="14" count="1" type="stmt"/>
        <line num="15" count="1" type="stmt"/>
        <line num="19" count="37" type="stmt"/>
        <line num="20" count="3" type="stmt"/>
        <line num="21" count="3" type="stmt"/>
        <line num="23" count="3" type="stmt"/>
        <line num="24" count="3" type="stmt"/>
        <line num="30" count="2" type="cond" truecount="2" falsecount="0"/>
        <line num="31" count="1" type="stmt"/>
        <line num="32" count="1" type="stmt"/>
        <line num="37" count="1" type="stmt"/>
        <line num="41" count="1" type="stmt"/>
        <line num="42" count="1" type="stmt"/>
        <line num="46" count="37" type="stmt"/>
        <line num="47" count="3" type="stmt"/>
        <line num="49" count="3" type="stmt"/>
        <line num="50" count="3" type="stmt"/>
        <line num="57" count="2" type="cond" truecount="2" falsecount="0"/>
        <line num="58" count="1" type="stmt"/>
        <line num="62" count="1" type="stmt"/>
        <line num="66" count="1" type="stmt"/>
        <line num="70" count="1" type="stmt"/>
        <line num="71" count="1" type="stmt"/>
        <line num="75" count="37" type="stmt"/>
        <line num="76" count="3" type="stmt"/>
        <line num="77" count="3" type="stmt"/>
        <line num="88" count="2" type="cond" truecount="2" falsecount="0"/>
        <line num="89" count="1" type="stmt"/>
        <line num="91" count="1" type="stmt"/>
        <line num="94" count="1" type="stmt"/>
        <line num="98" count="37" type="stmt"/>
        <line num="99" count="3" type="stmt"/>
        <line num="100" count="3" type="stmt"/>
        <line num="102" count="3" type="stmt"/>
        <line num="136" count="2" type="cond" truecount="2" falsecount="0"/>
        <line num="137" count="1" type="stmt"/>
        <line num="140" count="1" type="stmt"/>
        <line num="177" count="1" type="stmt"/>
        <line num="182" count="1" type="stmt"/>
        <line num="183" count="1" type="stmt"/>
        <line num="193" count="37" type="stmt"/>
        <line num="194" count="0" type="stmt"/>
        <line num="195" count="0" type="stmt"/>
        <line num="229" count="0" type="cond" truecount="0" falsecount="2"/>
        <line num="230" count="0" type="stmt"/>
        <line num="233" count="0" type="stmt"/>
        <line num="237" count="37" type="stmt"/>
        <line num="238" count="4" type="stmt"/>
        <line num="239" count="4" type="stmt"/>
        <line num="240" count="4" type="stmt"/>
        <line num="241" count="4" type="stmt"/>
        <line num="243" count="4" type="stmt"/>
        <line num="252" count="3" type="cond" truecount="2" falsecount="0"/>
        <line num="253" count="2" type="cond" truecount="2" falsecount="0"/>
        <line num="254" count="1" type="stmt"/>
        <line num="256" count="1" type="stmt"/>
        <line num="261" count="1" type="stmt"/>
        <line num="263" count="1" type="stmt"/>
        <line num="269" count="1" type="stmt"/>
        <line num="276" count="1" type="stmt"/>
        <line num="282" count="1" type="stmt"/>
        <line num="283" count="1" type="stmt"/>
        <line num="287" count="37" type="stmt"/>
        <line num="288" count="0" type="stmt"/>
        <line num="289" count="0" type="stmt"/>
        <line num="291" count="0" type="stmt"/>
        <line num="299" count="0" type="cond" truecount="0" falsecount="2"/>
        <line num="300" count="0" type="stmt"/>
        <line num="302" count="0" type="stmt"/>
        <line num="306" count="0" type="stmt"/>
        <line num="307" count="0" type="stmt"/>
        <line num="311" count="37" type="stmt"/>
        <line num="312" count="3" type="stmt"/>
        <line num="313" count="3" type="stmt"/>
        <line num="315" count="3" type="stmt"/>
        <line num="323" count="2" type="cond" truecount="2" falsecount="0"/>
        <line num="324" count="1" type="stmt"/>
        <line num="328" count="1" type="stmt"/>
        <line num="333" count="1" type="stmt"/>
        <line num="336" count="1" type="stmt"/>
        <line num="337" count="1" type="stmt"/>
        <line num="341" count="37" type="stmt"/>
      </file>
      <file name="tutorController.js" path="D:\express\giasu_api\controllers\tutorController.js">
        <metrics statements="95" coveredstatements="86" conditionals="32" coveredconditionals="19" methods="8" coveredmethods="7"/>
        <line num="3" count="37" type="stmt"/>
        <line num="4" count="37" type="stmt"/>
        <line num="5" count="37" type="stmt"/>
        <line num="6" count="37" type="stmt"/>
        <line num="7" count="37" type="stmt"/>
        <line num="8" count="37" type="stmt"/>
        <line num="12" count="37" type="stmt"/>
        <line num="13" count="4" type="stmt"/>
        <line num="25" count="4" type="stmt"/>
        <line num="26" count="4" type="stmt"/>
        <line num="27" count="9" type="cond" truecount="1" falsecount="1"/>
        <line num="28" count="9" type="stmt"/>
        <line num="32" count="4" type="cond" truecount="2" falsecount="0"/>
        <line num="33" count="3" type="stmt"/>
        <line num="34" count="3" type="stmt"/>
        <line num="35" count="3" type="cond" truecount="2" falsecount="0"/>
        <line num="36" count="2" type="stmt"/>
        <line num="37" count="2" type="stmt"/>
        <line num="38" count="2" type="stmt"/>
        <line num="41" count="2" type="cond" truecount="2" falsecount="0"/>
        <line num="42" count="1" type="stmt"/>
        <line num="43" count="1" type="stmt"/>
        <line num="44" count="1" type="stmt"/>
        <line num="46" count="1" type="stmt"/>
        <line num="48" count="1" type="cond" truecount="1" falsecount="1"/>
        <line num="49" count="0" type="stmt"/>
        <line num="51" count="1" type="stmt"/>
        <line num="56" count="3" type="stmt"/>
        <line num="58" count="4" type="stmt"/>
        <line num="59" count="4" type="stmt"/>
        <line num="60" count="3" type="stmt"/>
        <line num="63" count="3" type="stmt"/>
        <line num="65" count="3" type="stmt"/>
        <line num="76" count="3" type="cond" truecount="1" falsecount="1"/>
        <line num="77" count="3" type="stmt"/>
        <line num="79" count="3" type="stmt"/>
        <line num="85" count="37" type="stmt"/>
        <line num="86" count="2" type="stmt"/>
        <line num="87" count="2" type="stmt"/>
        <line num="88" count="2" type="stmt"/>
        <line num="89" count="1" type="stmt"/>
        <line num="90" count="1" type="stmt"/>
        <line num="101" count="1" type="cond" truecount="1" falsecount="1"/>
        <line num="102" count="1" type="stmt"/>
        <line num="104" count="1" type="stmt"/>
        <line num="110" count="37" type="stmt"/>
        <line num="111" count="2" type="stmt"/>
        <line num="113" count="2" type="stmt"/>
        <line num="114" count="8" type="stmt"/>
        <line num="119" count="2" type="stmt"/>
        <line num="120" count="2" type="stmt"/>
        <line num="125" count="1" type="stmt"/>
        <line num="129" count="1" type="cond" truecount="1" falsecount="1"/>
        <line num="130" count="1" type="stmt"/>
        <line num="132" count="1" type="stmt"/>
        <line num="138" count="37" type="stmt"/>
        <line num="139" count="2" type="stmt"/>
        <line num="140" count="2" type="stmt"/>
        <line num="144" count="2" type="stmt"/>
        <line num="145" count="2" type="stmt"/>
        <line num="146" count="2" type="stmt"/>
        <line num="147" count="2" type="stmt"/>
        <line num="156" count="1" type="stmt"/>
        <line num="160" count="1" type="cond" truecount="1" falsecount="1"/>
        <line num="161" count="1" type="stmt"/>
        <line num="163" count="1" type="stmt"/>
        <line num="169" count="37" type="stmt"/>
        <line num="170" count="5" type="stmt"/>
        <line num="171" count="5" type="stmt"/>
        <line num="172" count="5" type="stmt"/>
        <line num="173" count="5" type="stmt"/>
        <line num="176" count="4" type="cond" truecount="1" falsecount="1"/>
        <line num="180" count="0" type="stmt"/>
        <line num="181" count="0" type="stmt"/>
        <line num="182" count="0" type="cond" truecount="0" falsecount="2"/>
        <line num="183" count="0" type="stmt"/>
        <line num="186" count="0" type="cond" truecount="0" falsecount="2"/>
        <line num="187" count="0" type="stmt"/>
        <line num="192" count="0" type="stmt"/>
        <line num="197" count="0" type="stmt"/>
        <line num="204" count="4" type="stmt"/>
        <line num="211" count="1" type="cond" truecount="1" falsecount="1"/>
        <line num="212" count="1" type="stmt"/>
        <line num="214" count="1" type="stmt"/>
        <line num="220" count="37" type="stmt"/>
        <line num="221" count="3" type="stmt"/>
        <line num="222" count="3" type="stmt"/>
        <line num="223" count="3" type="stmt"/>
        <line num="229" count="2" type="cond" truecount="2" falsecount="0"/>
        <line num="230" count="1" type="stmt"/>
        <line num="234" count="1" type="stmt"/>
        <line num="239" count="1" type="cond" truecount="1" falsecount="1"/>
        <line num="240" count="1" type="stmt"/>
        <line num="242" count="1" type="stmt"/>
        <line num="246" count="37" type="stmt"/>
      </file>
      <file name="uploadController.js" path="D:\express\giasu_api\controllers\uploadController.js">
        <metrics statements="18" coveredstatements="6" conditionals="0" coveredconditionals="0" methods="2" coveredmethods="0"/>
        <line num="1" count="37" type="stmt"/>
        <line num="2" count="37" type="stmt"/>
        <line num="3" count="37" type="stmt"/>
        <line num="6" count="37" type="stmt"/>
        <line num="13" count="0" type="stmt"/>
        <line num="17" count="0" type="stmt"/>
        <line num="20" count="37" type="stmt"/>
        <line num="21" count="0" type="stmt"/>
        <line num="22" count="0" type="stmt"/>
        <line num="23" count="0" type="stmt"/>
        <line num="24" count="0" type="stmt"/>
        <line num="25" count="0" type="stmt"/>
        <line num="26" count="0" type="stmt"/>
        <line num="27" count="0" type="stmt"/>
        <line num="28" count="0" type="stmt"/>
        <line num="32" count="0" type="stmt"/>
        <line num="33" count="0" type="stmt"/>
        <line num="39" count="37" type="stmt"/>
      </file>
    </package>
    <package name="helpers">
      <metrics statements="51" coveredstatements="40" conditionals="4" coveredconditionals="3" methods="8" coveredmethods="4"/>
      <file name="auth.methods.js" path="D:\express\giasu_api\helpers\auth.methods.js">
        <metrics statements="6" coveredstatements="2" conditionals="0" coveredconditionals="0" methods="1" coveredmethods="0"/>
        <line num="1" count="37" type="stmt"/>
        <line num="3" count="37" type="stmt"/>
        <line num="4" count="0" type="stmt"/>
        <line num="5" count="0" type="stmt"/>
        <line num="7" count="0" type="stmt"/>
        <line num="8" count="0" type="stmt"/>
      </file>
      <file name="createServer.js" path="D:\express\giasu_api\helpers\createServer.js">
        <metrics statements="29" coveredstatements="27" conditionals="4" coveredconditionals="3" methods="4" coveredmethods="3"/>
        <line num="1" count="37" type="stmt"/>
        <line num="2" count="37" type="stmt"/>
        <line num="3" count="37" type="stmt"/>
        <line num="4" count="37" type="stmt"/>
        <line num="5" count="37" type="stmt"/>
        <line num="6" count="37" type="stmt"/>
        <line num="9" count="37" type="stmt"/>
        <line num="11" count="37" type="stmt"/>
        <line num="13" count="37" type="stmt"/>
        <line num="14" count="96" type="stmt"/>
        <line num="15" count="96" type="stmt"/>
        <line num="16" count="96" type="stmt"/>
        <line num="17" count="96" type="stmt"/>
        <line num="21" count="96" type="stmt"/>
        <line num="24" count="37" type="stmt"/>
        <line num="25" count="37" type="stmt"/>
        <line num="26" count="37" type="stmt"/>
        <line num="28" count="37" type="stmt"/>
        <line num="29" count="0" type="stmt"/>
        <line num="30" count="0" type="stmt"/>
        <line num="33" count="37" type="stmt"/>
        <line num="35" count="37" type="stmt"/>
        <line num="36" count="31" type="cond" truecount="1" falsecount="1"/>
        <line num="41" count="31" type="cond" truecount="2" falsecount="0"/>
        <line num="42" count="2" type="stmt"/>
        <line num="44" count="29" type="stmt"/>
        <line num="47" count="31" type="stmt"/>
        <line num="50" count="37" type="stmt"/>
        <line num="53" count="37" type="stmt"/>
      </file>
      <file name="generateAccessToken.js" path="D:\express\giasu_api\helpers\generateAccessToken.js">
        <metrics statements="6" coveredstatements="4" conditionals="0" coveredconditionals="0" methods="1" coveredmethods="0"/>
        <line num="1" count="37" type="stmt"/>
        <line num="3" count="37" type="stmt"/>
        <line num="6" count="37" type="stmt"/>
        <line num="7" count="0" type="stmt"/>
        <line num="8" count="0" type="stmt"/>
        <line num="13" count="37" type="stmt"/>
      </file>
      <file name="getTutorData.js" path="D:\express\giasu_api\helpers\getTutorData.js">
        <metrics statements="6" coveredstatements="3" conditionals="0" coveredconditionals="0" methods="1" coveredmethods="0"/>
        <line num="1" count="37" type="stmt"/>
        <line num="3" count="37" type="stmt"/>
        <line num="4" count="0" type="stmt"/>
        <line num="5" count="0" type="stmt"/>
        <line num="6" count="0" type="stmt"/>
        <line num="17" count="37" type="stmt"/>
      </file>
      <file name="toLocalDateTime.js" path="D:\express\giasu_api\helpers\toLocalDateTime.js">
        <metrics statements="4" coveredstatements="4" conditionals="0" coveredconditionals="0" methods="1" coveredmethods="1"/>
        <line num="1" count="38" type="stmt"/>
        <line num="2" count="2" type="stmt"/>
        <line num="3" count="2" type="stmt"/>
        <line num="4" count="2" type="stmt"/>
      </file>
    </package>
    <package name="middlewares">
      <metrics statements="13" coveredstatements="3" conditionals="4" coveredconditionals="0" methods="1" coveredmethods="0"/>
      <file name="auth.middlewares.js" path="D:\express\giasu_api\middlewares\auth.middlewares.js">
        <metrics statements="13" coveredstatements="3" conditionals="4" coveredconditionals="0" methods="1" coveredmethods="0"/>
        <line num="1" count="37" type="stmt"/>
        <line num="3" count="37" type="stmt"/>
        <line num="5" count="37" type="stmt"/>
        <line num="7" count="0" type="stmt"/>
        <line num="8" count="0" type="cond" truecount="0" falsecount="2"/>
        <line num="9" count="0" type="stmt"/>
        <line num="12" count="0" type="stmt"/>
        <line num="14" count="0" type="stmt"/>
        <line num="18" count="0" type="cond" truecount="0" falsecount="2"/>
        <line num="19" count="0" type="stmt"/>
        <line num="24" count="0" type="stmt"/>
        <line num="26" count="0" type="stmt"/>
        <line num="28" count="0" type="stmt"/>
      </file>
    </package>
    <package name="models">
      <metrics statements="137" coveredstatements="136" conditionals="10" coveredconditionals="8" methods="35" coveredmethods="35"/>
      <file name="admin.js" path="D:\express\giasu_api\models\admin.js">
        <metrics statements="5" coveredstatements="5" conditionals="0" coveredconditionals="0" methods="2" coveredmethods="2"/>
        <line num="2" count="37" type="stmt"/>
        <line num="3" count="37" type="stmt"/>
        <line num="12" count="37" type="stmt"/>
        <line num="15" count="37" type="stmt"/>
        <line num="24" count="37" type="stmt"/>
      </file>
      <file name="administrative_regions.js" path="D:\express\giasu_api\models\administrative_regions.js">
        <metrics statements="3" coveredstatements="3" conditionals="0" coveredconditionals="0" methods="1" coveredmethods="1"/>
        <line num="1" count="37" type="stmt"/>
        <line num="2" count="37" type="stmt"/>
        <line num="3" count="74" type="stmt"/>
      </file>
      <file name="administrative_units.js" path="D:\express\giasu_api\models\administrative_units.js">
        <metrics statements="3" coveredstatements="3" conditionals="0" coveredconditionals="0" methods="1" coveredmethods="1"/>
        <line num="1" count="37" type="stmt"/>
        <line num="2" count="37" type="stmt"/>
        <line num="3" count="74" type="stmt"/>
      </file>
      <file name="class.js" path="D:\express\giasu_api\models\class.js">
        <metrics statements="4" coveredstatements="4" conditionals="0" coveredconditionals="0" methods="2" coveredmethods="2"/>
        <line num="4" count="37" type="stmt"/>
        <line num="5" count="37" type="stmt"/>
        <line num="16" count="37" type="stmt"/>
        <line num="29" count="37" type="stmt"/>
      </file>
      <file name="comment.js" path="D:\express\giasu_api\models\comment.js">
        <metrics statements="7" coveredstatements="7" conditionals="0" coveredconditionals="0" methods="2" coveredmethods="2"/>
        <line num="2" count="37" type="stmt"/>
        <line num="3" count="37" type="stmt"/>
        <line num="6" count="37" type="stmt"/>
        <line num="10" count="37" type="stmt"/>
        <line num="14" count="37" type="stmt"/>
        <line num="20" count="74" type="stmt"/>
        <line num="39" count="74" type="stmt"/>
      </file>
      <file name="districts.js" path="D:\express\giasu_api\models\districts.js">
        <metrics statements="3" coveredstatements="3" conditionals="0" coveredconditionals="0" methods="1" coveredmethods="1"/>
        <line num="1" count="37" type="stmt"/>
        <line num="2" count="37" type="stmt"/>
        <line num="3" count="74" type="stmt"/>
      </file>
      <file name="index.js" path="D:\express\giasu_api\models\index.js">
        <metrics statements="25" coveredstatements="24" conditionals="10" coveredconditionals="8" methods="3" coveredmethods="3"/>
        <line num="3" count="37" type="stmt"/>
        <line num="4" count="37" type="stmt"/>
        <line num="5" count="37" type="stmt"/>
        <line num="6" count="37" type="stmt"/>
        <line num="7" count="37" type="stmt"/>
        <line num="8" count="37" type="cond" truecount="1" falsecount="1"/>
        <line num="9" count="37" type="stmt"/>
        <line num="10" count="37" type="stmt"/>
        <line num="13" count="37" type="cond" truecount="1" falsecount="1"/>
        <line num="14" count="0" type="stmt"/>
        <line num="16" count="37" type="stmt"/>
        <line num="24" count="37" type="stmt"/>
        <line num="26" count="740" type="stmt"/>
        <line num="34" count="703" type="stmt"/>
        <line num="38" count="703" type="stmt"/>
        <line num="41" count="37" type="stmt"/>
        <line num="42" count="703" type="cond" truecount="2" falsecount="0"/>
        <line num="43" count="481" type="stmt"/>
        <line num="47" count="37" type="stmt"/>
        <line num="48" count="37" type="stmt"/>
        <line num="51" count="37" type="stmt"/>
        <line num="52" count="37" type="stmt"/>
        <line num="53" count="37" type="stmt"/>
        <line num="54" count="37" type="stmt"/>
        <line num="56" count="37" type="stmt"/>
      </file>
      <file name="init-models.js" path="D:\express\giasu_api\models\init-models.js">
        <metrics statements="27" coveredstatements="27" conditionals="0" coveredconditionals="0" methods="1" coveredmethods="1"/>
        <line num="1" count="37" type="stmt"/>
        <line num="2" count="37" type="stmt"/>
        <line num="3" count="37" type="stmt"/>
        <line num="4" count="37" type="stmt"/>
        <line num="5" count="37" type="stmt"/>
        <line num="6" count="37" type="stmt"/>
        <line num="9" count="37" type="stmt"/>
        <line num="10" count="37" type="stmt"/>
        <line num="11" count="37" type="stmt"/>
        <line num="12" count="37" type="stmt"/>
        <line num="13" count="37" type="stmt"/>
        <line num="15" count="37" type="stmt"/>
        <line num="16" count="37" type="stmt"/>
        <line num="17" count="37" type="stmt"/>
        <line num="18" count="37" type="stmt"/>
        <line num="19" count="37" type="stmt"/>
        <line num="20" count="37" type="stmt"/>
        <line num="21" count="37" type="stmt"/>
        <line num="22" count="37" type="stmt"/>
        <line num="23" count="37" type="stmt"/>
        <line num="24" count="37" type="stmt"/>
        <line num="25" count="37" type="stmt"/>
        <line num="26" count="37" type="stmt"/>
        <line num="28" count="37" type="stmt"/>
        <line num="36" count="37" type="stmt"/>
        <line num="37" count="37" type="stmt"/>
        <line num="38" count="37" type="stmt"/>
      </file>
      <file name="parent.js" path="D:\express\giasu_api\models\parent.js">
        <metrics statements="5" coveredstatements="5" conditionals="0" coveredconditionals="0" methods="2" coveredmethods="2"/>
        <line num="2" count="37" type="stmt"/>
        <line num="3" count="37" type="stmt"/>
        <line num="12" count="37" type="stmt"/>
        <line num="15" count="37" type="stmt"/>
        <line num="26" count="37" type="stmt"/>
      </file>
      <file name="post.js" path="D:\express\giasu_api\models\post.js">
        <metrics statements="7" coveredstatements="7" conditionals="0" coveredconditionals="0" methods="2" coveredmethods="2"/>
        <line num="2" count="37" type="stmt"/>
        <line num="3" count="37" type="stmt"/>
        <line num="6" count="37" type="stmt"/>
        <line num="10" count="37" type="stmt"/>
        <line num="13" count="37" type="stmt"/>
        <line num="19" count="74" type="stmt"/>
        <line num="38" count="74" type="stmt"/>
      </file>
      <file name="provinces.js" path="D:\express\giasu_api\models\provinces.js">
        <metrics statements="3" coveredstatements="3" conditionals="0" coveredconditionals="0" methods="1" coveredmethods="1"/>
        <line num="1" count="37" type="stmt"/>
        <line num="2" count="37" type="stmt"/>
        <line num="3" count="74" type="stmt"/>
      </file>
      <file name="refreshtoken.js" path="D:\express\giasu_api\models\refreshtoken.js">
        <metrics statements="4" coveredstatements="4" conditionals="0" coveredconditionals="0" methods="2" coveredmethods="2"/>
        <line num="2" count="37" type="stmt"/>
        <line num="3" count="37" type="stmt"/>
        <line num="14" count="37" type="stmt"/>
        <line num="29" count="37" type="stmt"/>
      </file>
      <file name="requestclasses.js" path="D:\express\giasu_api\models\requestclasses.js">
        <metrics statements="4" coveredstatements="4" conditionals="0" coveredconditionals="0" methods="2" coveredmethods="2"/>
        <line num="4" count="37" type="stmt"/>
        <line num="5" count="37" type="stmt"/>
        <line num="16" count="37" type="stmt"/>
        <line num="39" count="37" type="stmt"/>
      </file>
      <file name="subject.js" path="D:\express\giasu_api\models\subject.js">
        <metrics statements="4" coveredstatements="4" conditionals="0" coveredconditionals="0" methods="2" coveredmethods="2"/>
        <line num="4" count="37" type="stmt"/>
        <line num="5" count="37" type="stmt"/>
        <line num="16" count="37" type="stmt"/>
        <line num="24" count="37" type="stmt"/>
      </file>
      <file name="test.js" path="D:\express\giasu_api\models\test.js">
        <metrics statements="4" coveredstatements="4" conditionals="0" coveredconditionals="0" methods="2" coveredmethods="2"/>
        <line num="4" count="37" type="stmt"/>
        <line num="5" count="37" type="stmt"/>
        <line num="16" count="37" type="stmt"/>
        <line num="24" count="37" type="stmt"/>
      </file>
      <file name="tutor.js" path="D:\express\giasu_api\models\tutor.js">
        <metrics statements="5" coveredstatements="5" conditionals="0" coveredconditionals="0" methods="2" coveredmethods="2"/>
        <line num="2" count="37" type="stmt"/>
        <line num="3" count="37" type="stmt"/>
        <line num="12" count="37" type="stmt"/>
        <line num="17" count="37" type="stmt"/>
        <line num="38" count="37" type="stmt"/>
      </file>
      <file name="tutor_request_class.js" path="D:\express\giasu_api\models\tutor_request_class.js">
        <metrics statements="4" coveredstatements="4" conditionals="0" coveredconditionals="0" methods="2" coveredmethods="2"/>
        <line num="4" count="37" type="stmt"/>
        <line num="5" count="37" type="stmt"/>
        <line num="16" count="37" type="stmt"/>
        <line num="24" count="37" type="stmt"/>
      </file>
      <file name="user.js" path="D:\express\giasu_api\models\user.js">
        <metrics statements="10" coveredstatements="10" conditionals="0" coveredconditionals="0" methods="2" coveredmethods="2"/>
        <line num="2" count="37" type="stmt"/>
        <line num="3" count="37" type="stmt"/>
        <line num="12" count="37" type="stmt"/>
        <line num="15" count="37" type="stmt"/>
        <line num="18" count="37" type="stmt"/>
        <line num="21" count="37" type="stmt"/>
        <line num="24" count="37" type="stmt"/>
        <line num="27" count="37" type="stmt"/>
        <line num="32" count="74" type="stmt"/>
        <line num="50" count="74" type="stmt"/>
      </file>
      <file name="vote.js" path="D:\express\giasu_api\models\vote.js">
        <metrics statements="7" coveredstatements="7" conditionals="0" coveredconditionals="0" methods="2" coveredmethods="2"/>
        <line num="2" count="37" type="stmt"/>
        <line num="3" count="37" type="stmt"/>
        <line num="6" count="37" type="stmt"/>
        <line num="10" count="37" type="stmt"/>
        <line num="14" count="37" type="stmt"/>
        <line num="20" count="74" type="stmt"/>
        <line num="40" count="74" type="stmt"/>
      </file>
      <file name="wards.js" path="D:\express\giasu_api\models\wards.js">
        <metrics statements="3" coveredstatements="3" conditionals="0" coveredconditionals="0" methods="1" coveredmethods="1"/>
        <line num="1" count="37" type="stmt"/>
        <line num="2" count="37" type="stmt"/>
        <line num="3" count="74" type="stmt"/>
      </file>
    </package>
    <package name="routers">
      <metrics statements="106" coveredstatements="104" conditionals="0" coveredconditionals="0" methods="1" coveredmethods="0"/>
      <file name="address.router.js" path="D:\express\giasu_api\routers\address.router.js">
        <metrics statements="7" coveredstatements="7" conditionals="0" coveredconditionals="0" methods="0" coveredmethods="0"/>
        <line num="1" count="37" type="stmt"/>
        <line num="3" count="37" type="stmt"/>
        <line num="5" count="37" type="stmt"/>
        <line num="6" count="37" type="stmt"/>
        <line num="7" count="37" type="stmt"/>
        <line num="8" count="37" type="stmt"/>
        <line num="10" count="37" type="stmt"/>
      </file>
      <file name="admin.routers.js" path="D:\express\giasu_api\routers\admin.routers.js">
        <metrics statements="7" coveredstatements="7" conditionals="0" coveredconditionals="0" methods="0" coveredmethods="0"/>
        <line num="1" count="37" type="stmt"/>
        <line num="3" count="37" type="stmt"/>
        <line num="4" count="37" type="stmt"/>
        <line num="6" count="37" type="stmt"/>
        <line num="8" count="37" type="stmt"/>
        <line num="9" count="37" type="stmt"/>
        <line num="11" count="37" type="stmt"/>
      </file>
      <file name="auth.router.js" path="D:\express\giasu_api\routers\auth.router.js">
        <metrics statements="14" coveredstatements="12" conditionals="0" coveredconditionals="0" methods="1" coveredmethods="0"/>
        <line num="1" count="37" type="stmt"/>
        <line num="3" count="37" type="stmt"/>
        <line num="4" count="37" type="stmt"/>
        <line num="5" count="37" type="stmt"/>
        <line num="7" count="37" type="stmt"/>
        <line num="8" count="0" type="stmt"/>
        <line num="9" count="0" type="stmt"/>
        <line num="14" count="37" type="stmt"/>
        <line num="15" count="37" type="stmt"/>
        <line num="16" count="37" type="stmt"/>
        <line num="17" count="37" type="stmt"/>
        <line num="18" count="37" type="stmt"/>
        <line num="19" count="37" type="stmt"/>
        <line num="21" count="37" type="stmt"/>
      </file>
      <file name="class.router.js" path="D:\express\giasu_api\routers\class.router.js">
        <metrics statements="11" coveredstatements="11" conditionals="0" coveredconditionals="0" methods="0" coveredmethods="0"/>
        <line num="1" count="37" type="stmt"/>
        <line num="3" count="37" type="stmt"/>
        <line num="4" count="37" type="stmt"/>
        <line num="6" count="37" type="stmt"/>
        <line num="8" count="37" type="stmt"/>
        <line num="9" count="37" type="stmt"/>
        <line num="10" count="37" type="stmt"/>
        <line num="11" count="37" type="stmt"/>
        <line num="12" count="37" type="stmt"/>
        <line num="13" count="37" type="stmt"/>
        <line num="14" count="37" type="stmt"/>
      </file>
      <file name="comment.router.js" path="D:\express\giasu_api\routers\comment.router.js">
        <metrics statements="9" coveredstatements="9" conditionals="0" coveredconditionals="0" methods="0" coveredmethods="0"/>
        <line num="1" count="37" type="stmt"/>
        <line num="3" count="37" type="stmt"/>
        <line num="5" count="37" type="stmt"/>
        <line num="6" count="37" type="stmt"/>
        <line num="7" count="37" type="stmt"/>
        <line num="8" count="37" type="stmt"/>
        <line num="10" count="37" type="stmt"/>
        <line num="11" count="37" type="stmt"/>
        <line num="13" count="37" type="stmt"/>
      </file>
      <file name="index.js" path="D:\express\giasu_api\routers\index.js">
        <metrics statements="21" coveredstatements="21" conditionals="0" coveredconditionals="0" methods="0" coveredmethods="0"/>
        <line num="1" count="37" type="stmt"/>
        <line num="3" count="37" type="stmt"/>
        <line num="4" count="37" type="stmt"/>
        <line num="5" count="37" type="stmt"/>
        <line num="6" count="37" type="stmt"/>
        <line num="7" count="37" type="stmt"/>
        <line num="8" count="37" type="stmt"/>
        <line num="9" count="37" type="stmt"/>
        <line num="10" count="37" type="stmt"/>
        <line num="11" count="37" type="stmt"/>
        <line num="13" count="37" type="stmt"/>
        <line num="15" count="37" type="stmt"/>
        <line num="17" count="37" type="stmt"/>
        <line num="18" count="37" type="stmt"/>
        <line num="19" count="37" type="stmt"/>
        <line num="20" count="37" type="stmt"/>
        <line num="21" count="37" type="stmt"/>
        <line num="22" count="37" type="stmt"/>
        <line num="23" count="37" type="stmt"/>
        <line num="24" count="37" type="stmt"/>
        <line num="26" count="37" type="stmt"/>
      </file>
      <file name="parents.router.js" path="D:\express\giasu_api\routers\parents.router.js">
        <metrics statements="9" coveredstatements="9" conditionals="0" coveredconditionals="0" methods="0" coveredmethods="0"/>
        <line num="1" count="37" type="stmt"/>
        <line num="3" count="37" type="stmt"/>
        <line num="4" count="37" type="stmt"/>
        <line num="6" count="37" type="stmt"/>
        <line num="8" count="37" type="stmt"/>
        <line num="9" count="37" type="stmt"/>
        <line num="10" count="37" type="stmt"/>
        <line num="11" count="37" type="stmt"/>
        <line num="12" count="37" type="stmt"/>
      </file>
      <file name="post.router.js" path="D:\express\giasu_api\routers\post.router.js">
        <metrics statements="10" coveredstatements="10" conditionals="0" coveredconditionals="0" methods="0" coveredmethods="0"/>
        <line num="1" count="37" type="stmt"/>
        <line num="3" count="37" type="stmt"/>
        <line num="5" count="37" type="stmt"/>
        <line num="6" count="37" type="stmt"/>
        <line num="7" count="37" type="stmt"/>
        <line num="8" count="37" type="stmt"/>
        <line num="9" count="37" type="stmt"/>
        <line num="11" count="37" type="stmt"/>
        <line num="12" count="37" type="stmt"/>
        <line num="14" count="37" type="stmt"/>
      </file>
      <file name="tutor.router.js" path="D:\express\giasu_api\routers\tutor.router.js">
        <metrics statements="11" coveredstatements="11" conditionals="0" coveredconditionals="0" methods="0" coveredmethods="0"/>
        <line num="1" count="37" type="stmt"/>
        <line num="4" count="37" type="stmt"/>
        <line num="5" count="37" type="stmt"/>
        <line num="7" count="37" type="stmt"/>
        <line num="9" count="37" type="stmt"/>
        <line num="10" count="37" type="stmt"/>
        <line num="11" count="37" type="stmt"/>
        <line num="12" count="37" type="stmt"/>
        <line num="13" count="37" type="stmt"/>
        <line num="14" count="37" type="stmt"/>
        <line num="16" count="37" type="stmt"/>
      </file>
      <file name="upload.router.js" path="D:\express\giasu_api\routers\upload.router.js">
        <metrics statements="7" coveredstatements="7" conditionals="0" coveredconditionals="0" methods="0" coveredmethods="0"/>
        <line num="1" count="37" type="stmt"/>
        <line num="2" count="37" type="stmt"/>
        <line num="4" count="37" type="stmt"/>
        <line num="6" count="37" type="stmt"/>
        <line num="7" count="37" type="stmt"/>
        <line num="11" count="37" type="stmt"/>
        <line num="13" count="37" type="stmt"/>
      </file>
    </package>
    <package name="services.contract-generator.service">
      <metrics statements="29" coveredstatements="4" conditionals="0" coveredconditionals="0" methods="2" coveredmethods="0"/>
      <file name="index.js" path="D:\express\giasu_api\services\contract-generator.service\index.js">
        <metrics statements="29" coveredstatements="4" conditionals="0" coveredconditionals="0" methods="2" coveredmethods="0"/>
        <line num="1" count="37" type="stmt"/>
        <line num="2" count="37" type="stmt"/>
        <line num="3" count="37" type="stmt"/>
        <line num="5" count="37" type="stmt"/>
        <line num="7" count="0" type="stmt"/>
        <line num="8" count="0" type="stmt"/>
        <line num="9" count="0" type="stmt"/>
        <line num="10" count="0" type="stmt"/>
        <line num="11" count="0" type="stmt"/>
        <line num="15" count="0" type="stmt"/>
        <line num="16" count="0" type="stmt"/>
        <line num="17" count="0" type="stmt"/>
        <line num="18" count="0" type="stmt"/>
        <line num="19" count="0" type="stmt"/>
        <line num="20" count="0" type="stmt"/>
        <line num="21" count="0" type="stmt"/>
        <line num="23" count="0" type="stmt"/>
        <line num="24" count="0" type="stmt"/>
        <line num="25" count="0" type="stmt"/>
        <line num="27" count="0" type="stmt"/>
        <line num="28" count="0" type="stmt"/>
        <line num="29" count="0" type="stmt"/>
        <line num="30" count="0" type="stmt"/>
        <line num="32" count="0" type="stmt"/>
        <line num="37" count="0" type="stmt"/>
        <line num="39" count="0" type="stmt"/>
        <line num="41" count="0" type="stmt"/>
        <line num="42" count="0" type="stmt"/>
        <line num="43" count="0" type="stmt"/>
      </file>
    </package>
  </project>
</coverage>
