{"D:\\express\\giasu_api\\controllers\\addressController.js": {"path":"D:\\express\\giasu_api\\controllers\\addressController.js","statementMap":{"0":{"start":{"line":1,"column":0},"end":{"line":1,"column":27}},"1":{"start":{"line":2,"column":11},"end":{"line":2,"column":37}},"2":{"start":{"line":3,"column":12},"end":{"line":3,"column":35}},"3":{"start":{"line":4,"column":15},"end":{"line":4,"column":34}},"4":{"start":{"line":5,"column":24},"end":{"line":5,"column":61}},"5":{"start":{"line":6,"column":23},"end":{"line":6,"column":43}},"6":{"start":{"line":8,"column":21},"end":{"line":23,"column":1}},"7":{"start":{"line":9,"column":2},"end":{"line":22,"column":3}},"8":{"start":{"line":10,"column":22},"end":{"line":13,"column":5}},"9":{"start":{"line":14,"column":4},"end":{"line":16,"column":7}},"10":{"start":{"line":18,"column":4},"end":{"line":20,"column":5}},"11":{"start":{"line":19,"column":6},"end":{"line":19,"column":27}},"12":{"start":{"line":21,"column":4},"end":{"line":21,"column":14}},"13":{"start":{"line":25,"column":21},"end":{"line":47,"column":1}},"14":{"start":{"line":26,"column":27},"end":{"line":26,"column":35}},"15":{"start":{"line":27,"column":2},"end":{"line":46,"column":3}},"16":{"start":{"line":28,"column":22},"end":{"line":37,"column":5}},"17":{"start":{"line":38,"column":4},"end":{"line":40,"column":7}},"18":{"start":{"line":42,"column":4},"end":{"line":44,"column":5}},"19":{"start":{"line":43,"column":6},"end":{"line":43,"column":27}},"20":{"start":{"line":45,"column":4},"end":{"line":45,"column":14}},"21":{"start":{"line":48,"column":17},"end":{"line":70,"column":1}},"22":{"start":{"line":49,"column":27},"end":{"line":49,"column":35}},"23":{"start":{"line":50,"column":2},"end":{"line":69,"column":3}},"24":{"start":{"line":51,"column":18},"end":{"line":60,"column":5}},"25":{"start":{"line":61,"column":4},"end":{"line":63,"column":7}},"26":{"start":{"line":65,"column":4},"end":{"line":67,"column":5}},"27":{"start":{"line":66,"column":6},"end":{"line":66,"column":27}},"28":{"start":{"line":68,"column":4},"end":{"line":68,"column":14}},"29":{"start":{"line":71,"column":23},"end":{"line":91,"column":1}},"30":{"start":{"line":72,"column":23},"end":{"line":72,"column":31}},"31":{"start":{"line":73,"column":2},"end":{"line":90,"column":3}},"32":{"start":{"line":74,"column":20},"end":{"line":81,"column":5}},"33":{"start":{"line":82,"column":4},"end":{"line":84,"column":7}},"34":{"start":{"line":86,"column":4},"end":{"line":88,"column":5}},"35":{"start":{"line":87,"column":6},"end":{"line":87,"column":27}},"36":{"start":{"line":89,"column":4},"end":{"line":89,"column":14}},"37":{"start":{"line":93,"column":0},"end":{"line":93,"column":74}}},"fnMap":{"0":{"name":"(anonymous_0)","decl":{"start":{"line":8,"column":21},"end":{"line":8,"column":22}},"loc":{"start":{"line":8,"column":47},"end":{"line":23,"column":1}},"line":8},"1":{"name":"(anonymous_1)","decl":{"start":{"line":25,"column":21},"end":{"line":25,"column":22}},"loc":{"start":{"line":25,"column":47},"end":{"line":47,"column":1}},"line":25},"2":{"name":"(anonymous_2)","decl":{"start":{"line":48,"column":17},"end":{"line":48,"column":18}},"loc":{"start":{"line":48,"column":43},"end":{"line":70,"column":1}},"line":48},"3":{"name":"(anonymous_3)","decl":{"start":{"line":71,"column":23},"end":{"line":71,"column":24}},"loc":{"start":{"line":71,"column":49},"end":{"line":91,"column":1}},"line":71}},"branchMap":{"0":{"loc":{"start":{"line":18,"column":4},"end":{"line":20,"column":5}},"type":"if","locations":[{"start":{"line":18,"column":4},"end":{"line":20,"column":5}},{"start":{},"end":{}}],"line":18},"1":{"loc":{"start":{"line":42,"column":4},"end":{"line":44,"column":5}},"type":"if","locations":[{"start":{"line":42,"column":4},"end":{"line":44,"column":5}},{"start":{},"end":{}}],"line":42},"2":{"loc":{"start":{"line":65,"column":4},"end":{"line":67,"column":5}},"type":"if","locations":[{"start":{"line":65,"column":4},"end":{"line":67,"column":5}},{"start":{},"end":{}}],"line":65},"3":{"loc":{"start":{"line":86,"column":4},"end":{"line":88,"column":5}},"type":"if","locations":[{"start":{"line":86,"column":4},"end":{"line":88,"column":5}},{"start":{},"end":{}}],"line":86}},"s":{"0":14,"1":14,"2":14,"3":14,"4":14,"5":14,"6":14,"7":0,"8":0,"9":0,"10":0,"11":0,"12":0,"13":14,"14":0,"15":0,"16":0,"17":0,"18":0,"19":0,"20":0,"21":14,"22":0,"23":0,"24":0,"25":0,"26":0,"27":0,"28":0,"29":14,"30":0,"31":0,"32":0,"33":0,"34":0,"35":0,"36":0,"37":14},"f":{"0":0,"1":0,"2":0,"3":0},"b":{"0":[0,0],"1":[0,0],"2":[0,0],"3":[0,0]},"_coverageSchema":"1a1c01bbd47fc00a2c39e90264f33305004495a9","hash":"390fca1b19fa9bf40742032d56db1c6fb1b76401"}
,"D:\\express\\giasu_api\\controllers\\adminController.js": {"path":"D:\\express\\giasu_api\\controllers\\adminController.js","statementMap":{"0":{"start":{"line":1,"column":0},"end":{"line":1,"column":27}},"1":{"start":{"line":2,"column":11},"end":{"line":2,"column":37}},"2":{"start":{"line":6,"column":27},"end":{"line":34,"column":1}},"3":{"start":{"line":7,"column":2},"end":{"line":33,"column":3}},"4":{"start":{"line":8,"column":19},"end":{"line":8,"column":78}},"5":{"start":{"line":9,"column":22},"end":{"line":9,"column":24}},"6":{"start":{"line":10,"column":4},"end":{"line":24,"column":5}},"7":{"start":{"line":11,"column":19},"end":{"line":11,"column":73}},"8":{"start":{"line":12,"column":6},"end":{"line":15,"column":7}},"9":{"start":{"line":13,"column":20},"end":{"line":13,"column":50}},"10":{"start":{"line":14,"column":8},"end":{"line":14,"column":18}},"11":{"start":{"line":16,"column":6},"end":{"line":23,"column":9}},"12":{"start":{"line":25,"column":4},"end":{"line":27,"column":7}},"13":{"start":{"line":29,"column":4},"end":{"line":31,"column":5}},"14":{"start":{"line":30,"column":6},"end":{"line":30,"column":27}},"15":{"start":{"line":32,"column":4},"end":{"line":32,"column":14}},"16":{"start":{"line":38,"column":26},"end":{"line":56,"column":1}},"17":{"start":{"line":39,"column":29},"end":{"line":39,"column":37}},"18":{"start":{"line":40,"column":2},"end":{"line":55,"column":3}},"19":{"start":{"line":41,"column":18},"end":{"line":41,"column":71}},"20":{"start":{"line":42,"column":4},"end":{"line":45,"column":5}},"21":{"start":{"line":43,"column":18},"end":{"line":43,"column":44}},"22":{"start":{"line":44,"column":6},"end":{"line":44,"column":16}},"23":{"start":{"line":46,"column":4},"end":{"line":46,"column":35}},"24":{"start":{"line":47,"column":4},"end":{"line":49,"column":7}},"25":{"start":{"line":51,"column":4},"end":{"line":53,"column":5}},"26":{"start":{"line":52,"column":6},"end":{"line":52,"column":27}},"27":{"start":{"line":54,"column":4},"end":{"line":54,"column":14}},"28":{"start":{"line":58,"column":0},"end":{"line":58,"column":59}}},"fnMap":{"0":{"name":"(anonymous_0)","decl":{"start":{"line":6,"column":27},"end":{"line":6,"column":28}},"loc":{"start":{"line":6,"column":53},"end":{"line":34,"column":1}},"line":6},"1":{"name":"(anonymous_1)","decl":{"start":{"line":38,"column":26},"end":{"line":38,"column":27}},"loc":{"start":{"line":38,"column":52},"end":{"line":56,"column":1}},"line":38}},"branchMap":{"0":{"loc":{"start":{"line":12,"column":6},"end":{"line":15,"column":7}},"type":"if","locations":[{"start":{"line":12,"column":6},"end":{"line":15,"column":7}},{"start":{},"end":{}}],"line":12},"1":{"loc":{"start":{"line":29,"column":4},"end":{"line":31,"column":5}},"type":"if","locations":[{"start":{"line":29,"column":4},"end":{"line":31,"column":5}},{"start":{},"end":{}}],"line":29},"2":{"loc":{"start":{"line":42,"column":4},"end":{"line":45,"column":5}},"type":"if","locations":[{"start":{"line":42,"column":4},"end":{"line":45,"column":5}},{"start":{},"end":{}}],"line":42},"3":{"loc":{"start":{"line":51,"column":4},"end":{"line":53,"column":5}},"type":"if","locations":[{"start":{"line":51,"column":4},"end":{"line":53,"column":5}},{"start":{},"end":{}}],"line":51}},"s":{"0":14,"1":14,"2":14,"3":3,"4":3,"5":2,"6":2,"7":3,"8":3,"9":1,"10":1,"11":2,"12":1,"13":2,"14":2,"15":2,"16":14,"17":3,"18":3,"19":3,"20":2,"21":1,"22":1,"23":1,"24":1,"25":2,"26":2,"27":2,"28":14},"f":{"0":3,"1":3},"b":{"0":[1,2],"1":[2,0],"2":[1,1],"3":[2,0]},"_coverageSchema":"1a1c01bbd47fc00a2c39e90264f33305004495a9","hash":"885c68f10124d444271620f773c39aade0d08ec5"}
,"D:\\express\\giasu_api\\controllers\\auth.controller.js": {"path":"D:\\express\\giasu_api\\controllers\\auth.controller.js","statementMap":{"0":{"start":{"line":1,"column":0},"end":{"line":1,"column":27}},"1":{"start":{"line":2,"column":11},"end":{"line":2,"column":37}},"2":{"start":{"line":3,"column":12},"end":{"line":3,"column":35}},"3":{"start":{"line":4,"column":15},"end":{"line":4,"column":34}},"4":{"start":{"line":5,"column":24},"end":{"line":5,"column":61}},"5":{"start":{"line":6,"column":28},"end":{"line":6,"column":69}},"6":{"start":{"line":16,"column":29},"end":{"line":56,"column":1}},"7":{"start":{"line":17,"column":2},"end":{"line":17,"column":42}},"8":{"start":{"line":18,"column":2},"end":{"line":55,"column":3}},"9":{"start":{"line":19,"column":17},"end":{"line":19,"column":48}},"10":{"start":{"line":20,"column":4},"end":{"line":22,"column":5}},"11":{"start":{"line":21,"column":6},"end":{"line":21,"column":24}},"12":{"start":{"line":24,"column":21},"end":{"line":24,"column":48}},"13":{"start":{"line":25,"column":22},"end":{"line":25,"column":32}},"14":{"start":{"line":26,"column":4},"end":{"line":26,"column":46}},"15":{"start":{"line":28,"column":31},"end":{"line":33,"column":6}},"16":{"start":{"line":35,"column":28},"end":{"line":35,"column":65}},"17":{"start":{"line":36,"column":32},"end":{"line":40,"column":5}},"18":{"start":{"line":42,"column":25},"end":{"line":48,"column":5}},"19":{"start":{"line":50,"column":4},"end":{"line":50,"column":24}},"20":{"start":{"line":52,"column":4},"end":{"line":52,"column":25}},"21":{"start":{"line":53,"column":4},"end":{"line":53,"column":54}},"22":{"start":{"line":54,"column":4},"end":{"line":54,"column":14}},"23":{"start":{"line":58,"column":0},"end":{"line":268,"column":2}},"24":{"start":{"line":60,"column":32},"end":{"line":60,"column":40}},"25":{"start":{"line":62,"column":4},"end":{"line":110,"column":5}},"26":{"start":{"line":63,"column":19},"end":{"line":63,"column":69}},"27":{"start":{"line":64,"column":6},"end":{"line":71,"column":7}},"28":{"start":{"line":65,"column":20},"end":{"line":67,"column":9}},"29":{"start":{"line":68,"column":8},"end":{"line":68,"column":29}},"30":{"start":{"line":69,"column":8},"end":{"line":69,"column":39}},"31":{"start":{"line":70,"column":8},"end":{"line":70,"column":18}},"32":{"start":{"line":73,"column":22},"end":{"line":73,"column":67}},"33":{"start":{"line":74,"column":6},"end":{"line":81,"column":7}},"34":{"start":{"line":75,"column":20},"end":{"line":77,"column":9}},"35":{"start":{"line":78,"column":8},"end":{"line":78,"column":29}},"36":{"start":{"line":79,"column":8},"end":{"line":79,"column":40}},"37":{"start":{"line":80,"column":8},"end":{"line":80,"column":18}},"38":{"start":{"line":83,"column":26},"end":{"line":83,"column":69}},"39":{"start":{"line":93,"column":6},"end":{"line":104,"column":9}},"40":{"start":{"line":106,"column":6},"end":{"line":108,"column":7}},"41":{"start":{"line":107,"column":8},"end":{"line":107,"column":29}},"42":{"start":{"line":109,"column":6},"end":{"line":109,"column":16}},"43":{"start":{"line":115,"column":6},"end":{"line":115,"column":14}},"44":{"start":{"line":117,"column":4},"end":{"line":126,"column":7}},"45":{"start":{"line":128,"column":4},"end":{"line":180,"column":5}},"46":{"start":{"line":129,"column":21},"end":{"line":129,"column":52}},"47":{"start":{"line":130,"column":19},"end":{"line":139,"column":8}},"48":{"start":{"line":141,"column":6},"end":{"line":151,"column":7}},"49":{"start":{"line":143,"column":10},"end":{"line":143,"column":53}},"50":{"start":{"line":144,"column":10},"end":{"line":144,"column":16}},"51":{"start":{"line":146,"column":10},"end":{"line":146,"column":55}},"52":{"start":{"line":147,"column":10},"end":{"line":147,"column":16}},"53":{"start":{"line":149,"column":10},"end":{"line":149,"column":54}},"54":{"start":{"line":150,"column":10},"end":{"line":150,"column":16}},"55":{"start":{"line":153,"column":26},"end":{"line":153,"column":69}},"56":{"start":{"line":154,"column":6},"end":{"line":154,"column":44}},"57":{"start":{"line":163,"column":6},"end":{"line":174,"column":9}},"58":{"start":{"line":176,"column":6},"end":{"line":178,"column":7}},"59":{"start":{"line":177,"column":8},"end":{"line":177,"column":29}},"60":{"start":{"line":179,"column":6},"end":{"line":179,"column":16}},"61":{"start":{"line":185,"column":4},"end":{"line":193,"column":5}},"62":{"start":{"line":186,"column":6},"end":{"line":186,"column":38}},"63":{"start":{"line":187,"column":6},"end":{"line":187,"column":29}},"64":{"start":{"line":189,"column":6},"end":{"line":191,"column":7}},"65":{"start":{"line":190,"column":8},"end":{"line":190,"column":29}},"66":{"start":{"line":192,"column":6},"end":{"line":192,"column":16}},"67":{"start":{"line":198,"column":4},"end":{"line":233,"column":5}},"68":{"start":{"line":199,"column":27},"end":{"line":199,"column":51}},"69":{"start":{"line":201,"column":6},"end":{"line":221,"column":7}},"70":{"start":{"line":202,"column":8},"end":{"line":204,"column":9}},"71":{"start":{"line":203,"column":10},"end":{"line":203,"column":28}},"72":{"start":{"line":206,"column":24},"end":{"line":209,"column":9}},"73":{"start":{"line":210,"column":31},"end":{"line":210,"column":42}},"74":{"start":{"line":211,"column":35},"end":{"line":213,"column":9}},"75":{"start":{"line":214,"column":8},"end":{"line":215,"column":28}},"76":{"start":{"line":215,"column":10},"end":{"line":215,"column":28}},"77":{"start":{"line":216,"column":8},"end":{"line":216,"column":29}},"78":{"start":{"line":218,"column":8},"end":{"line":218,"column":60}},"79":{"start":{"line":219,"column":8},"end":{"line":219,"column":29}},"80":{"start":{"line":220,"column":8},"end":{"line":220,"column":18}},"81":{"start":{"line":223,"column":26},"end":{"line":223,"column":73}},"82":{"start":{"line":225,"column":6},"end":{"line":227,"column":9}},"83":{"start":{"line":229,"column":6},"end":{"line":232,"column":7}},"84":{"start":{"line":230,"column":8},"end":{"line":230,"column":29}},"85":{"start":{"line":231,"column":8},"end":{"line":231,"column":18}},"86":{"start":{"line":238,"column":4},"end":{"line":266,"column":5}},"87":{"start":{"line":240,"column":6},"end":{"line":256,"column":7}},"88":{"start":{"line":241,"column":29},"end":{"line":241,"column":53}},"89":{"start":{"line":242,"column":8},"end":{"line":242,"column":45}},"90":{"start":{"line":242,"column":27},"end":{"line":242,"column":45}},"91":{"start":{"line":244,"column":24},"end":{"line":247,"column":9}},"92":{"start":{"line":248,"column":31},"end":{"line":248,"column":42}},"93":{"start":{"line":249,"column":25},"end":{"line":249,"column":71}},"94":{"start":{"line":250,"column":8},"end":{"line":250,"column":61}},"95":{"start":{"line":250,"column":43},"end":{"line":250,"column":61}},"96":{"start":{"line":251,"column":8},"end":{"line":251,"column":38}},"97":{"start":{"line":253,"column":8},"end":{"line":253,"column":60}},"98":{"start":{"line":254,"column":8},"end":{"line":254,"column":25}},"99":{"start":{"line":255,"column":8},"end":{"line":255,"column":18}},"100":{"start":{"line":258,"column":6},"end":{"line":258,"column":40}},"101":{"start":{"line":259,"column":6},"end":{"line":259,"column":38}},"102":{"start":{"line":260,"column":6},"end":{"line":260,"column":29}},"103":{"start":{"line":262,"column":6},"end":{"line":264,"column":7}},"104":{"start":{"line":263,"column":8},"end":{"line":263,"column":29}},"105":{"start":{"line":265,"column":6},"end":{"line":265,"column":16}}},"fnMap":{"0":{"name":"(anonymous_0)","decl":{"start":{"line":16,"column":29},"end":{"line":16,"column":30}},"loc":{"start":{"line":16,"column":48},"end":{"line":56,"column":1}},"line":16},"1":{"name":"(anonymous_1)","decl":{"start":{"line":59,"column":9},"end":{"line":59,"column":10}},"loc":{"start":{"line":59,"column":35},"end":{"line":111,"column":3}},"line":59},"2":{"name":"(anonymous_2)","decl":{"start":{"line":113,"column":12},"end":{"line":113,"column":13}},"loc":{"start":{"line":113,"column":38},"end":{"line":181,"column":3}},"line":113},"3":{"name":"(anonymous_3)","decl":{"start":{"line":184,"column":10},"end":{"line":184,"column":11}},"loc":{"start":{"line":184,"column":36},"end":{"line":194,"column":3}},"line":184},"4":{"name":"(anonymous_4)","decl":{"start":{"line":197,"column":16},"end":{"line":197,"column":17}},"loc":{"start":{"line":197,"column":42},"end":{"line":234,"column":3}},"line":197},"5":{"name":"(anonymous_5)","decl":{"start":{"line":237,"column":22},"end":{"line":237,"column":23}},"loc":{"start":{"line":237,"column":48},"end":{"line":267,"column":3}},"line":237}},"branchMap":{"0":{"loc":{"start":{"line":20,"column":4},"end":{"line":22,"column":5}},"type":"if","locations":[{"start":{"line":20,"column":4},"end":{"line":22,"column":5}},{"start":{},"end":{}}],"line":20},"1":{"loc":{"start":{"line":64,"column":6},"end":{"line":71,"column":7}},"type":"if","locations":[{"start":{"line":64,"column":6},"end":{"line":71,"column":7}},{"start":{},"end":{}}],"line":64},"2":{"loc":{"start":{"line":74,"column":6},"end":{"line":81,"column":7}},"type":"if","locations":[{"start":{"line":74,"column":6},"end":{"line":81,"column":7}},{"start":{},"end":{}}],"line":74},"3":{"loc":{"start":{"line":106,"column":6},"end":{"line":108,"column":7}},"type":"if","locations":[{"start":{"line":106,"column":6},"end":{"line":108,"column":7}},{"start":{},"end":{}}],"line":106},"4":{"loc":{"start":{"line":141,"column":6},"end":{"line":151,"column":7}},"type":"switch","locations":[{"start":{"line":142,"column":8},"end":{"line":144,"column":16}},{"start":{"line":145,"column":8},"end":{"line":147,"column":16}},{"start":{"line":148,"column":8},"end":{"line":150,"column":16}}],"line":141},"5":{"loc":{"start":{"line":176,"column":6},"end":{"line":178,"column":7}},"type":"if","locations":[{"start":{"line":176,"column":6},"end":{"line":178,"column":7}},{"start":{},"end":{}}],"line":176},"6":{"loc":{"start":{"line":189,"column":6},"end":{"line":191,"column":7}},"type":"if","locations":[{"start":{"line":189,"column":6},"end":{"line":191,"column":7}},{"start":{},"end":{}}],"line":189},"7":{"loc":{"start":{"line":202,"column":8},"end":{"line":204,"column":9}},"type":"if","locations":[{"start":{"line":202,"column":8},"end":{"line":204,"column":9}},{"start":{},"end":{}}],"line":202},"8":{"loc":{"start":{"line":214,"column":8},"end":{"line":215,"column":28}},"type":"if","locations":[{"start":{"line":214,"column":8},"end":{"line":215,"column":28}},{"start":{},"end":{}}],"line":214},"9":{"loc":{"start":{"line":214,"column":12},"end":{"line":214,"column":61}},"type":"binary-expr","locations":[{"start":{"line":214,"column":12},"end":{"line":214,"column":31}},{"start":{"line":214,"column":35},"end":{"line":214,"column":61}}],"line":214},"10":{"loc":{"start":{"line":229,"column":6},"end":{"line":232,"column":7}},"type":"if","locations":[{"start":{"line":229,"column":6},"end":{"line":232,"column":7}},{"start":{},"end":{}}],"line":229},"11":{"loc":{"start":{"line":242,"column":8},"end":{"line":242,"column":45}},"type":"if","locations":[{"start":{"line":242,"column":8},"end":{"line":242,"column":45}},{"start":{},"end":{}}],"line":242},"12":{"loc":{"start":{"line":250,"column":8},"end":{"line":250,"column":61}},"type":"if","locations":[{"start":{"line":250,"column":8},"end":{"line":250,"column":61}},{"start":{},"end":{}}],"line":250},"13":{"loc":{"start":{"line":250,"column":12},"end":{"line":250,"column":41}},"type":"binary-expr","locations":[{"start":{"line":250,"column":12},"end":{"line":250,"column":21}},{"start":{"line":250,"column":25},"end":{"line":250,"column":41}}],"line":250},"14":{"loc":{"start":{"line":262,"column":6},"end":{"line":264,"column":7}},"type":"if","locations":[{"start":{"line":262,"column":6},"end":{"line":264,"column":7}},{"start":{},"end":{}}],"line":262}},"s":{"0":14,"1":14,"2":14,"3":14,"4":14,"5":14,"6":14,"7":0,"8":0,"9":0,"10":0,"11":0,"12":0,"13":0,"14":0,"15":0,"16":0,"17":0,"18":0,"19":0,"20":0,"21":0,"22":0,"23":14,"24":4,"25":4,"26":4,"27":3,"28":1,"29":1,"30":1,"31":1,"32":3,"33":2,"34":1,"35":1,"36":1,"37":1,"38":2,"39":2,"40":3,"41":3,"42":3,"43":0,"44":0,"45":0,"46":0,"47":0,"48":0,"49":0,"50":0,"51":0,"52":0,"53":0,"54":0,"55":0,"56":0,"57":0,"58":0,"59":0,"60":0,"61":0,"62":0,"63":0,"64":0,"65":0,"66":0,"67":0,"68":0,"69":0,"70":0,"71":0,"72":0,"73":0,"74":0,"75":0,"76":0,"77":0,"78":0,"79":0,"80":0,"81":0,"82":0,"83":0,"84":0,"85":0,"86":0,"87":0,"88":0,"89":0,"90":0,"91":0,"92":0,"93":0,"94":0,"95":0,"96":0,"97":0,"98":0,"99":0,"100":0,"101":0,"102":0,"103":0,"104":0,"105":0},"f":{"0":0,"1":4,"2":0,"3":0,"4":0,"5":0},"b":{"0":[0,0],"1":[1,2],"2":[1,1],"3":[3,0],"4":[0,0,0],"5":[0,0],"6":[0,0],"7":[0,0],"8":[0,0],"9":[0,0],"10":[0,0],"11":[0,0],"12":[0,0],"13":[0,0],"14":[0,0]},"_coverageSchema":"1a1c01bbd47fc00a2c39e90264f33305004495a9","hash":"918583472c2f501242a611959c0275abb5d640af"}
,"D:\\express\\giasu_api\\controllers\\classController.js": {"path":"D:\\express\\giasu_api\\controllers\\classController.js","statementMap":{"0":{"start":{"line":1,"column":0},"end":{"line":1,"column":27}},"1":{"start":{"line":2,"column":11},"end":{"line":2,"column":37}},"2":{"start":{"line":3,"column":23},"end":{"line":3,"column":43}},"3":{"start":{"line":6,"column":4},"end":{"line":6,"column":59}},"4":{"start":{"line":9,"column":26},"end":{"line":47,"column":1}},"5":{"start":{"line":10,"column":55},"end":{"line":10,"column":63}},"6":{"start":{"line":11,"column":17},"end":{"line":13,"column":4}},"7":{"start":{"line":12,"column":4},"end":{"line":12,"column":41}},"8":{"start":{"line":14,"column":15},"end":{"line":23,"column":4}},"9":{"start":{"line":15,"column":4},"end":{"line":22,"column":5}},"10":{"start":{"line":17,"column":8},"end":{"line":17,"column":109}},"11":{"start":{"line":19,"column":8},"end":{"line":19,"column":90}},"12":{"start":{"line":21,"column":8},"end":{"line":21,"column":74}},"13":{"start":{"line":24,"column":15},"end":{"line":26,"column":4}},"14":{"start":{"line":25,"column":4},"end":{"line":25,"column":37}},"15":{"start":{"line":27,"column":16},"end":{"line":31,"column":4}},"16":{"start":{"line":32,"column":2},"end":{"line":46,"column":3}},"17":{"start":{"line":34,"column":4},"end":{"line":37,"column":6}},"18":{"start":{"line":38,"column":4},"end":{"line":40,"column":7}},"19":{"start":{"line":42,"column":4},"end":{"line":44,"column":5}},"20":{"start":{"line":43,"column":6},"end":{"line":43,"column":27}},"21":{"start":{"line":45,"column":4},"end":{"line":45,"column":14}},"22":{"start":{"line":50,"column":33},"end":{"line":65,"column":1}},"23":{"start":{"line":51,"column":17},"end":{"line":51,"column":25}},"24":{"start":{"line":52,"column":17},"end":{"line":52,"column":28}},"25":{"start":{"line":53,"column":2},"end":{"line":64,"column":3}},"26":{"start":{"line":54,"column":20},"end":{"line":54,"column":74}},"27":{"start":{"line":55,"column":4},"end":{"line":55,"column":37}},"28":{"start":{"line":56,"column":4},"end":{"line":58,"column":7}},"29":{"start":{"line":60,"column":4},"end":{"line":62,"column":5}},"30":{"start":{"line":61,"column":6},"end":{"line":61,"column":27}},"31":{"start":{"line":63,"column":4},"end":{"line":63,"column":14}},"32":{"start":{"line":68,"column":34},"end":{"line":100,"column":1}},"33":{"start":{"line":69,"column":17},"end":{"line":69,"column":25}},"34":{"start":{"line":70,"column":2},"end":{"line":99,"column":3}},"35":{"start":{"line":71,"column":19},"end":{"line":77,"column":5}},"36":{"start":{"line":78,"column":20},"end":{"line":78,"column":22}},"37":{"start":{"line":79,"column":4},"end":{"line":90,"column":5}},"38":{"start":{"line":80,"column":21},"end":{"line":80,"column":37}},"39":{"start":{"line":81,"column":19},"end":{"line":81,"column":43}},"40":{"start":{"line":82,"column":6},"end":{"line":89,"column":8}},"41":{"start":{"line":91,"column":4},"end":{"line":93,"column":7}},"42":{"start":{"line":95,"column":4},"end":{"line":97,"column":5}},"43":{"start":{"line":96,"column":6},"end":{"line":96,"column":27}},"44":{"start":{"line":98,"column":4},"end":{"line":98,"column":14}},"45":{"start":{"line":104,"column":20},"end":{"line":133,"column":1}},"46":{"start":{"line":113,"column":6},"end":{"line":113,"column":14}},"47":{"start":{"line":114,"column":2},"end":{"line":132,"column":3}},"48":{"start":{"line":115,"column":21},"end":{"line":123,"column":6}},"49":{"start":{"line":124,"column":4},"end":{"line":126,"column":7}},"50":{"start":{"line":128,"column":4},"end":{"line":130,"column":5}},"51":{"start":{"line":129,"column":6},"end":{"line":129,"column":27}},"52":{"start":{"line":131,"column":4},"end":{"line":131,"column":14}},"53":{"start":{"line":136,"column":20},"end":{"line":172,"column":1}},"54":{"start":{"line":137,"column":27},"end":{"line":137,"column":35}},"55":{"start":{"line":161,"column":2},"end":{"line":171,"column":3}},"56":{"start":{"line":162,"column":22},"end":{"line":162,"column":65}},"57":{"start":{"line":163,"column":4},"end":{"line":163,"column":53}},"58":{"start":{"line":164,"column":4},"end":{"line":164,"column":78}},"59":{"start":{"line":165,"column":4},"end":{"line":165,"column":24}},"60":{"start":{"line":167,"column":4},"end":{"line":169,"column":5}},"61":{"start":{"line":168,"column":6},"end":{"line":168,"column":27}},"62":{"start":{"line":170,"column":4},"end":{"line":170,"column":14}},"63":{"start":{"line":176,"column":35},"end":{"line":189,"column":1}},"64":{"start":{"line":177,"column":17},"end":{"line":177,"column":25}},"65":{"start":{"line":178,"column":2},"end":{"line":188,"column":3}},"66":{"start":{"line":179,"column":25},"end":{"line":179,"column":79}},"67":{"start":{"line":180,"column":4},"end":{"line":182,"column":7}},"68":{"start":{"line":184,"column":4},"end":{"line":186,"column":5}},"69":{"start":{"line":185,"column":6},"end":{"line":185,"column":27}},"70":{"start":{"line":187,"column":4},"end":{"line":187,"column":14}},"71":{"start":{"line":191,"column":0},"end":{"line":198,"column":2}}},"fnMap":{"0":{"name":"(anonymous_0)","decl":{"start":{"line":9,"column":26},"end":{"line":9,"column":27}},"loc":{"start":{"line":9,"column":52},"end":{"line":47,"column":1}},"line":9},"1":{"name":"(anonymous_1)","decl":{"start":{"line":11,"column":35},"end":{"line":11,"column":36}},"loc":{"start":{"line":11,"column":48},"end":{"line":13,"column":3}},"line":11},"2":{"name":"(anonymous_2)","decl":{"start":{"line":14,"column":31},"end":{"line":14,"column":32}},"loc":{"start":{"line":14,"column":42},"end":{"line":23,"column":3}},"line":14},"3":{"name":"(anonymous_3)","decl":{"start":{"line":24,"column":32},"end":{"line":24,"column":33}},"loc":{"start":{"line":24,"column":43},"end":{"line":26,"column":3}},"line":24},"4":{"name":"(anonymous_4)","decl":{"start":{"line":50,"column":33},"end":{"line":50,"column":34}},"loc":{"start":{"line":50,"column":59},"end":{"line":65,"column":1}},"line":50},"5":{"name":"(anonymous_5)","decl":{"start":{"line":68,"column":34},"end":{"line":68,"column":35}},"loc":{"start":{"line":68,"column":60},"end":{"line":100,"column":1}},"line":68},"6":{"name":"(anonymous_6)","decl":{"start":{"line":104,"column":20},"end":{"line":104,"column":21}},"loc":{"start":{"line":104,"column":46},"end":{"line":133,"column":1}},"line":104},"7":{"name":"(anonymous_7)","decl":{"start":{"line":136,"column":20},"end":{"line":136,"column":21}},"loc":{"start":{"line":136,"column":46},"end":{"line":172,"column":1}},"line":136},"8":{"name":"(anonymous_8)","decl":{"start":{"line":176,"column":35},"end":{"line":176,"column":36}},"loc":{"start":{"line":176,"column":61},"end":{"line":189,"column":1}},"line":176}},"branchMap":{"0":{"loc":{"start":{"line":15,"column":4},"end":{"line":22,"column":5}},"type":"switch","locations":[{"start":{"line":16,"column":6},"end":{"line":17,"column":109}},{"start":{"line":18,"column":6},"end":{"line":19,"column":90}},{"start":{"line":20,"column":6},"end":{"line":21,"column":74}}],"line":15},"1":{"loc":{"start":{"line":28,"column":4},"end":{"line":28,"column":69}},"type":"cond-expr","locations":[{"start":{"line":28,"column":26},"end":{"line":28,"column":64}},{"start":{"line":28,"column":67},"end":{"line":28,"column":69}}],"line":28},"2":{"loc":{"start":{"line":29,"column":5},"end":{"line":29,"column":66}},"type":"cond-expr","locations":[{"start":{"line":29,"column":25},"end":{"line":29,"column":61}},{"start":{"line":29,"column":64},"end":{"line":29,"column":66}}],"line":29},"3":{"loc":{"start":{"line":30,"column":4},"end":{"line":30,"column":65}},"type":"cond-expr","locations":[{"start":{"line":30,"column":24},"end":{"line":30,"column":60}},{"start":{"line":30,"column":63},"end":{"line":30,"column":65}}],"line":30},"4":{"loc":{"start":{"line":42,"column":4},"end":{"line":44,"column":5}},"type":"if","locations":[{"start":{"line":42,"column":4},"end":{"line":44,"column":5}},{"start":{},"end":{}}],"line":42},"5":{"loc":{"start":{"line":60,"column":4},"end":{"line":62,"column":5}},"type":"if","locations":[{"start":{"line":60,"column":4},"end":{"line":62,"column":5}},{"start":{},"end":{}}],"line":60},"6":{"loc":{"start":{"line":79,"column":4},"end":{"line":90,"column":5}},"type":"if","locations":[{"start":{"line":79,"column":4},"end":{"line":90,"column":5}},{"start":{},"end":{}}],"line":79},"7":{"loc":{"start":{"line":95,"column":4},"end":{"line":97,"column":5}},"type":"if","locations":[{"start":{"line":95,"column":4},"end":{"line":97,"column":5}},{"start":{},"end":{}}],"line":95},"8":{"loc":{"start":{"line":128,"column":4},"end":{"line":130,"column":5}},"type":"if","locations":[{"start":{"line":128,"column":4},"end":{"line":130,"column":5}},{"start":{},"end":{}}],"line":128},"9":{"loc":{"start":{"line":167,"column":4},"end":{"line":169,"column":5}},"type":"if","locations":[{"start":{"line":167,"column":4},"end":{"line":169,"column":5}},{"start":{},"end":{}}],"line":167},"10":{"loc":{"start":{"line":184,"column":4},"end":{"line":186,"column":5}},"type":"if","locations":[{"start":{"line":184,"column":4},"end":{"line":186,"column":5}},{"start":{},"end":{}}],"line":184}},"s":{"0":14,"1":14,"2":14,"3":14,"4":14,"5":0,"6":0,"7":0,"8":0,"9":0,"10":0,"11":0,"12":0,"13":0,"14":0,"15":0,"16":0,"17":0,"18":0,"19":0,"20":0,"21":0,"22":14,"23":0,"24":0,"25":0,"26":0,"27":0,"28":0,"29":0,"30":0,"31":0,"32":14,"33":0,"34":0,"35":0,"36":0,"37":0,"38":0,"39":0,"40":0,"41":0,"42":0,"43":0,"44":0,"45":14,"46":0,"47":0,"48":0,"49":0,"50":0,"51":0,"52":0,"53":14,"54":0,"55":0,"56":0,"57":0,"58":0,"59":0,"60":0,"61":0,"62":0,"63":14,"64":0,"65":0,"66":0,"67":0,"68":0,"69":0,"70":0,"71":14},"f":{"0":0,"1":0,"2":0,"3":0,"4":0,"5":0,"6":0,"7":0,"8":0},"b":{"0":[0,0,0],"1":[0,0],"2":[0,0],"3":[0,0],"4":[0,0],"5":[0,0],"6":[0,0],"7":[0,0],"8":[0,0],"9":[0,0],"10":[0,0]},"_coverageSchema":"1a1c01bbd47fc00a2c39e90264f33305004495a9","hash":"3165304e3e9c6335ec0fc35914f031e868cfe896"}
,"D:\\express\\giasu_api\\controllers\\comment.controller.js": {"path":"D:\\express\\giasu_api\\controllers\\comment.controller.js","statementMap":{"0":{"start":{"line":1,"column":11},"end":{"line":1,"column":37}},"1":{"start":{"line":3,"column":22},"end":{"line":16,"column":1}},"2":{"start":{"line":4,"column":1},"end":{"line":15,"column":2}},"3":{"start":{"line":5,"column":48},"end":{"line":5,"column":56}},"4":{"start":{"line":6,"column":18},"end":{"line":10,"column":4}},"5":{"start":{"line":11,"column":2},"end":{"line":11,"column":39}},"6":{"start":{"line":13,"column":2},"end":{"line":13,"column":19}},"7":{"start":{"line":14,"column":2},"end":{"line":14,"column":35}},"8":{"start":{"line":18,"column":23},"end":{"line":34,"column":1}},"9":{"start":{"line":19,"column":1},"end":{"line":33,"column":2}},"10":{"start":{"line":20,"column":22},"end":{"line":28,"column":4}},"11":{"start":{"line":29,"column":2},"end":{"line":29,"column":24}},"12":{"start":{"line":31,"column":2},"end":{"line":31,"column":19}},"13":{"start":{"line":32,"column":2},"end":{"line":32,"column":28}},"14":{"start":{"line":36,"column":22},"end":{"line":70,"column":1}},"15":{"start":{"line":37,"column":1},"end":{"line":69,"column":2}},"16":{"start":{"line":38,"column":30},"end":{"line":38,"column":38}},"17":{"start":{"line":39,"column":25},"end":{"line":39,"column":35}},"18":{"start":{"line":41,"column":2},"end":{"line":65,"column":5}},"19":{"start":{"line":48,"column":3},"end":{"line":64,"column":4}},"20":{"start":{"line":49,"column":4},"end":{"line":57,"column":6}},"21":{"start":{"line":58,"column":4},"end":{"line":61,"column":7}},"22":{"start":{"line":63,"column":4},"end":{"line":63,"column":71}},"23":{"start":{"line":67,"column":2},"end":{"line":67,"column":19}},"24":{"start":{"line":68,"column":2},"end":{"line":68,"column":35}},"25":{"start":{"line":72,"column":22},"end":{"line":96,"column":1}},"26":{"start":{"line":73,"column":1},"end":{"line":95,"column":2}},"27":{"start":{"line":74,"column":25},"end":{"line":74,"column":35}},"28":{"start":{"line":75,"column":2},"end":{"line":91,"column":5}},"29":{"start":{"line":81,"column":3},"end":{"line":90,"column":4}},"30":{"start":{"line":82,"column":4},"end":{"line":84,"column":7}},"31":{"start":{"line":85,"column":4},"end":{"line":87,"column":7}},"32":{"start":{"line":89,"column":4},"end":{"line":89,"column":71}},"33":{"start":{"line":93,"column":2},"end":{"line":93,"column":19}},"34":{"start":{"line":94,"column":2},"end":{"line":94,"column":35}},"35":{"start":{"line":98,"column":26},"end":{"line":146,"column":1}},"36":{"start":{"line":99,"column":1},"end":{"line":145,"column":2}},"37":{"start":{"line":100,"column":36},"end":{"line":100,"column":46}},"38":{"start":{"line":101,"column":22},"end":{"line":101,"column":30}},"39":{"start":{"line":102,"column":18},"end":{"line":102,"column":22}},"40":{"start":{"line":104,"column":15},"end":{"line":107,"column":4}},"41":{"start":{"line":109,"column":2},"end":{"line":141,"column":3}},"42":{"start":{"line":110,"column":3},"end":{"line":128,"column":4}},"43":{"start":{"line":111,"column":4},"end":{"line":111,"column":53}},"44":{"start":{"line":113,"column":4},"end":{"line":117,"column":7}},"45":{"start":{"line":119,"column":4},"end":{"line":122,"column":6}},"46":{"start":{"line":124,"column":4},"end":{"line":127,"column":7}},"47":{"start":{"line":130,"column":3},"end":{"line":135,"column":6}},"48":{"start":{"line":137,"column":3},"end":{"line":140,"column":6}},"49":{"start":{"line":143,"column":2},"end":{"line":143,"column":19}},"50":{"start":{"line":144,"column":2},"end":{"line":144,"column":28}},"51":{"start":{"line":148,"column":26},"end":{"line":170,"column":1}},"52":{"start":{"line":149,"column":1},"end":{"line":169,"column":2}},"53":{"start":{"line":150,"column":34},"end":{"line":150,"column":42}},"54":{"start":{"line":152,"column":15},"end":{"line":157,"column":4}},"55":{"start":{"line":159,"column":2},"end":{"line":165,"column":3}},"56":{"start":{"line":160,"column":3},"end":{"line":162,"column":6}},"57":{"start":{"line":164,"column":3},"end":{"line":164,"column":54}},"58":{"start":{"line":167,"column":2},"end":{"line":167,"column":19}},"59":{"start":{"line":168,"column":2},"end":{"line":168,"column":28}},"60":{"start":{"line":172,"column":0},"end":{"line":179,"column":2}}},"fnMap":{"0":{"name":"(anonymous_0)","decl":{"start":{"line":3,"column":22},"end":{"line":3,"column":23}},"loc":{"start":{"line":3,"column":42},"end":{"line":16,"column":1}},"line":3},"1":{"name":"(anonymous_1)","decl":{"start":{"line":18,"column":23},"end":{"line":18,"column":24}},"loc":{"start":{"line":18,"column":43},"end":{"line":34,"column":1}},"line":18},"2":{"name":"(anonymous_2)","decl":{"start":{"line":36,"column":22},"end":{"line":36,"column":23}},"loc":{"start":{"line":36,"column":42},"end":{"line":70,"column":1}},"line":36},"3":{"name":"(anonymous_3)","decl":{"start":{"line":47,"column":10},"end":{"line":47,"column":11}},"loc":{"start":{"line":47,"column":23},"end":{"line":65,"column":3}},"line":47},"4":{"name":"(anonymous_4)","decl":{"start":{"line":72,"column":22},"end":{"line":72,"column":23}},"loc":{"start":{"line":72,"column":42},"end":{"line":96,"column":1}},"line":72},"5":{"name":"(anonymous_5)","decl":{"start":{"line":80,"column":10},"end":{"line":80,"column":11}},"loc":{"start":{"line":80,"column":23},"end":{"line":91,"column":3}},"line":80},"6":{"name":"(anonymous_6)","decl":{"start":{"line":98,"column":26},"end":{"line":98,"column":27}},"loc":{"start":{"line":98,"column":46},"end":{"line":146,"column":1}},"line":98},"7":{"name":"(anonymous_7)","decl":{"start":{"line":148,"column":26},"end":{"line":148,"column":27}},"loc":{"start":{"line":148,"column":46},"end":{"line":170,"column":1}},"line":148}},"branchMap":{"0":{"loc":{"start":{"line":48,"column":3},"end":{"line":64,"column":4}},"type":"if","locations":[{"start":{"line":48,"column":3},"end":{"line":64,"column":4}},{"start":{"line":62,"column":10},"end":{"line":64,"column":4}}],"line":48},"1":{"loc":{"start":{"line":81,"column":3},"end":{"line":90,"column":4}},"type":"if","locations":[{"start":{"line":81,"column":3},"end":{"line":90,"column":4}},{"start":{"line":88,"column":10},"end":{"line":90,"column":4}}],"line":81},"2":{"loc":{"start":{"line":109,"column":2},"end":{"line":141,"column":3}},"type":"if","locations":[{"start":{"line":109,"column":2},"end":{"line":141,"column":3}},{"start":{"line":129,"column":9},"end":{"line":141,"column":3}}],"line":109},"3":{"loc":{"start":{"line":110,"column":3},"end":{"line":128,"column":4}},"type":"if","locations":[{"start":{"line":110,"column":3},"end":{"line":128,"column":4}},{"start":{"line":118,"column":10},"end":{"line":128,"column":4}}],"line":110},"4":{"loc":{"start":{"line":159,"column":2},"end":{"line":165,"column":3}},"type":"if","locations":[{"start":{"line":159,"column":2},"end":{"line":165,"column":3}},{"start":{"line":163,"column":9},"end":{"line":165,"column":3}}],"line":159}},"s":{"0":14,"1":14,"2":0,"3":0,"4":0,"5":0,"6":0,"7":0,"8":14,"9":0,"10":0,"11":0,"12":0,"13":0,"14":14,"15":0,"16":0,"17":0,"18":0,"19":0,"20":0,"21":0,"22":0,"23":0,"24":0,"25":14,"26":0,"27":0,"28":0,"29":0,"30":0,"31":0,"32":0,"33":0,"34":0,"35":14,"36":0,"37":0,"38":0,"39":0,"40":0,"41":0,"42":0,"43":0,"44":0,"45":0,"46":0,"47":0,"48":0,"49":0,"50":0,"51":14,"52":0,"53":0,"54":0,"55":0,"56":0,"57":0,"58":0,"59":0,"60":14},"f":{"0":0,"1":0,"2":0,"3":0,"4":0,"5":0,"6":0,"7":0},"b":{"0":[0,0],"1":[0,0],"2":[0,0],"3":[0,0],"4":[0,0]},"_coverageSchema":"1a1c01bbd47fc00a2c39e90264f33305004495a9","hash":"a791275d9f3ecd66ccab28f9ae2e187242edf2a0"}
,"D:\\express\\giasu_api\\controllers\\parentsController.js": {"path":"D:\\express\\giasu_api\\controllers\\parentsController.js","statementMap":{"0":{"start":{"line":1,"column":0},"end":{"line":1,"column":27}},"1":{"start":{"line":2,"column":11},"end":{"line":2,"column":37}},"2":{"start":{"line":3,"column":23},"end":{"line":3,"column":43}},"3":{"start":{"line":8,"column":21},"end":{"line":64,"column":1}},"4":{"start":{"line":26,"column":6},"end":{"line":26,"column":14}},"5":{"start":{"line":28,"column":2},"end":{"line":63,"column":3}},"6":{"start":{"line":29,"column":15},"end":{"line":31,"column":6}},"7":{"start":{"line":32,"column":4},"end":{"line":36,"column":5}},"8":{"start":{"line":33,"column":18},"end":{"line":33,"column":48}},"9":{"start":{"line":34,"column":6},"end":{"line":34,"column":27}},"10":{"start":{"line":35,"column":6},"end":{"line":35,"column":16}},"11":{"start":{"line":37,"column":4},"end":{"line":37,"column":23}},"12":{"start":{"line":38,"column":25},"end":{"line":56,"column":6}},"13":{"start":{"line":57,"column":4},"end":{"line":57,"column":75}},"14":{"start":{"line":59,"column":4},"end":{"line":61,"column":5}},"15":{"start":{"line":60,"column":6},"end":{"line":60,"column":27}},"16":{"start":{"line":62,"column":4},"end":{"line":62,"column":14}},"17":{"start":{"line":68,"column":26},"end":{"line":80,"column":1}},"18":{"start":{"line":69,"column":2},"end":{"line":79,"column":3}},"19":{"start":{"line":70,"column":20},"end":{"line":70,"column":53}},"20":{"start":{"line":71,"column":4},"end":{"line":73,"column":7}},"21":{"start":{"line":75,"column":4},"end":{"line":77,"column":5}},"22":{"start":{"line":76,"column":6},"end":{"line":76,"column":27}},"23":{"start":{"line":78,"column":4},"end":{"line":78,"column":14}},"24":{"start":{"line":84,"column":35},"end":{"line":103,"column":1}},"25":{"start":{"line":85,"column":23},"end":{"line":85,"column":31}},"26":{"start":{"line":86,"column":2},"end":{"line":102,"column":3}},"27":{"start":{"line":87,"column":20},"end":{"line":93,"column":5}},"28":{"start":{"line":94,"column":4},"end":{"line":96,"column":7}},"29":{"start":{"line":98,"column":4},"end":{"line":100,"column":5}},"30":{"start":{"line":99,"column":6},"end":{"line":99,"column":27}},"31":{"start":{"line":101,"column":4},"end":{"line":101,"column":14}},"32":{"start":{"line":108,"column":22},"end":{"line":121,"column":1}},"33":{"start":{"line":109,"column":17},"end":{"line":109,"column":25}},"34":{"start":{"line":110,"column":2},"end":{"line":120,"column":3}},"35":{"start":{"line":111,"column":20},"end":{"line":111,"column":72}},"36":{"start":{"line":112,"column":4},"end":{"line":114,"column":7}},"37":{"start":{"line":116,"column":4},"end":{"line":118,"column":5}},"38":{"start":{"line":117,"column":6},"end":{"line":117,"column":27}},"39":{"start":{"line":119,"column":4},"end":{"line":119,"column":14}},"40":{"start":{"line":123,"column":0},"end":{"line":128,"column":2}}},"fnMap":{"0":{"name":"(anonymous_0)","decl":{"start":{"line":8,"column":21},"end":{"line":8,"column":22}},"loc":{"start":{"line":8,"column":47},"end":{"line":64,"column":1}},"line":8},"1":{"name":"(anonymous_1)","decl":{"start":{"line":68,"column":26},"end":{"line":68,"column":27}},"loc":{"start":{"line":68,"column":52},"end":{"line":80,"column":1}},"line":68},"2":{"name":"(anonymous_2)","decl":{"start":{"line":84,"column":35},"end":{"line":84,"column":36}},"loc":{"start":{"line":84,"column":61},"end":{"line":103,"column":1}},"line":84},"3":{"name":"(anonymous_3)","decl":{"start":{"line":108,"column":22},"end":{"line":108,"column":23}},"loc":{"start":{"line":108,"column":48},"end":{"line":121,"column":1}},"line":108}},"branchMap":{"0":{"loc":{"start":{"line":32,"column":4},"end":{"line":36,"column":5}},"type":"if","locations":[{"start":{"line":32,"column":4},"end":{"line":36,"column":5}},{"start":{},"end":{}}],"line":32},"1":{"loc":{"start":{"line":59,"column":4},"end":{"line":61,"column":5}},"type":"if","locations":[{"start":{"line":59,"column":4},"end":{"line":61,"column":5}},{"start":{},"end":{}}],"line":59},"2":{"loc":{"start":{"line":75,"column":4},"end":{"line":77,"column":5}},"type":"if","locations":[{"start":{"line":75,"column":4},"end":{"line":77,"column":5}},{"start":{},"end":{}}],"line":75},"3":{"loc":{"start":{"line":98,"column":4},"end":{"line":100,"column":5}},"type":"if","locations":[{"start":{"line":98,"column":4},"end":{"line":100,"column":5}},{"start":{},"end":{}}],"line":98},"4":{"loc":{"start":{"line":116,"column":4},"end":{"line":118,"column":5}},"type":"if","locations":[{"start":{"line":116,"column":4},"end":{"line":118,"column":5}},{"start":{},"end":{}}],"line":116}},"s":{"0":14,"1":14,"2":14,"3":14,"4":3,"5":3,"6":3,"7":3,"8":1,"9":1,"10":1,"11":2,"12":2,"13":1,"14":2,"15":1,"16":2,"17":14,"18":2,"19":2,"20":1,"21":1,"22":1,"23":1,"24":14,"25":2,"26":2,"27":2,"28":1,"29":1,"30":1,"31":1,"32":14,"33":2,"34":2,"35":2,"36":1,"37":1,"38":1,"39":1,"40":14},"f":{"0":3,"1":2,"2":2,"3":2},"b":{"0":[1,2],"1":[1,1],"2":[1,0],"3":[1,0],"4":[1,0]},"_coverageSchema":"1a1c01bbd47fc00a2c39e90264f33305004495a9","hash":"5912068903e2a58a591bcd0036d7c354bc987031"}
,"D:\\express\\giasu_api\\controllers\\post.controller.js": {"path":"D:\\express\\giasu_api\\controllers\\post.controller.js","statementMap":{"0":{"start":{"line":1,"column":11},"end":{"line":1,"column":37}},"1":{"start":{"line":3,"column":19},"end":{"line":17,"column":1}},"2":{"start":{"line":4,"column":47},"end":{"line":4,"column":55}},"3":{"start":{"line":6,"column":1},"end":{"line":16,"column":2}},"4":{"start":{"line":7,"column":15},"end":{"line":11,"column":4}},"5":{"start":{"line":12,"column":2},"end":{"line":12,"column":36}},"6":{"start":{"line":14,"column":2},"end":{"line":14,"column":19}},"7":{"start":{"line":15,"column":2},"end":{"line":15,"column":35}},"8":{"start":{"line":19,"column":19},"end":{"line":44,"column":1}},"9":{"start":{"line":20,"column":26},"end":{"line":20,"column":34}},"10":{"start":{"line":21,"column":21},"end":{"line":21,"column":31}},"11":{"start":{"line":23,"column":1},"end":{"line":43,"column":2}},"12":{"start":{"line":24,"column":2},"end":{"line":39,"column":5}},"13":{"start":{"line":30,"column":3},"end":{"line":38,"column":4}},"14":{"start":{"line":31,"column":4},"end":{"line":31,"column":75}},"15":{"start":{"line":32,"column":4},"end":{"line":35,"column":7}},"16":{"start":{"line":37,"column":4},"end":{"line":37,"column":68}},"17":{"start":{"line":41,"column":2},"end":{"line":41,"column":19}},"18":{"start":{"line":42,"column":2},"end":{"line":42,"column":35}},"19":{"start":{"line":46,"column":19},"end":{"line":73,"column":1}},"20":{"start":{"line":47,"column":21},"end":{"line":47,"column":31}},"21":{"start":{"line":49,"column":1},"end":{"line":72,"column":2}},"22":{"start":{"line":50,"column":2},"end":{"line":68,"column":5}},"23":{"start":{"line":57,"column":3},"end":{"line":67,"column":4}},"24":{"start":{"line":58,"column":4},"end":{"line":60,"column":7}},"25":{"start":{"line":62,"column":4},"end":{"line":64,"column":7}},"26":{"start":{"line":66,"column":4},"end":{"line":66,"column":68}},"27":{"start":{"line":70,"column":2},"end":{"line":70,"column":19}},"28":{"start":{"line":71,"column":2},"end":{"line":71,"column":35}},"29":{"start":{"line":75,"column":20},"end":{"line":96,"column":1}},"30":{"start":{"line":76,"column":1},"end":{"line":95,"column":2}},"31":{"start":{"line":77,"column":19},"end":{"line":86,"column":4}},"32":{"start":{"line":88,"column":2},"end":{"line":92,"column":3}},"33":{"start":{"line":89,"column":3},"end":{"line":89,"column":34}},"34":{"start":{"line":91,"column":3},"end":{"line":91,"column":54}},"35":{"start":{"line":94,"column":2},"end":{"line":94,"column":28}},"36":{"start":{"line":98,"column":20},"end":{"line":185,"column":1}},"37":{"start":{"line":99,"column":1},"end":{"line":184,"column":2}},"38":{"start":{"line":100,"column":22},"end":{"line":100,"column":32}},"39":{"start":{"line":102,"column":19},"end":{"line":134,"column":4}},"40":{"start":{"line":136,"column":2},"end":{"line":138,"column":3}},"41":{"start":{"line":137,"column":3},"end":{"line":137,"column":74}},"42":{"start":{"line":140,"column":22},"end":{"line":175,"column":4}},"43":{"start":{"line":177,"column":2},"end":{"line":180,"column":5}},"44":{"start":{"line":182,"column":2},"end":{"line":182,"column":19}},"45":{"start":{"line":183,"column":2},"end":{"line":183,"column":28}},"46":{"start":{"line":193,"column":25},"end":{"line":235,"column":1}},"47":{"start":{"line":194,"column":1},"end":{"line":234,"column":2}},"48":{"start":{"line":195,"column":19},"end":{"line":227,"column":4}},"49":{"start":{"line":229,"column":2},"end":{"line":231,"column":3}},"50":{"start":{"line":230,"column":3},"end":{"line":230,"column":74}},"51":{"start":{"line":233,"column":2},"end":{"line":233,"column":21}},"52":{"start":{"line":237,"column":23},"end":{"line":285,"column":1}},"53":{"start":{"line":238,"column":1},"end":{"line":284,"column":2}},"54":{"start":{"line":239,"column":33},"end":{"line":239,"column":43}},"55":{"start":{"line":240,"column":22},"end":{"line":240,"column":30}},"56":{"start":{"line":241,"column":21},"end":{"line":241,"column":25}},"57":{"start":{"line":243,"column":15},"end":{"line":250,"column":4}},"58":{"start":{"line":252,"column":2},"end":{"line":280,"column":3}},"59":{"start":{"line":253,"column":3},"end":{"line":267,"column":4}},"60":{"start":{"line":254,"column":4},"end":{"line":254,"column":50}},"61":{"start":{"line":256,"column":4},"end":{"line":259,"column":7}},"62":{"start":{"line":261,"column":4},"end":{"line":261,"column":75}},"63":{"start":{"line":263,"column":4},"end":{"line":266,"column":7}},"64":{"start":{"line":269,"column":3},"end":{"line":274,"column":6}},"65":{"start":{"line":276,"column":3},"end":{"line":279,"column":6}},"66":{"start":{"line":282,"column":2},"end":{"line":282,"column":19}},"67":{"start":{"line":283,"column":2},"end":{"line":283,"column":28}},"68":{"start":{"line":287,"column":20},"end":{"line":309,"column":1}},"69":{"start":{"line":288,"column":1},"end":{"line":308,"column":2}},"70":{"start":{"line":289,"column":22},"end":{"line":289,"column":32}},"71":{"start":{"line":291,"column":2},"end":{"line":304,"column":5}},"72":{"start":{"line":299,"column":3},"end":{"line":303,"column":4}},"73":{"start":{"line":300,"column":4},"end":{"line":300,"column":37}},"74":{"start":{"line":302,"column":4},"end":{"line":302,"column":70}},"75":{"start":{"line":306,"column":2},"end":{"line":306,"column":19}},"76":{"start":{"line":307,"column":2},"end":{"line":307,"column":28}},"77":{"start":{"line":311,"column":23},"end":{"line":339,"column":1}},"78":{"start":{"line":312,"column":1},"end":{"line":338,"column":2}},"79":{"start":{"line":313,"column":31},"end":{"line":313,"column":39}},"80":{"start":{"line":315,"column":15},"end":{"line":321,"column":4}},"81":{"start":{"line":323,"column":2},"end":{"line":334,"column":3}},"82":{"start":{"line":324,"column":3},"end":{"line":326,"column":6}},"83":{"start":{"line":328,"column":3},"end":{"line":331,"column":6}},"84":{"start":{"line":333,"column":3},"end":{"line":333,"column":54}},"85":{"start":{"line":336,"column":2},"end":{"line":336,"column":19}},"86":{"start":{"line":337,"column":2},"end":{"line":337,"column":28}},"87":{"start":{"line":341,"column":0},"end":{"line":351,"column":2}}},"fnMap":{"0":{"name":"(anonymous_0)","decl":{"start":{"line":3,"column":19},"end":{"line":3,"column":20}},"loc":{"start":{"line":3,"column":39},"end":{"line":17,"column":1}},"line":3},"1":{"name":"(anonymous_1)","decl":{"start":{"line":19,"column":19},"end":{"line":19,"column":20}},"loc":{"start":{"line":19,"column":39},"end":{"line":44,"column":1}},"line":19},"2":{"name":"(anonymous_2)","decl":{"start":{"line":29,"column":10},"end":{"line":29,"column":11}},"loc":{"start":{"line":29,"column":20},"end":{"line":39,"column":3}},"line":29},"3":{"name":"(anonymous_3)","decl":{"start":{"line":46,"column":19},"end":{"line":46,"column":20}},"loc":{"start":{"line":46,"column":39},"end":{"line":73,"column":1}},"line":46},"4":{"name":"(anonymous_4)","decl":{"start":{"line":56,"column":10},"end":{"line":56,"column":11}},"loc":{"start":{"line":56,"column":20},"end":{"line":68,"column":3}},"line":56},"5":{"name":"(anonymous_5)","decl":{"start":{"line":75,"column":20},"end":{"line":75,"column":21}},"loc":{"start":{"line":75,"column":40},"end":{"line":96,"column":1}},"line":75},"6":{"name":"(anonymous_6)","decl":{"start":{"line":98,"column":20},"end":{"line":98,"column":21}},"loc":{"start":{"line":98,"column":40},"end":{"line":185,"column":1}},"line":98},"7":{"name":"(anonymous_7)","decl":{"start":{"line":193,"column":25},"end":{"line":193,"column":26}},"loc":{"start":{"line":193,"column":45},"end":{"line":235,"column":1}},"line":193},"8":{"name":"(anonymous_8)","decl":{"start":{"line":237,"column":23},"end":{"line":237,"column":24}},"loc":{"start":{"line":237,"column":43},"end":{"line":285,"column":1}},"line":237},"9":{"name":"(anonymous_9)","decl":{"start":{"line":287,"column":20},"end":{"line":287,"column":21}},"loc":{"start":{"line":287,"column":40},"end":{"line":309,"column":1}},"line":287},"10":{"name":"(anonymous_10)","decl":{"start":{"line":298,"column":10},"end":{"line":298,"column":11}},"loc":{"start":{"line":298,"column":20},"end":{"line":304,"column":3}},"line":298},"11":{"name":"(anonymous_11)","decl":{"start":{"line":311,"column":23},"end":{"line":311,"column":24}},"loc":{"start":{"line":311,"column":43},"end":{"line":339,"column":1}},"line":311}},"branchMap":{"0":{"loc":{"start":{"line":30,"column":3},"end":{"line":38,"column":4}},"type":"if","locations":[{"start":{"line":30,"column":3},"end":{"line":38,"column":4}},{"start":{"line":36,"column":10},"end":{"line":38,"column":4}}],"line":30},"1":{"loc":{"start":{"line":57,"column":3},"end":{"line":67,"column":4}},"type":"if","locations":[{"start":{"line":57,"column":3},"end":{"line":67,"column":4}},{"start":{"line":65,"column":10},"end":{"line":67,"column":4}}],"line":57},"2":{"loc":{"start":{"line":88,"column":2},"end":{"line":92,"column":3}},"type":"if","locations":[{"start":{"line":88,"column":2},"end":{"line":92,"column":3}},{"start":{"line":90,"column":9},"end":{"line":92,"column":3}}],"line":88},"3":{"loc":{"start":{"line":136,"column":2},"end":{"line":138,"column":3}},"type":"if","locations":[{"start":{"line":136,"column":2},"end":{"line":138,"column":3}},{"start":{},"end":{}}],"line":136},"4":{"loc":{"start":{"line":229,"column":2},"end":{"line":231,"column":3}},"type":"if","locations":[{"start":{"line":229,"column":2},"end":{"line":231,"column":3}},{"start":{},"end":{}}],"line":229},"5":{"loc":{"start":{"line":252,"column":2},"end":{"line":280,"column":3}},"type":"if","locations":[{"start":{"line":252,"column":2},"end":{"line":280,"column":3}},{"start":{"line":268,"column":9},"end":{"line":280,"column":3}}],"line":252},"6":{"loc":{"start":{"line":253,"column":3},"end":{"line":267,"column":4}},"type":"if","locations":[{"start":{"line":253,"column":3},"end":{"line":267,"column":4}},{"start":{"line":260,"column":10},"end":{"line":267,"column":4}}],"line":253},"7":{"loc":{"start":{"line":299,"column":3},"end":{"line":303,"column":4}},"type":"if","locations":[{"start":{"line":299,"column":3},"end":{"line":303,"column":4}},{"start":{"line":301,"column":10},"end":{"line":303,"column":4}}],"line":299},"8":{"loc":{"start":{"line":323,"column":2},"end":{"line":334,"column":3}},"type":"if","locations":[{"start":{"line":323,"column":2},"end":{"line":334,"column":3}},{"start":{"line":332,"column":9},"end":{"line":334,"column":3}}],"line":323}},"s":{"0":14,"1":14,"2":0,"3":0,"4":0,"5":0,"6":0,"7":0,"8":14,"9":0,"10":0,"11":0,"12":0,"13":0,"14":0,"15":0,"16":0,"17":0,"18":0,"19":14,"20":0,"21":0,"22":0,"23":0,"24":0,"25":0,"26":0,"27":0,"28":0,"29":14,"30":0,"31":0,"32":0,"33":0,"34":0,"35":0,"36":14,"37":0,"38":0,"39":0,"40":0,"41":0,"42":0,"43":0,"44":0,"45":0,"46":14,"47":0,"48":0,"49":0,"50":0,"51":0,"52":14,"53":0,"54":0,"55":0,"56":0,"57":0,"58":0,"59":0,"60":0,"61":0,"62":0,"63":0,"64":0,"65":0,"66":0,"67":0,"68":14,"69":0,"70":0,"71":0,"72":0,"73":0,"74":0,"75":0,"76":0,"77":14,"78":0,"79":0,"80":0,"81":0,"82":0,"83":0,"84":0,"85":0,"86":0,"87":14},"f":{"0":0,"1":0,"2":0,"3":0,"4":0,"5":0,"6":0,"7":0,"8":0,"9":0,"10":0,"11":0},"b":{"0":[0,0],"1":[0,0],"2":[0,0],"3":[0,0],"4":[0,0],"5":[0,0],"6":[0,0],"7":[0,0],"8":[0,0]},"_coverageSchema":"1a1c01bbd47fc00a2c39e90264f33305004495a9","hash":"6ad9bb941aba388322807c38e308bbf5c86087e7"}
,"D:\\express\\giasu_api\\controllers\\tutorController.js": {"path":"D:\\express\\giasu_api\\controllers\\tutorController.js","statementMap":{"0":{"start":{"line":3,"column":0},"end":{"line":3,"column":27}},"1":{"start":{"line":4,"column":11},"end":{"line":4,"column":37}},"2":{"start":{"line":5,"column":22},"end":{"line":5,"column":42}},"3":{"start":{"line":6,"column":23},"end":{"line":6,"column":43}},"4":{"start":{"line":7,"column":11},"end":{"line":7,"column":23}},"5":{"start":{"line":8,"column":21},"end":{"line":8,"column":55}},"6":{"start":{"line":12,"column":23},"end":{"line":81,"column":1}},"7":{"start":{"line":13,"column":23},"end":{"line":24,"column":3}},"8":{"start":{"line":25,"column":19},"end":{"line":25,"column":21}},"9":{"start":{"line":26,"column":2},"end":{"line":30,"column":3}},"10":{"start":{"line":27,"column":4},"end":{"line":29,"column":5}},"11":{"start":{"line":28,"column":6},"end":{"line":28,"column":38}},"12":{"start":{"line":32,"column":2},"end":{"line":57,"column":3}},"13":{"start":{"line":33,"column":23},"end":{"line":33,"column":25}},"14":{"start":{"line":34,"column":4},"end":{"line":55,"column":5}},"15":{"start":{"line":35,"column":6},"end":{"line":54,"column":7}},"16":{"start":{"line":36,"column":8},"end":{"line":53,"column":9}},"17":{"start":{"line":37,"column":10},"end":{"line":52,"column":11}},"18":{"start":{"line":38,"column":22},"end":{"line":40,"column":14}},"19":{"start":{"line":41,"column":12},"end":{"line":45,"column":13}},"20":{"start":{"line":42,"column":26},"end":{"line":42,"column":56}},"21":{"start":{"line":43,"column":14},"end":{"line":43,"column":35}},"22":{"start":{"line":44,"column":14},"end":{"line":44,"column":24}},"23":{"start":{"line":46,"column":12},"end":{"line":46,"column":34}},"24":{"start":{"line":48,"column":12},"end":{"line":50,"column":13}},"25":{"start":{"line":49,"column":14},"end":{"line":49,"column":35}},"26":{"start":{"line":51,"column":12},"end":{"line":51,"column":22}},"27":{"start":{"line":56,"column":4},"end":{"line":56,"column":49}},"28":{"start":{"line":58,"column":2},"end":{"line":80,"column":3}},"29":{"start":{"line":59,"column":17},"end":{"line":59,"column":58}},"30":{"start":{"line":60,"column":18},"end":{"line":62,"column":6}},"31":{"start":{"line":63,"column":4},"end":{"line":63,"column":35}},"32":{"start":{"line":65,"column":4},"end":{"line":74,"column":7}},"33":{"start":{"line":76,"column":4},"end":{"line":78,"column":5}},"34":{"start":{"line":77,"column":6},"end":{"line":77,"column":27}},"35":{"start":{"line":79,"column":4},"end":{"line":79,"column":14}},"36":{"start":{"line":85,"column":17},"end":{"line":106,"column":1}},"37":{"start":{"line":86,"column":21},"end":{"line":86,"column":29}},"38":{"start":{"line":87,"column":2},"end":{"line":105,"column":3}},"39":{"start":{"line":88,"column":17},"end":{"line":88,"column":47}},"40":{"start":{"line":89,"column":18},"end":{"line":89,"column":71}},"41":{"start":{"line":90,"column":4},"end":{"line":99,"column":7}},"42":{"start":{"line":101,"column":4},"end":{"line":103,"column":5}},"43":{"start":{"line":102,"column":6},"end":{"line":102,"column":27}},"44":{"start":{"line":104,"column":4},"end":{"line":104,"column":14}},"45":{"start":{"line":110,"column":28},"end":{"line":134,"column":1}},"46":{"start":{"line":111,"column":14},"end":{"line":111,"column":26}},"47":{"start":{"line":113,"column":21},"end":{"line":115,"column":4}},"48":{"start":{"line":114,"column":4},"end":{"line":114,"column":22}},"49":{"start":{"line":119,"column":2},"end":{"line":133,"column":3}},"50":{"start":{"line":120,"column":20},"end":{"line":124,"column":6}},"51":{"start":{"line":125,"column":4},"end":{"line":127,"column":7}},"52":{"start":{"line":129,"column":4},"end":{"line":131,"column":5}},"53":{"start":{"line":130,"column":6},"end":{"line":130,"column":27}},"54":{"start":{"line":132,"column":4},"end":{"line":132,"column":14}},"55":{"start":{"line":138,"column":27},"end":{"line":165,"column":1}},"56":{"start":{"line":139,"column":2},"end":{"line":164,"column":3}},"57":{"start":{"line":140,"column":19},"end":{"line":143,"column":5}},"58":{"start":{"line":144,"column":22},"end":{"line":144,"column":24}},"59":{"start":{"line":145,"column":4},"end":{"line":155,"column":5}},"60":{"start":{"line":146,"column":19},"end":{"line":146,"column":73}},"61":{"start":{"line":147,"column":6},"end":{"line":154,"column":9}},"62":{"start":{"line":156,"column":4},"end":{"line":158,"column":7}},"63":{"start":{"line":160,"column":4},"end":{"line":162,"column":5}},"64":{"start":{"line":161,"column":6},"end":{"line":161,"column":27}},"65":{"start":{"line":163,"column":4},"end":{"line":163,"column":14}},"66":{"start":{"line":169,"column":19},"end":{"line":216,"column":1}},"67":{"start":{"line":170,"column":31},"end":{"line":170,"column":39}},"68":{"start":{"line":171,"column":2},"end":{"line":215,"column":3}},"69":{"start":{"line":172,"column":18},"end":{"line":172,"column":45}},"70":{"start":{"line":173,"column":25},"end":{"line":175,"column":6}},"71":{"start":{"line":176,"column":4},"end":{"line":209,"column":5}},"72":{"start":{"line":180,"column":30},"end":{"line":180,"column":31}},"73":{"start":{"line":181,"column":6},"end":{"line":185,"column":9}},"74":{"start":{"line":182,"column":8},"end":{"line":184,"column":9}},"75":{"start":{"line":183,"column":10},"end":{"line":183,"column":30}},"76":{"start":{"line":186,"column":6},"end":{"line":202,"column":7}},"77":{"start":{"line":187,"column":29},"end":{"line":190,"column":10}},"78":{"start":{"line":192,"column":8},"end":{"line":195,"column":11}},"79":{"start":{"line":197,"column":8},"end":{"line":201,"column":11}},"80":{"start":{"line":204,"column":6},"end":{"line":208,"column":9}},"81":{"start":{"line":211,"column":4},"end":{"line":213,"column":5}},"82":{"start":{"line":212,"column":6},"end":{"line":212,"column":27}},"83":{"start":{"line":214,"column":4},"end":{"line":214,"column":14}},"84":{"start":{"line":220,"column":21},"end":{"line":244,"column":1}},"85":{"start":{"line":221,"column":31},"end":{"line":221,"column":39}},"86":{"start":{"line":222,"column":2},"end":{"line":243,"column":3}},"87":{"start":{"line":223,"column":18},"end":{"line":228,"column":6}},"88":{"start":{"line":229,"column":4},"end":{"line":237,"column":5}},"89":{"start":{"line":230,"column":6},"end":{"line":232,"column":9}},"90":{"start":{"line":234,"column":6},"end":{"line":236,"column":9}},"91":{"start":{"line":239,"column":4},"end":{"line":241,"column":5}},"92":{"start":{"line":240,"column":6},"end":{"line":240,"column":27}},"93":{"start":{"line":242,"column":4},"end":{"line":242,"column":14}},"94":{"start":{"line":246,"column":0},"end":{"line":253,"column":2}}},"fnMap":{"0":{"name":"(anonymous_0)","decl":{"start":{"line":12,"column":23},"end":{"line":12,"column":24}},"loc":{"start":{"line":12,"column":49},"end":{"line":81,"column":1}},"line":12},"1":{"name":"(anonymous_1)","decl":{"start":{"line":85,"column":17},"end":{"line":85,"column":18}},"loc":{"start":{"line":85,"column":43},"end":{"line":106,"column":1}},"line":85},"2":{"name":"(anonymous_2)","decl":{"start":{"line":110,"column":28},"end":{"line":110,"column":29}},"loc":{"start":{"line":110,"column":54},"end":{"line":134,"column":1}},"line":110},"3":{"name":"(anonymous_3)","decl":{"start":{"line":113,"column":40},"end":{"line":113,"column":41}},"loc":{"start":{"line":113,"column":48},"end":{"line":115,"column":3}},"line":113},"4":{"name":"(anonymous_4)","decl":{"start":{"line":138,"column":27},"end":{"line":138,"column":28}},"loc":{"start":{"line":138,"column":53},"end":{"line":165,"column":1}},"line":138},"5":{"name":"(anonymous_5)","decl":{"start":{"line":169,"column":19},"end":{"line":169,"column":20}},"loc":{"start":{"line":169,"column":45},"end":{"line":216,"column":1}},"line":169},"6":{"name":"(anonymous_6)","decl":{"start":{"line":181,"column":40},"end":{"line":181,"column":41}},"loc":{"start":{"line":181,"column":53},"end":{"line":185,"column":7}},"line":181},"7":{"name":"(anonymous_7)","decl":{"start":{"line":220,"column":21},"end":{"line":220,"column":22}},"loc":{"start":{"line":220,"column":47},"end":{"line":244,"column":1}},"line":220}},"branchMap":{"0":{"loc":{"start":{"line":27,"column":4},"end":{"line":29,"column":5}},"type":"if","locations":[{"start":{"line":27,"column":4},"end":{"line":29,"column":5}},{"start":{},"end":{}}],"line":27},"1":{"loc":{"start":{"line":32,"column":2},"end":{"line":57,"column":3}},"type":"if","locations":[{"start":{"line":32,"column":2},"end":{"line":57,"column":3}},{"start":{},"end":{}}],"line":32},"2":{"loc":{"start":{"line":35,"column":6},"end":{"line":54,"column":7}},"type":"if","locations":[{"start":{"line":35,"column":6},"end":{"line":54,"column":7}},{"start":{},"end":{}}],"line":35},"3":{"loc":{"start":{"line":41,"column":12},"end":{"line":45,"column":13}},"type":"if","locations":[{"start":{"line":41,"column":12},"end":{"line":45,"column":13}},{"start":{},"end":{}}],"line":41},"4":{"loc":{"start":{"line":48,"column":12},"end":{"line":50,"column":13}},"type":"if","locations":[{"start":{"line":48,"column":12},"end":{"line":50,"column":13}},{"start":{},"end":{}}],"line":48},"5":{"loc":{"start":{"line":76,"column":4},"end":{"line":78,"column":5}},"type":"if","locations":[{"start":{"line":76,"column":4},"end":{"line":78,"column":5}},{"start":{},"end":{}}],"line":76},"6":{"loc":{"start":{"line":101,"column":4},"end":{"line":103,"column":5}},"type":"if","locations":[{"start":{"line":101,"column":4},"end":{"line":103,"column":5}},{"start":{},"end":{}}],"line":101},"7":{"loc":{"start":{"line":129,"column":4},"end":{"line":131,"column":5}},"type":"if","locations":[{"start":{"line":129,"column":4},"end":{"line":131,"column":5}},{"start":{},"end":{}}],"line":129},"8":{"loc":{"start":{"line":160,"column":4},"end":{"line":162,"column":5}},"type":"if","locations":[{"start":{"line":160,"column":4},"end":{"line":162,"column":5}},{"start":{},"end":{}}],"line":160},"9":{"loc":{"start":{"line":176,"column":4},"end":{"line":209,"column":5}},"type":"if","locations":[{"start":{"line":176,"column":4},"end":{"line":209,"column":5}},{"start":{"line":203,"column":11},"end":{"line":209,"column":5}}],"line":176},"10":{"loc":{"start":{"line":177,"column":6},"end":{"line":178,"column":67}},"type":"binary-expr","locations":[{"start":{"line":177,"column":6},"end":{"line":177,"column":49}},{"start":{"line":178,"column":6},"end":{"line":178,"column":67}}],"line":177},"11":{"loc":{"start":{"line":182,"column":8},"end":{"line":184,"column":9}},"type":"if","locations":[{"start":{"line":182,"column":8},"end":{"line":184,"column":9}},{"start":{},"end":{}}],"line":182},"12":{"loc":{"start":{"line":186,"column":6},"end":{"line":202,"column":7}},"type":"if","locations":[{"start":{"line":186,"column":6},"end":{"line":202,"column":7}},{"start":{"line":196,"column":13},"end":{"line":202,"column":7}}],"line":186},"13":{"loc":{"start":{"line":211,"column":4},"end":{"line":213,"column":5}},"type":"if","locations":[{"start":{"line":211,"column":4},"end":{"line":213,"column":5}},{"start":{},"end":{}}],"line":211},"14":{"loc":{"start":{"line":229,"column":4},"end":{"line":237,"column":5}},"type":"if","locations":[{"start":{"line":229,"column":4},"end":{"line":237,"column":5}},{"start":{"line":233,"column":11},"end":{"line":237,"column":5}}],"line":229},"15":{"loc":{"start":{"line":239,"column":4},"end":{"line":241,"column":5}},"type":"if","locations":[{"start":{"line":239,"column":4},"end":{"line":241,"column":5}},{"start":{},"end":{}}],"line":239}},"s":{"0":14,"1":14,"2":14,"3":14,"4":14,"5":14,"6":14,"7":4,"8":4,"9":4,"10":9,"11":9,"12":4,"13":3,"14":3,"15":3,"16":2,"17":2,"18":2,"19":2,"20":1,"21":1,"22":1,"23":1,"24":1,"25":0,"26":1,"27":3,"28":4,"29":4,"30":3,"31":3,"32":3,"33":3,"34":3,"35":3,"36":14,"37":2,"38":2,"39":2,"40":1,"41":1,"42":1,"43":1,"44":1,"45":14,"46":2,"47":2,"48":8,"49":2,"50":2,"51":1,"52":1,"53":1,"54":1,"55":14,"56":2,"57":2,"58":2,"59":2,"60":2,"61":2,"62":1,"63":1,"64":1,"65":1,"66":14,"67":5,"68":5,"69":5,"70":5,"71":4,"72":0,"73":0,"74":0,"75":0,"76":0,"77":0,"78":0,"79":0,"80":4,"81":1,"82":1,"83":1,"84":14,"85":3,"86":3,"87":3,"88":2,"89":1,"90":1,"91":1,"92":1,"93":1,"94":14},"f":{"0":4,"1":2,"2":2,"3":8,"4":2,"5":5,"6":0,"7":3},"b":{"0":[9,0],"1":[3,1],"2":[2,1],"3":[1,1],"4":[0,1],"5":[3,0],"6":[1,0],"7":[1,0],"8":[1,0],"9":[0,4],"10":[4,3],"11":[0,0],"12":[0,0],"13":[1,0],"14":[1,1],"15":[1,0]},"_coverageSchema":"1a1c01bbd47fc00a2c39e90264f33305004495a9","hash":"6a713a7e2518d75673b51f24e482f63ce4448ca3"}
,"D:\\express\\giasu_api\\controllers\\uploadController.js": {"path":"D:\\express\\giasu_api\\controllers\\uploadController.js","statementMap":{"0":{"start":{"line":1,"column":0},"end":{"line":1,"column":27}},"1":{"start":{"line":2,"column":16},"end":{"line":2,"column":34}},"2":{"start":{"line":3,"column":19},"end":{"line":3,"column":43}},"3":{"start":{"line":4,"column":11},"end":{"line":4,"column":37}},"4":{"start":{"line":6,"column":15},"end":{"line":6,"column":32}},"5":{"start":{"line":8,"column":0},"end":{"line":12,"column":3}},"6":{"start":{"line":15,"column":16},"end":{"line":18,"column":6}},"7":{"start":{"line":19,"column":4},"end":{"line":19,"column":15}},"8":{"start":{"line":22,"column":20},"end":{"line":39,"column":1}},"9":{"start":{"line":23,"column":4},"end":{"line":38,"column":5}},"10":{"start":{"line":24,"column":20},"end":{"line":24,"column":67}},"11":{"start":{"line":25,"column":22},"end":{"line":25,"column":68}},"12":{"start":{"line":26,"column":23},"end":{"line":26,"column":67}},"13":{"start":{"line":27,"column":23},"end":{"line":27,"column":46}},"14":{"start":{"line":28,"column":22},"end":{"line":28,"column":71}},"15":{"start":{"line":29,"column":8},"end":{"line":29,"column":42}},"16":{"start":{"line":30,"column":8},"end":{"line":32,"column":11}},"17":{"start":{"line":34,"column":8},"end":{"line":34,"column":27}},"18":{"start":{"line":35,"column":8},"end":{"line":37,"column":11}},"19":{"start":{"line":41,"column":0},"end":{"line":41,"column":32}}},"fnMap":{"0":{"name":"handleUpload","decl":{"start":{"line":14,"column":15},"end":{"line":14,"column":27}},"loc":{"start":{"line":14,"column":38},"end":{"line":20,"column":1}},"line":14},"1":{"name":"(anonymous_1)","decl":{"start":{"line":22,"column":20},"end":{"line":22,"column":21}},"loc":{"start":{"line":22,"column":46},"end":{"line":39,"column":1}},"line":22}},"branchMap":{},"s":{"0":14,"1":14,"2":14,"3":14,"4":14,"5":14,"6":0,"7":0,"8":14,"9":0,"10":0,"11":0,"12":0,"13":0,"14":0,"15":0,"16":0,"17":0,"18":0,"19":14},"f":{"0":0,"1":0},"b":{},"_coverageSchema":"1a1c01bbd47fc00a2c39e90264f33305004495a9","hash":"82b063559762ae705477d65c76bc9e5209518c0c"}
,"D:\\express\\giasu_api\\helpers\\auth.methods.js": {"path":"D:\\express\\giasu_api\\helpers\\auth.methods.js","statementMap":{"0":{"start":{"line":1,"column":12},"end":{"line":1,"column":35}},"1":{"start":{"line":3,"column":0},"end":{"line":10,"column":2}},"2":{"start":{"line":4,"column":1},"end":{"line":9,"column":2}},"3":{"start":{"line":5,"column":2},"end":{"line":5,"column":44}},"4":{"start":{"line":7,"column":2},"end":{"line":7,"column":59}},"5":{"start":{"line":8,"column":2},"end":{"line":8,"column":14}}},"fnMap":{"0":{"name":"(anonymous_0)","decl":{"start":{"line":3,"column":22},"end":{"line":3,"column":23}},"loc":{"start":{"line":3,"column":50},"end":{"line":10,"column":1}},"line":3}},"branchMap":{},"s":{"0":14,"1":14,"2":0,"3":0,"4":0,"5":0},"f":{"0":0},"b":{},"_coverageSchema":"1a1c01bbd47fc00a2c39e90264f33305004495a9","hash":"87ce734a03b6edd5e42db7995b435797ef730831"}
,"D:\\express\\giasu_api\\helpers\\createServer.js": {"path":"D:\\express\\giasu_api\\helpers\\createServer.js","statementMap":{"0":{"start":{"line":1,"column":16},"end":{"line":1,"column":34}},"1":{"start":{"line":2,"column":13},"end":{"line":2,"column":28}},"2":{"start":{"line":3,"column":15},"end":{"line":3,"column":32}},"3":{"start":{"line":4,"column":17},"end":{"line":4,"column":44}},"4":{"start":{"line":5,"column":11},"end":{"line":5,"column":37}},"5":{"start":{"line":6,"column":17},"end":{"line":6,"column":37}},"6":{"start":{"line":9,"column":14},"end":{"line":9,"column":23}},"7":{"start":{"line":11,"column":2},"end":{"line":11,"column":18}},"8":{"start":{"line":13,"column":2},"end":{"line":22,"column":5}},"9":{"start":{"line":14,"column":4},"end":{"line":14,"column":54}},"10":{"start":{"line":15,"column":4},"end":{"line":15,"column":62}},"11":{"start":{"line":16,"column":4},"end":{"line":16,"column":79}},"12":{"start":{"line":17,"column":4},"end":{"line":20,"column":6}},"13":{"start":{"line":21,"column":4},"end":{"line":21,"column":11}},"14":{"start":{"line":24,"column":2},"end":{"line":24,"column":25}},"15":{"start":{"line":25,"column":2},"end":{"line":25,"column":26}},"16":{"start":{"line":26,"column":2},"end":{"line":26,"column":51}},"17":{"start":{"line":28,"column":2},"end":{"line":31,"column":5}},"18":{"start":{"line":29,"column":18},"end":{"line":29,"column":41}},"19":{"start":{"line":30,"column":4},"end":{"line":30,"column":20}},"20":{"start":{"line":33,"column":2},"end":{"line":33,"column":28}},"21":{"start":{"line":35,"column":2},"end":{"line":48,"column":5}},"22":{"start":{"line":36,"column":19},"end":{"line":36,"column":40}},"23":{"start":{"line":41,"column":4},"end":{"line":45,"column":5}},"24":{"start":{"line":42,"column":6},"end":{"line":42,"column":61}},"25":{"start":{"line":44,"column":6},"end":{"line":44,"column":41}},"26":{"start":{"line":47,"column":4},"end":{"line":47,"column":37}},"27":{"start":{"line":50,"column":2},"end":{"line":50,"column":13}},"28":{"start":{"line":53,"column":0},"end":{"line":53,"column":30}}},"fnMap":{"0":{"name":"createServer","decl":{"start":{"line":8,"column":9},"end":{"line":8,"column":21}},"loc":{"start":{"line":8,"column":24},"end":{"line":51,"column":1}},"line":8},"1":{"name":"(anonymous_1)","decl":{"start":{"line":13,"column":10},"end":{"line":13,"column":11}},"loc":{"start":{"line":13,"column":36},"end":{"line":22,"column":3}},"line":13},"2":{"name":"(anonymous_2)","decl":{"start":{"line":28,"column":23},"end":{"line":28,"column":24}},"loc":{"start":{"line":28,"column":43},"end":{"line":31,"column":3}},"line":28},"3":{"name":"(anonymous_3)","decl":{"start":{"line":35,"column":10},"end":{"line":35,"column":11}},"loc":{"start":{"line":35,"column":35},"end":{"line":48,"column":3}},"line":35}},"branchMap":{"0":{"loc":{"start":{"line":36,"column":19},"end":{"line":36,"column":40}},"type":"binary-expr","locations":[{"start":{"line":36,"column":19},"end":{"line":36,"column":33}},{"start":{"line":36,"column":37},"end":{"line":36,"column":40}}],"line":36},"1":{"loc":{"start":{"line":41,"column":4},"end":{"line":45,"column":5}},"type":"if","locations":[{"start":{"line":41,"column":4},"end":{"line":45,"column":5}},{"start":{"line":43,"column":11},"end":{"line":45,"column":5}}],"line":41}},"s":{"0":14,"1":14,"2":14,"3":14,"4":14,"5":14,"6":14,"7":14,"8":14,"9":37,"10":37,"11":37,"12":37,"13":37,"14":14,"15":14,"16":14,"17":14,"18":0,"19":0,"20":14,"21":14,"22":20,"23":20,"24":2,"25":18,"26":20,"27":14,"28":14},"f":{"0":14,"1":37,"2":0,"3":20},"b":{"0":[20,0],"1":[2,18]},"_coverageSchema":"1a1c01bbd47fc00a2c39e90264f33305004495a9","hash":"66d633d6f8d788854d37869766ffdf0a09bf1b97"}
,"D:\\express\\giasu_api\\helpers\\generateAccessToken.js": {"path":"D:\\express\\giasu_api\\helpers\\generateAccessToken.js","statementMap":{"0":{"start":{"line":1,"column":0},"end":{"line":1,"column":27}},"1":{"start":{"line":3,"column":12},"end":{"line":3,"column":35}},"2":{"start":{"line":6,"column":28},"end":{"line":11,"column":1}},"3":{"start":{"line":7,"column":2},"end":{"line":7,"column":41}},"4":{"start":{"line":8,"column":2},"end":{"line":10,"column":5}},"5":{"start":{"line":13,"column":0},"end":{"line":13,"column":37}}},"fnMap":{"0":{"name":"(anonymous_0)","decl":{"start":{"line":6,"column":28},"end":{"line":6,"column":29}},"loc":{"start":{"line":6,"column":47},"end":{"line":11,"column":1}},"line":6}},"branchMap":{},"s":{"0":14,"1":14,"2":14,"3":0,"4":0,"5":14},"f":{"0":0},"b":{},"_coverageSchema":"1a1c01bbd47fc00a2c39e90264f33305004495a9","hash":"9a5500bfc23ea3e67b377aee6ed3441ef7ca07b4"}
,"D:\\express\\giasu_api\\helpers\\getTutorData.js": {"path":"D:\\express\\giasu_api\\helpers\\getTutorData.js","statementMap":{"0":{"start":{"line":1,"column":11},"end":{"line":1,"column":37}},"1":{"start":{"line":3,"column":21},"end":{"line":14,"column":1}},"2":{"start":{"line":4,"column":15},"end":{"line":4,"column":45}},"3":{"start":{"line":5,"column":16},"end":{"line":5,"column":69}},"4":{"start":{"line":6,"column":2},"end":{"line":13,"column":4}},"5":{"start":{"line":17,"column":0},"end":{"line":17,"column":30}}},"fnMap":{"0":{"name":"(anonymous_0)","decl":{"start":{"line":3,"column":21},"end":{"line":3,"column":22}},"loc":{"start":{"line":3,"column":39},"end":{"line":14,"column":1}},"line":3}},"branchMap":{},"s":{"0":14,"1":14,"2":0,"3":0,"4":0,"5":14},"f":{"0":0},"b":{},"_coverageSchema":"1a1c01bbd47fc00a2c39e90264f33305004495a9","hash":"997c1d46a94d725eb8691badc0a2a4047a7c4dd4"}
,"D:\\express\\giasu_api\\helpers\\toLocalDateTime.js": {"path":"D:\\express\\giasu_api\\helpers\\toLocalDateTime.js","statementMap":{"0":{"start":{"line":1,"column":0},"end":{"line":5,"column":2}},"1":{"start":{"line":2,"column":37},"end":{"line":2,"column":75}},"2":{"start":{"line":3,"column":20},"end":{"line":3,"column":73}},"3":{"start":{"line":4,"column":2},"end":{"line":4,"column":19}}},"fnMap":{"0":{"name":"(anonymous_0)","decl":{"start":{"line":1,"column":17},"end":{"line":1,"column":18}},"loc":{"start":{"line":1,"column":27},"end":{"line":5,"column":1}},"line":1}},"branchMap":{},"s":{"0":14,"1":0,"2":0,"3":0},"f":{"0":0},"b":{},"_coverageSchema":"1a1c01bbd47fc00a2c39e90264f33305004495a9","hash":"b936135b28d760eb20d2d11cdc4c68b7d114c4e8"}
,"D:\\express\\giasu_api\\middlewares\\auth.middlewares.js": {"path":"D:\\express\\giasu_api\\middlewares\\auth.middlewares.js","statementMap":{"0":{"start":{"line":1,"column":11},"end":{"line":1,"column":37}},"1":{"start":{"line":3,"column":19},"end":{"line":3,"column":53}},"2":{"start":{"line":5,"column":0},"end":{"line":29,"column":2}},"3":{"start":{"line":7,"column":31},"end":{"line":7,"column":58}},"4":{"start":{"line":8,"column":1},"end":{"line":10,"column":2}},"5":{"start":{"line":9,"column":2},"end":{"line":9,"column":62}},"6":{"start":{"line":12,"column":27},"end":{"line":12,"column":58}},"7":{"start":{"line":14,"column":18},"end":{"line":17,"column":2}},"8":{"start":{"line":18,"column":1},"end":{"line":22,"column":2}},"9":{"start":{"line":19,"column":2},"end":{"line":21,"column":59}},"10":{"start":{"line":24,"column":14},"end":{"line":24,"column":68}},"11":{"start":{"line":26,"column":1},"end":{"line":26,"column":17}},"12":{"start":{"line":28,"column":1},"end":{"line":28,"column":15}}},"fnMap":{"0":{"name":"(anonymous_0)","decl":{"start":{"line":5,"column":17},"end":{"line":5,"column":18}},"loc":{"start":{"line":5,"column":43},"end":{"line":29,"column":1}},"line":5}},"branchMap":{"0":{"loc":{"start":{"line":8,"column":1},"end":{"line":10,"column":2}},"type":"if","locations":[{"start":{"line":8,"column":1},"end":{"line":10,"column":2}},{"start":{},"end":{}}],"line":8},"1":{"loc":{"start":{"line":18,"column":1},"end":{"line":22,"column":2}},"type":"if","locations":[{"start":{"line":18,"column":1},"end":{"line":22,"column":2}},{"start":{},"end":{}}],"line":18}},"s":{"0":14,"1":14,"2":14,"3":0,"4":0,"5":0,"6":0,"7":0,"8":0,"9":0,"10":0,"11":0,"12":0},"f":{"0":0},"b":{"0":[0,0],"1":[0,0]},"_coverageSchema":"1a1c01bbd47fc00a2c39e90264f33305004495a9","hash":"713bd860a583aacb346c63058c3b599ce0e561c5"}
,"D:\\express\\giasu_api\\models\\admin.js": {"path":"D:\\express\\giasu_api\\models\\admin.js","statementMap":{"0":{"start":{"line":2,"column":18},"end":{"line":2,"column":38}},"1":{"start":{"line":3,"column":0},"end":{"line":25,"column":2}},"2":{"start":{"line":12,"column":6},"end":{"line":12,"column":35}},"3":{"start":{"line":15,"column":2},"end":{"line":23,"column":4}},"4":{"start":{"line":24,"column":2},"end":{"line":24,"column":15}}},"fnMap":{"0":{"name":"(anonymous_0)","decl":{"start":{"line":3,"column":17},"end":{"line":3,"column":18}},"loc":{"start":{"line":3,"column":43},"end":{"line":25,"column":1}},"line":3},"1":{"name":"(anonymous_1)","decl":{"start":{"line":10,"column":4},"end":{"line":10,"column":5}},"loc":{"start":{"line":10,"column":29},"end":{"line":13,"column":5}},"line":10}},"branchMap":{},"s":{"0":14,"1":14,"2":14,"3":14,"4":14},"f":{"0":14,"1":14},"b":{},"_coverageSchema":"1a1c01bbd47fc00a2c39e90264f33305004495a9","hash":"b88a92db24fb97117b34279a01e4ec26bfd80fac"}
[...]
,"D:\\express\\giasu_api\\models\\test.js": {"path":"D:\\express\\giasu_api\\models\\test.js","statementMap":{"0":{"start":{"line":4,"column":4},"end":{"line":4,"column":24}},"1":{"start":{"line":5,"column":0},"end":{"line":25,"column":2}},"2":{"start":{"line":16,"column":2},"end":{"line":23,"column":5}},"3":{"start":{"line":24,"column":2},"end":{"line":24,"column":14}}},"fnMap":{"0":{"name":"(anonymous_0)","decl":{"start":{"line":5,"column":17},"end":{"line":5,"column":18}},"loc":{"start":{"line":5,"column":43},"end":{"line":25,"column":1}},"line":5},"1":{"name":"(anonymous_1)","decl":{"start":{"line":12,"column":4},"end":{"line":12,"column":5}},"loc":{"start":{"line":12,"column":29},"end":{"line":14,"column":5}},"line":12}},"branchMap":{},"s":{"0":14,"1":14,"2":14,"3":14},"f":{"0":14,"1":14},"b":{},"_coverageSchema":"1a1c01bbd47fc00a2c39e90264f33305004495a9","hash":"b26ce7222f72ff625204c1da67f700102ec72b3c"}
,"D:\\express\\giasu_api\\models\\tutor.js": {"path":"D:\\express\\giasu_api\\models\\tutor.js","statementMap":{"0":{"start":{"line":2,"column":18},"end":{"line":2,"column":38}},"1":{"start":{"line":3,"column":0},"end":{"line":39,"column":2}},"2":{"start":{"line":12,"column":3},"end":{"line":14,"column":6}},"3":{"start":{"line":17,"column":1},"end":{"line":37,"column":3}},"4":{"start":{"line":38,"column":1},"end":{"line":38,"column":14}}},"fnMap":{"0":{"name":"(anonymous_0)","decl":{"start":{"line":3,"column":17},"end":{"line":3,"column":18}},"loc":{"start":{"line":3,"column":43},"end":{"line":39,"column":1}},"line":3},"1":{"name":"(anonymous_1)","decl":{"start":{"line":10,"column":2},"end":{"line":10,"column":3}},"loc":{"start":{"line":10,"column":27},"end":{"line":15,"column":3}},"line":10}},"branchMap":{},"s":{"0":14,"1":14,"2":14,"3":14,"4":14},"f":{"0":14,"1":14},"b":{},"_coverageSchema":"1a1c01bbd47fc00a2c39e90264f33305004495a9","hash":"f9e210cb1e5bab2ba6ecc8448c01c63338904c11"}
,"D:\\express\\giasu_api\\models\\tutor_request_class.js": {"path":"D:\\express\\giasu_api\\models\\tutor_request_class.js","statementMap":{"0":{"start":{"line":4,"column":4},"end":{"line":4,"column":24}},"1":{"start":{"line":5,"column":0},"end":{"line":25,"column":2}},"2":{"start":{"line":16,"column":2},"end":{"line":23,"column":5}},"3":{"start":{"line":24,"column":2},"end":{"line":24,"column":29}}},"fnMap":{"0":{"name":"(anonymous_0)","decl":{"start":{"line":5,"column":17},"end":{"line":5,"column":18}},"loc":{"start":{"line":5,"column":43},"end":{"line":25,"column":1}},"line":5},"1":{"name":"(anonymous_1)","decl":{"start":{"line":12,"column":4},"end":{"line":12,"column":5}},"loc":{"start":{"line":12,"column":29},"end":{"line":14,"column":5}},"line":12}},"branchMap":{},"s":{"0":14,"1":14,"2":14,"3":14},"f":{"0":14,"1":14},"b":{},"_coverageSchema":"1a1c01bbd47fc00a2c39e90264f33305004495a9","hash":"b8f5ba40dbbb245ef692fcf0d95dabe5b93c0316"}
,"D:\\express\\giasu_api\\models\\user.js": {"path":"D:\\express\\giasu_api\\models\\user.js","statementMap":{"0":{"start":{"line":2,"column":18},"end":{"line":2,"column":38}},"1":{"start":{"line":3,"column":0},"end":{"line":51,"column":2}},"2":{"start":{"line":12,"column":3},"end":{"line":14,"column":6}},"3":{"start":{"line":15,"column":3},"end":{"line":17,"column":6}},"4":{"start":{"line":18,"column":3},"end":{"line":20,"column":6}},"5":{"start":{"line":21,"column":3},"end":{"line":23,"column":6}},"6":{"start":{"line":24,"column":3},"end":{"line":26,"column":6}},"7":{"start":{"line":27,"column":3},"end":{"line":29,"column":6}},"8":{"start":{"line":32,"column":1},"end":{"line":49,"column":3}},"9":{"start":{"line":50,"column":1},"end":{"line":50,"column":13}}},"fnMap":{"0":{"name":"(anonymous_0)","decl":{"start":{"line":3,"column":17},"end":{"line":3,"column":18}},"loc":{"start":{"line":3,"column":43},"end":{"line":51,"column":1}},"line":3},"1":{"name":"(anonymous_1)","decl":{"start":{"line":10,"column":2},"end":{"line":10,"column":3}},"loc":{"start":{"line":10,"column":27},"end":{"line":30,"column":3}},"line":10}},"branchMap":{},"s":{"0":14,"1":14,"2":14,"3":14,"4":14,"5":14,"6":14,"7":14,"8":28,"9":28},"f":{"0":28,"1":14},"b":{},"_coverageSchema":"1a1c01bbd47fc00a2c39e90264f33305004495a9","hash":"1914e87c0b9533a3f26064c0e9854d451705e78e"}
,"D:\\express\\giasu_api\\models\\vote.js": {"path":"D:\\express\\giasu_api\\models\\vote.js","statementMap":{"0":{"start":{"line":2,"column":18},"end":{"line":2,"column":38}},"1":{"start":{"line":3,"column":0},"end":{"line":41,"column":2}},"2":{"start":{"line":6,"column":3},"end":{"line":9,"column":6}},"3":{"start":{"line":10,"column":3},"end":{"line":13,"column":6}},"4":{"start":{"line":14,"column":3},"end":{"line":17,"column":6}},"5":{"start":{"line":20,"column":1},"end":{"line":39,"column":3}},"6":{"start":{"line":40,"column":1},"end":{"line":40,"column":13}}},"fnMap":{"0":{"name":"(anonymous_0)","decl":{"start":{"line":3,"column":17},"end":{"line":3,"column":18}},"loc":{"start":{"line":3,"column":43},"end":{"line":41,"column":1}},"line":3},"1":{"name":"(anonymous_1)","decl":{"start":{"line":5,"column":2},"end":{"line":5,"column":3}},"loc":{"start":{"line":5,"column":27},"end":{"line":18,"column":3}},"line":5}},"branchMap":{},"s":{"0":14,"1":14,"2":14,"3":14,"4":14,"5":28,"6":28},"f":{"0":28,"1":14},"b":{},"_coverageSchema":"1a1c01bbd47fc00a2c39e90264f33305004495a9","hash":"b6c290c4bb48ecd4c77127c3c8c6c22817564a87"}
,"D:\\express\\giasu_api\\models\\wards.js": {"path":"D:\\express\\giasu_api\\models\\wards.js","statementMap":{"0":{"start":{"line":1,"column":18},"end":{"line":1,"column":38}},"1":{"start":{"line":2,"column":0},"end":{"line":74,"column":2}},"2":{"start":{"line":3,"column":2},"end":{"line":73,"column":5}}},"fnMap":{"0":{"name":"(anonymous_0)","decl":{"start":{"line":2,"column":17},"end":{"line":2,"column":18}},"loc":{"start":{"line":2,"column":48},"end":{"line":74,"column":1}},"line":2}},"branchMap":{},"s":{"0":14,"1":14,"2":28},"f":{"0":28},"b":{},"_coverageSchema":"1a1c01bbd47fc00a2c39e90264f33305004495a9","hash":"ce419fe0f5f8447045085a125a36444ca2f99a7f"}
,"D:\\express\\giasu_api\\routers\\address.router.js": {"path":"D:\\express\\giasu_api\\routers\\address.router.js","statementMap":{"0":{"start":{"line":1,"column":15},"end":{"line":1,"column":42}},"1":{"start":{"line":3,"column":26},"end":{"line":3,"column":69}},"2":{"start":{"line":5,"column":0},"end":{"line":5,"column":61}},"3":{"start":{"line":6,"column":0},"end":{"line":6,"column":62}},"4":{"start":{"line":7,"column":0},"end":{"line":7,"column":54}},"5":{"start":{"line":8,"column":0},"end":{"line":8,"column":67}},"6":{"start":{"line":10,"column":0},"end":{"line":10,"column":24}}},"fnMap":{},"branchMap":{},"s":{"0":14,"1":14,"2":14,"3":14,"4":14,"5":14,"6":14},"f":{},"b":{},"_coverageSchema":"1a1c01bbd47fc00a2c39e90264f33305004495a9","hash":"211b1e8af4e97e5dead6dfd91e88d39f859be179"}
,"D:\\express\\giasu_api\\routers\\admin.routers.js": {"path":"D:\\express\\giasu_api\\routers\\admin.routers.js","statementMap":{"0":{"start":{"line":1,"column":15},"end":{"line":1,"column":42}},"1":{"start":{"line":3,"column":23},"end":{"line":3,"column":65}},"2":{"start":{"line":4,"column":15},"end":{"line":4,"column":36}},"3":{"start":{"line":6,"column":24},"end":{"line":6,"column":65}},"4":{"start":{"line":8,"column":0},"end":{"line":8,"column":72}},"5":{"start":{"line":9,"column":0},"end":{"line":9,"column":71}},"6":{"start":{"line":11,"column":0},"end":{"line":11,"column":24}}},"fnMap":{},"branchMap":{},"s":{"0":14,"1":14,"2":14,"3":14,"4":14,"5":14,"6":14},"f":{},"b":{},"_coverageSchema":"1a1c01bbd47fc00a2c39e90264f33305004495a9","hash":"fedd1b046a68bf0a243f7ea7b1aef84a52a970bd"}
,"D:\\express\\giasu_api\\routers\\auth.router.js": {"path":"D:\\express\\giasu_api\\routers\\auth.router.js","statementMap":{"0":{"start":{"line":1,"column":15},"end":{"line":1,"column":42}},"1":{"start":{"line":3,"column":23},"end":{"line":3,"column":64}},"2":{"start":{"line":4,"column":23},"end":{"line":4,"column":65}},"3":{"start":{"line":5,"column":15},"end":{"line":5,"column":36}},"4":{"start":{"line":7,"column":0},"end":{"line":13,"column":3}},"5":{"start":{"line":8,"column":19},"end":{"line":8,"column":27}},"6":{"start":{"line":9,"column":2},"end":{"line":12,"column":5}},"7":{"start":{"line":14,"column":0},"end":{"line":14,"column":50}},"8":{"start":{"line":15,"column":0},"end":{"line":15,"column":44}},"9":{"start":{"line":16,"column":0},"end":{"line":16,"column":46}},"10":{"start":{"line":17,"column":0},"end":{"line":17,"column":59}},"11":{"start":{"line":18,"column":0},"end":{"line":18,"column":72}},"12":{"start":{"line":19,"column":0},"end":{"line":19,"column":39}},"13":{"start":{"line":21,"column":0},"end":{"line":21,"column":24}}},"fnMap":{"0":{"name":"(anonymous_0)","decl":{"start":{"line":7,"column":20},"end":{"line":7,"column":21}},"loc":{"start":{"line":7,"column":40},"end":{"line":13,"column":1}},"line":7}},"branchMap":{},"s":{"0":14,"1":14,"2":14,"3":14,"4":14,"5":0,"6":0,"7":14,"8":14,"9":14,"10":14,"11":14,"12":14,"13":14},"f":{"0":0},"b":{},"_coverageSchema":"1a1c01bbd47fc00a2c39e90264f33305004495a9","hash":"53b4db735fdd8a46a5797bfc44eb55e98ca357e2"}
,"D:\\express\\giasu_api\\routers\\class.router.js": {"path":"D:\\express\\giasu_api\\routers\\class.router.js","statementMap":{"0":{"start":{"line":1,"column":15},"end":{"line":1,"column":42}},"1":{"start":{"line":3,"column":23},"end":{"line":3,"column":65}},"2":{"start":{"line":4,"column":15},"end":{"line":4,"column":36}},"3":{"start":{"line":6,"column":24},"end":{"line":6,"column":65}},"4":{"start":{"line":8,"column":0},"end":{"line":8,"column":70}},"5":{"start":{"line":9,"column":0},"end":{"line":9,"column":85}},"6":{"start":{"line":10,"column":0},"end":{"line":10,"column":58}},"7":{"start":{"line":11,"column":0},"end":{"line":11,"column":85}},"8":{"start":{"line":12,"column":0},"end":{"line":12,"column":90}},"9":{"start":{"line":13,"column":0},"end":{"line":13,"column":58}},"10":{"start":{"line":14,"column":0},"end":{"line":14,"column":24}}},"fnMap":{},"branchMap":{},"s":{"0":14,"1":14,"2":14,"3":14,"4":14,"5":14,"6":14,"7":14,"8":14,"9":14,"10":14},"f":{},"b":{},"_coverageSchema":"1a1c01bbd47fc00a2c39e90264f33305004495a9","hash":"9287b20c38c1667a7028b4a36539a2ca630f076d"}
,"D:\\express\\giasu_api\\routers\\comment.router.js": {"path":"D:\\express\\giasu_api\\routers\\comment.router.js","statementMap":{"0":{"start":{"line":1,"column":15},"end":{"line":1,"column":42}},"1":{"start":{"line":3,"column":26},"end":{"line":3,"column":70}},"2":{"start":{"line":5,"column":0},"end":{"line":5,"column":50}},"3":{"start":{"line":6,"column":0},"end":{"line":6,"column":50}},"4":{"start":{"line":7,"column":0},"end":{"line":7,"column":63}},"5":{"start":{"line":8,"column":0},"end":{"line":8,"column":60}},"6":{"start":{"line":10,"column":0},"end":{"line":10,"column":76}},"7":{"start":{"line":11,"column":0},"end":{"line":11,"column":78}},"8":{"start":{"line":13,"column":0},"end":{"line":13,"column":24}}},"fnMap":{},"branchMap":{},"s":{"0":14,"1":14,"2":14,"3":14,"4":14,"5":14,"6":14,"7":14,"8":14},"f":{},"b":{},"_coverageSchema":"1a1c01bbd47fc00a2c39e90264f33305004495a9","hash":"cbeaa2d1865b9dd4630a7ff1d1eddfce7f9d5c72"}
,"D:\\express\\giasu_api\\routers\\index.js": {"path":"D:\\express\\giasu_api\\routers\\index.js","statementMap":{"0":{"start":{"line":1,"column":16},"end":{"line":1,"column":34}},"1":{"start":{"line":3,"column":18},"end":{"line":3,"column":42}},"2":{"start":{"line":4,"column":19},"end":{"line":4,"column":44}},"3":{"start":{"line":5,"column":21},"end":{"line":5,"column":48}},"4":{"start":{"line":6,"column":19},"end":{"line":6,"column":45}},"5":{"start":{"line":7,"column":19},"end":{"line":7,"column":44}},"6":{"start":{"line":8,"column":20},"end":{"line":8,"column":46}},"7":{"start":{"line":9,"column":21},"end":{"line":9,"column":48}},"8":{"start":{"line":10,"column":18},"end":{"line":10,"column":42}},"9":{"start":{"line":11,"column":21},"end":{"line":11,"column":48}},"10":{"start":{"line":13,"column":17},"end":{"line":13,"column":26}},"11":{"start":{"line":15,"column":0},"end":{"line":15,"column":33}},"12":{"start":{"line":17,"column":0},"end":{"line":17,"column":35}},"13":{"start":{"line":18,"column":0},"end":{"line":18,"column":39}},"14":{"start":{"line":19,"column":0},"end":{"line":19,"column":35}},"15":{"start":{"line":20,"column":0},"end":{"line":20,"column":35}},"16":{"start":{"line":21,"column":0},"end":{"line":21,"column":37}},"17":{"start":{"line":22,"column":0},"end":{"line":22,"column":39}},"18":{"start":{"line":23,"column":0},"end":{"line":23,"column":33}},"19":{"start":{"line":24,"column":0},"end":{"line":24,"column":39}},"20":{"start":{"line":26,"column":0},"end":{"line":26,"column":26}}},"fnMap":{},"branchMap":{},"s":{"0":14,"1":14,"2":14,"3":14,"4":14,"5":14,"6":14,"7":14,"8":14,"9":14,"10":14,"11":14,"12":14,"13":14,"14":14,"15":14,"16":14,"17":14,"18":14,"19":14,"20":14},"f":{},"b":{},"_coverageSchema":"1a1c01bbd47fc00a2c39e90264f33305004495a9","hash":"790d5fda66558a5220c09efb9647ead4abc30460"}
,"D:\\express\\giasu_api\\routers\\parents.router.js": {"path":"D:\\express\\giasu_api\\routers\\parents.router.js","statementMap":{"0":{"start":{"line":1,"column":15},"end":{"line":1,"column":42}},"1":{"start":{"line":3,"column":23},"end":{"line":3,"column":65}},"2":{"start":{"line":4,"column":15},"end":{"line":4,"column":36}},"3":{"start":{"line":6,"column":26},"end":{"line":6,"column":69}},"4":{"start":{"line":8,"column":0},"end":{"line":8,"column":61}},"5":{"start":{"line":9,"column":0},"end":{"line":9,"column":90}},"6":{"start":{"line":10,"column":0},"end":{"line":10,"column":64}},"7":{"start":{"line":11,"column":0},"end":{"line":11,"column":71}},"8":{"start":{"line":12,"column":0},"end":{"line":12,"column":24}}},"fnMap":{},"branchMap":{},"s":{"0":14,"1":14,"2":14,"3":14,"4":14,"5":14,"6":14,"7":14,"8":14},"f":{},"b":{},"_coverageSchema":"1a1c01bbd47fc00a2c39e90264f33305004495a9","hash":"63c37c88868d2213c0b3aa14aeb3b8fa3c74184e"}
,"D:\\express\\giasu_api\\routers\\post.router.js": {"path":"D:\\express\\giasu_api\\routers\\post.router.js","statementMap":{"0":{"start":{"line":1,"column":15},"end":{"line":1,"column":42}},"1":{"start":{"line":3,"column":23},"end":{"line":3,"column":64}},"2":{"start":{"line":5,"column":0},"end":{"line":5,"column":44}},"3":{"start":{"line":6,"column":0},"end":{"line":6,"column":50}},"4":{"start":{"line":7,"column":0},"end":{"line":7,"column":51}},"5":{"start":{"line":8,"column":0},"end":{"line":8,"column":54}},"6":{"start":{"line":9,"column":0},"end":{"line":9,"column":52}},"7":{"start":{"line":11,"column":0},"end":{"line":11,"column":67}},"8":{"start":{"line":12,"column":0},"end":{"line":12,"column":69}},"9":{"start":{"line":14,"column":0},"end":{"line":14,"column":24}}},"fnMap":{},"branchMap":{},"s":{"0":14,"1":14,"2":14,"3":14,"4":14,"5":14,"6":14,"7":14,"8":14,"9":14},"f":{},"b":{},"_coverageSchema":"1a1c01bbd47fc00a2c39e90264f33305004495a9","hash":"fcf07de8cebf161c6a816b6d368ecf30552bf8d8"}
,"D:\\express\\giasu_api\\routers\\tutor.router.js": {"path":"D:\\express\\giasu_api\\routers\\tutor.router.js","statementMap":{"0":{"start":{"line":1,"column":15},"end":{"line":1,"column":42}},"1":{"start":{"line":4,"column":23},"end":{"line":4,"column":65}},"2":{"start":{"line":5,"column":15},"end":{"line":5,"column":36}},"3":{"start":{"line":7,"column":24},"end":{"line":7,"column":65}},"4":{"start":{"line":9,"column":0},"end":{"line":9,"column":62}},"5":{"start":{"line":10,"column":0},"end":{"line":10,"column":52}},"6":{"start":{"line":11,"column":0},"end":{"line":11,"column":72}},"7":{"start":{"line":12,"column":0},"end":{"line":12,"column":73}},"8":{"start":{"line":13,"column":0},"end":{"line":13,"column":56}},"9":{"start":{"line":14,"column":0},"end":{"line":14,"column":60}},"10":{"start":{"line":16,"column":0},"end":{"line":16,"column":24}}},"fnMap":{},"branchMap":{},"s":{"0":14,"1":14,"2":14,"3":14,"4":14,"5":14,"6":14,"7":14,"8":14,"9":14,"10":14},"f":{},"b":{},"_coverageSchema":"1a1c01bbd47fc00a2c39e90264f33305004495a9","hash":"0791cb336ae045823644bec8d0bae31a52090b2d"}
,"D:\\express\\giasu_api\\routers\\upload.router.js": {"path":"D:\\express\\giasu_api\\routers\\upload.router.js","statementMap":{"0":{"start":{"line":1,"column":15},"end":{"line":1,"column":42}},"1":{"start":{"line":2,"column":15},"end":{"line":2,"column":32}},"2":{"start":{"line":4,"column":25},"end":{"line":4,"column":67}},"3":{"start":{"line":6,"column":16},"end":{"line":6,"column":42}},"4":{"start":{"line":7,"column":15},"end":{"line":9,"column":2}},"5":{"start":{"line":11,"column":0},"end":{"line":11,"column":84}},"6":{"start":{"line":13,"column":0},"end":{"line":13,"column":24}}},"fnMap":{},"branchMap":{},"s":{"0":14,"1":14,"2":14,"3":14,"4":14,"5":14,"6":14},"f":{},"b":{},"_coverageSchema":"1a1c01bbd47fc00a2c39e90264f33305004495a9","hash":"883a64ff1e1eb7046326159931e217cd0d9fd188"}
,"D:\\express\\giasu_api\\services\\contract-generator.service\\index.js": {"path":"D:\\express\\giasu_api\\services\\contract-generator.service\\index.js","statementMap":{"0":{"start":{"line":1,"column":11},"end":{"line":1,"column":24}},"1":{"start":{"line":2,"column":18},"end":{"line":2,"column":38}},"2":{"start":{"line":3,"column":13},"end":{"line":3,"column":28}},"3":{"start":{"line":5,"column":0},"end":{"line":46,"column":2}},"4":{"start":{"line":7,"column":4},"end":{"line":44,"column":5}},"5":{"start":{"line":8,"column":22},"end":{"line":8,"column":65}},"6":{"start":{"line":9,"column":17},"end":{"line":9,"column":40}},"7":{"start":{"line":10,"column":27},"end":{"line":10,"column":73}},"8":{"start":{"line":11,"column":24},"end":{"line":11,"column":64}},"9":{"start":{"line":15,"column":4},"end":{"line":15,"column":39}},"10":{"start":{"line":16,"column":4},"end":{"line":31,"column":16}},"11":{"start":{"line":17,"column":6},"end":{"line":17,"column":77}},"12":{"start":{"line":18,"column":6},"end":{"line":18,"column":79}},"13":{"start":{"line":19,"column":6},"end":{"line":19,"column":79}},"14":{"start":{"line":20,"column":6},"end":{"line":20,"column":83}},"15":{"start":{"line":21,"column":6},"end":{"line":21,"column":75}},"16":{"start":{"line":23,"column":6},"end":{"line":23,"column":79}},"17":{"start":{"line":24,"column":6},"end":{"line":24,"column":81}},"18":{"start":{"line":25,"column":6},"end":{"line":25,"column":85}},"19":{"start":{"line":27,"column":6},"end":{"line":27,"column":87}},"20":{"start":{"line":28,"column":6},"end":{"line":28,"column":89}},"21":{"start":{"line":29,"column":6},"end":{"line":29,"column":83}},"22":{"start":{"line":30,"column":6},"end":{"line":30,"column":97}},"23":{"start":{"line":32,"column":22},"end":{"line":35,"column":6}},"24":{"start":{"line":37,"column":4},"end":{"line":37,"column":26}},"25":{"start":{"line":39,"column":4},"end":{"line":39,"column":21}},"26":{"start":{"line":41,"column":6},"end":{"line":41,"column":27}},"27":{"start":{"line":42,"column":6},"end":{"line":42,"column":55}},"28":{"start":{"line":43,"column":6},"end":{"line":43,"column":16}}},"fnMap":{"0":{"name":"(anonymous_0)","decl":{"start":{"line":6,"column":23},"end":{"line":6,"column":24}},"loc":{"start":{"line":6,"column":42},"end":{"line":45,"column":3}},"line":6},"1":{"name":"(anonymous_1)","decl":{"start":{"line":16,"column":24},"end":{"line":16,"column":25}},"loc":{"start":{"line":16,"column":37},"end":{"line":31,"column":5}},"line":16}},"branchMap":{},"s":{"0":14,"1":14,"2":14,"3":14,"4":0,"5":0,"6":0,"7":0,"8":0,"9":0,"10":0,"11":0,"12":0,"13":0,"14":0,"15":0,"16":0,"17":0,"18":0,"19":0,"20":0,"21":0,"22":0,"23":0,"24":0,"25":0,"26":0,"27":0,"28":0},"f":{"0":0,"1":0},"b":{},"_coverageSchema":"1a1c01bbd47fc00a2c39e90264f33305004495a9","hash":"b0709e7a29dbe56d8a485f98d4430f86ce2b6968"}
}
