TN:
SF:controllers\addressController.js
FN:5,(anonymous_0)
FN:22,(anonymous_1)
FN:45,(anonymous_2)
FN:68,(anonymous_3)
FNF:4
FNH:4
FNDA:2,(anonymous_0)
FNDA:2,(anonymous_1)
FNDA:2,(anonymous_2)
FNDA:2,(anonymous_3)
DA:1,37
DA:2,37
DA:3,37
DA:5,37
DA:6,2
DA:7,2
DA:11,1
DA:15,1
DA:16,1
DA:18,1
DA:22,37
DA:23,2
DA:24,2
DA:25,2
DA:35,1
DA:39,1
DA:40,1
DA:42,1
DA:45,37
DA:46,2
DA:47,2
DA:48,2
DA:58,1
DA:62,1
DA:63,1
DA:65,1
DA:68,37
DA:69,2
DA:70,2
DA:71,2
DA:79,1
DA:83,1
DA:84,1
DA:86,1
DA:90,37
LF:35
LH:35
BRDA:15,0,0,1
BRDA:15,0,1,0
BRDA:39,1,0,1
BRDA:39,1,1,0
BRDA:62,2,0,1
BRDA:62,2,1,0
BRDA:83,3,0,1
BRDA:83,3,1,0
BRF:8
BRH:4
end_of_record
TN:
SF:controllers\adminController.js
FN:6,(anonymous_0)
FN:38,(anonymous_1)
FNF:2
FNH:2
FNDA:3,(anonymous_0)
FNDA:3,(anonymous_1)
DA:1,37
DA:2,37
DA:6,37
DA:7,3
DA:8,3
DA:9,2
DA:10,2
DA:11,3
DA:12,3
DA:13,1
DA:14,1
DA:16,2
DA:25,1
DA:29,2
DA:30,2
DA:32,2
DA:38,37
DA:39,3
DA:40,3
DA:41,3
DA:42,2
DA:43,1
DA:44,1
DA:46,1
DA:47,1
DA:51,2
DA:52,2
DA:54,2
DA:58,37
LF:29
LH:29
BRDA:12,0,0,1
BRDA:12,0,1,2
BRDA:29,1,0,2
BRDA:29,1,1,0
BRDA:42,2,0,1
BRDA:42,2,1,1
BRDA:51,3,0,2
BRDA:51,3,1,0
BRF:8
BRH:6
end_of_record
TN:
SF:controllers\auth.controller.js
FN:16,(anonymous_0)
FN:59,(anonymous_1)
FN:113,(anonymous_2)
FN:184,(anonymous_3)
FN:197,(anonymous_4)
FN:237,(anonymous_5)
FNF:6
FNH:1
FNDA:0,(anonymous_0)
FNDA:4,(anonymous_1)
FNDA:0,(anonymous_2)
FNDA:0,(anonymous_3)
FNDA:0,(anonymous_4)
FNDA:0,(anonymous_5)
DA:1,37
DA:2,37
DA:3,37
DA:4,37
DA:5,37
DA:6,37
DA:16,37
DA:17,0
DA:18,0
DA:19,0
DA:20,0
DA:21,0
DA:24,0
DA:25,0
DA:26,0
DA:28,0
DA:35,0
DA:36,0
DA:42,0
DA:50,0
DA:52,0
DA:53,0
DA:54,0
DA:58,37
DA:60,4
DA:62,4
DA:63,4
DA:64,3
DA:65,1
DA:68,1
DA:69,1
DA:70,1
DA:73,3
DA:74,2
DA:75,1
DA:78,1
DA:79,1
DA:80,1
DA:83,2
DA:93,2
DA:106,3
DA:107,3
DA:109,3
DA:115,0
DA:117,0
DA:128,0
DA:129,0
DA:130,0
DA:141,0
DA:143,0
DA:144,0
DA:146,0
DA:147,0
DA:149,0
DA:150,0
DA:153,0
DA:154,0
DA:163,0
DA:176,0
DA:177,0
DA:179,0
DA:185,0
DA:186,0
DA:187,0
DA:189,0
DA:190,0
DA:192,0
DA:198,0
DA:199,0
DA:201,0
DA:202,0
DA:203,0
DA:206,0
DA:210,0
DA:211,0
DA:214,0
DA:215,0
DA:216,0
DA:218,0
DA:219,0
DA:220,0
DA:223,0
DA:225,0
DA:229,0
DA:230,0
DA:231,0
DA:238,0
DA:240,0
DA:241,0
DA:242,0
DA:244,0
DA:248,0
DA:249,0
DA:250,0
DA:251,0
DA:253,0
DA:254,0
DA:255,0
DA:258,0
DA:259,0
DA:260,0
DA:262,0
DA:263,0
DA:265,0
LF:104
LH:27
BRDA:20,0,0,0
BRDA:20,0,1,0
BRDA:64,1,0,1
BRDA:64,1,1,2
BRDA:74,2,0,1
BRDA:74,2,1,1
BRDA:106,3,0,3
BRDA:106,3,1,0
BRDA:141,4,0,0
BRDA:141,4,1,0
BRDA:141,4,2,0
BRDA:176,5,0,0
BRDA:176,5,1,0
BRDA:189,6,0,0
BRDA:189,6,1,0
BRDA:202,7,0,0
BRDA:202,7,1,0
BRDA:214,8,0,0
BRDA:214,8,1,0
BRDA:214,9,0,0
BRDA:214,9,1,0
BRDA:229,10,0,0
BRDA:229,10,1,0
BRDA:242,11,0,0
BRDA:242,11,1,0
BRDA:250,12,0,0
BRDA:250,12,1,0
BRDA:250,13,0,0
BRDA:250,13,1,0
BRDA:262,14,0,0
BRDA:262,14,1,0
BRF:31
BRH:5
end_of_record
TN:
SF:controllers\classController.js
FN:9,(anonymous_0)
FN:11,(anonymous_1)
FN:14,(anonymous_2)
FN:24,(anonymous_3)
FN:50,(anonymous_4)
FN:72,(anonymous_5)
FN:121,(anonymous_6)
FN:153,(anonymous_7)
FN:171,(anonymous_8)
FNF:9
FNH:6
FNDA:2,(anonymous_0)
FNDA:0,(anonymous_1)
FNDA:0,(anonymous_2)
FNDA:0,(anonymous_3)
FNDA:3,(anonymous_4)
FNDA:2,(anonymous_5)
FNDA:2,(anonymous_6)
FNDA:2,(anonymous_7)
FNDA:2,(anonymous_8)
DA:1,37
DA:2,37
DA:3,37
DA:6,37
DA:9,37
DA:10,2
DA:11,2
DA:12,0
DA:14,2
DA:15,0
DA:17,0
DA:19,0
DA:21,0
DA:24,2
DA:25,0
DA:27,2
DA:32,2
DA:34,2
DA:38,1
DA:42,1
DA:43,1
DA:45,1
DA:50,37
DA:51,3
DA:52,3
DA:53,3
DA:54,3
DA:55,2
DA:56,1
DA:57,1
DA:59,1
DA:60,1
DA:64,2
DA:65,2
DA:67,2
DA:72,37
DA:73,2
DA:74,2
DA:75,2
DA:82,1
DA:84,1
DA:85,2
DA:86,2
DA:94,2
DA:108,1
DA:112,1
DA:113,1
DA:115,1
DA:121,37
DA:130,2
DA:131,2
DA:132,2
DA:141,1
DA:145,1
DA:146,1
DA:148,1
DA:153,37
DA:154,2
DA:156,2
DA:157,2
DA:158,1
DA:159,1
DA:160,1
DA:162,1
DA:163,1
DA:165,1
DA:171,37
DA:172,2
DA:173,2
DA:174,2
DA:175,1
DA:179,1
DA:180,1
DA:182,1
DA:186,37
LF:75
LH:69
BRDA:15,0,0,0
BRDA:15,0,1,0
BRDA:15,0,2,0
BRDA:28,1,0,0
BRDA:28,1,1,2
BRDA:29,2,0,0
BRDA:29,2,1,2
BRDA:30,3,0,0
BRDA:30,3,1,2
BRDA:42,4,0,1
BRDA:42,4,1,0
BRDA:55,5,0,1
BRDA:55,5,1,1
BRDA:64,6,0,2
BRDA:64,6,1,0
BRDA:112,7,0,1
BRDA:112,7,1,0
BRDA:145,8,0,1
BRDA:145,8,1,0
BRDA:162,9,0,1
BRDA:162,9,1,0
BRDA:179,10,0,1
BRDA:179,10,1,0
BRF:23
BRH:11
end_of_record
TN:
SF:controllers\comment.controller.js
FN:3,(anonymous_0)
FN:18,(anonymous_1)
FN:36,(anonymous_2)
FN:47,(anonymous_3)
FN:72,(anonymous_4)
FN:80,(anonymous_5)
FN:98,(anonymous_6)
FN:148,(anonymous_7)
FNF:8
FNH:8
FNDA:2,(anonymous_0)
FNDA:2,(anonymous_1)
FNDA:3,(anonymous_2)
FNDA:2,(anonymous_3)
FNDA:3,(anonymous_4)
FNDA:2,(anonymous_5)
FNDA:4,(anonymous_6)
FNDA:3,(anonymous_7)
DA:1,37
DA:3,37
DA:4,2
DA:5,2
DA:6,2
DA:11,1
DA:13,1
DA:14,1
DA:18,37
DA:19,2
DA:20,2
DA:29,1
DA:31,1
DA:32,1
DA:36,37
DA:37,3
DA:38,3
DA:39,3
DA:41,3
DA:48,2
DA:49,1
DA:58,1
DA:63,1
DA:67,1
DA:68,1
DA:72,37
DA:73,3
DA:74,3
DA:75,3
DA:81,2
DA:82,1
DA:85,1
DA:89,1
DA:93,1
DA:94,1
DA:98,37
DA:99,4
DA:100,4
DA:101,4
DA:102,4
DA:104,4
DA:109,3
DA:110,2
DA:111,1
DA:113,1
DA:119,1
DA:124,1
DA:130,1
DA:137,1
DA:143,1
DA:144,1
DA:148,37
DA:149,3
DA:150,3
DA:152,3
DA:159,2
DA:160,1
DA:163,1
DA:165,1
DA:168,1
DA:169,1
DA:173,37
LF:62
LH:62
BRDA:48,0,0,1
BRDA:48,0,1,1
BRDA:81,1,0,1
BRDA:81,1,1,1
BRDA:109,2,0,2
BRDA:109,2,1,1
BRDA:110,3,0,1
BRDA:110,3,1,1
BRDA:159,4,0,1
BRDA:159,4,1,1
BRF:10
BRH:10
end_of_record
TN:
SF:controllers\parentsController.js
FN:8,(anonymous_0)
FN:68,(anonymous_1)
FN:84,(anonymous_2)
FN:108,(anonymous_3)
FNF:4
FNH:4
FNDA:3,(anonymous_0)
FNDA:2,(anonymous_1)
FNDA:2,(anonymous_2)
FNDA:2,(anonymous_3)
DA:1,37
DA:2,37
DA:3,37
DA:8,37
DA:26,3
DA:28,3
DA:29,3
DA:32,3
DA:33,1
DA:34,1
DA:35,1
DA:37,2
DA:38,2
DA:57,1
DA:59,2
DA:60,1
DA:62,2
DA:68,37
DA:69,2
DA:70,2
DA:71,1
DA:75,1
DA:76,1
DA:78,1
DA:84,37
DA:85,2
DA:86,2
DA:87,2
DA:94,1
DA:98,1
DA:99,1
DA:101,1
DA:108,37
DA:109,2
DA:110,2
DA:111,2
DA:112,1
DA:116,1
DA:117,1
DA:119,1
DA:123,37
LF:41
LH:41
BRDA:32,0,0,1
BRDA:32,0,1,2
BRDA:59,1,0,1
BRDA:59,1,1,1
BRDA:75,2,0,1
BRDA:75,2,1,0
BRDA:98,3,0,1
BRDA:98,3,1,0
BRDA:116,4,0,1
BRDA:116,4,1,0
BRF:10
BRH:7
end_of_record
TN:
SF:controllers\post.controller.js
FN:3,(anonymous_0)
FN:19,(anonymous_1)
FN:29,(anonymous_2)
FN:46,(anonymous_3)
FN:56,(anonymous_4)
FN:75,(anonymous_5)
FN:98,(anonymous_6)
FN:193,(anonymous_7)
FN:237,(anonymous_8)
FN:287,(anonymous_9)
FN:298,(anonymous_10)
FN:311,(anonymous_11)
FNF:12
FNH:9
FNDA:2,(anonymous_0)
FNDA:3,(anonymous_1)
FNDA:2,(anonymous_2)
FNDA:3,(anonymous_3)
FNDA:2,(anonymous_4)
FNDA:3,(anonymous_5)
FNDA:3,(anonymous_6)
FNDA:0,(anonymous_7)
FNDA:4,(anonymous_8)
FNDA:0,(anonymous_9)
FNDA:0,(anonymous_10)
FNDA:3,(anonymous_11)
DA:1,37
DA:3,37
DA:4,2
DA:6,2
DA:7,2
DA:12,1
DA:14,1
DA:15,1
DA:19,37
DA:20,3
DA:21,3
DA:23,3
DA:24,3
DA:30,2
DA:31,1
DA:32,1
DA:37,1
DA:41,1
DA:42,1
DA:46,37
DA:47,3
DA:49,3
DA:50,3
DA:57,2
DA:58,1
DA:62,1
DA:66,1
DA:70,1
DA:71,1
DA:75,37
DA:76,3
DA:77,3
DA:88,2
DA:89,1
DA:91,1
DA:94,1
DA:98,37
DA:99,3
DA:100,3
DA:102,3
DA:136,2
DA:137,1
DA:140,1
DA:177,1
DA:182,1
DA:183,1
DA:193,37
DA:194,0
DA:195,0
DA:229,0
DA:230,0
DA:233,0
DA:237,37
DA:238,4
DA:239,4
DA:240,4
DA:241,4
DA:243,4
DA:252,3
DA:253,2
DA:254,1
DA:256,1
DA:261,1
DA:263,1
DA:269,1
DA:276,1
DA:282,1
DA:283,1
DA:287,37
DA:288,0
DA:289,0
DA:291,0
DA:299,0
DA:300,0
DA:302,0
DA:306,0
DA:307,0
DA:311,37
DA:312,3
DA:313,3
DA:315,3
DA:323,2
DA:324,1
DA:328,1
DA:333,1
DA:336,1
DA:337,1
DA:341,37
LF:88
LH:75
BRDA:30,0,0,1
BRDA:30,0,1,1
BRDA:57,1,0,1
BRDA:57,1,1,1
BRDA:88,2,0,1
BRDA:88,2,1,1
BRDA:136,3,0,1
BRDA:136,3,1,1
BRDA:229,4,0,0
BRDA:229,4,1,0
BRDA:252,5,0,2
BRDA:252,5,1,1
BRDA:253,6,0,1
BRDA:253,6,1,1
BRDA:299,7,0,0
BRDA:299,7,1,0
BRDA:323,8,0,1
BRDA:323,8,1,1
BRF:18
BRH:14
end_of_record
TN:
SF:controllers\tutorController.js
FN:12,(anonymous_0)
FN:85,(anonymous_1)
FN:110,(anonymous_2)
FN:113,(anonymous_3)
FN:138,(anonymous_4)
FN:169,(anonymous_5)
FN:181,(anonymous_6)
FN:220,(anonymous_7)
FNF:8
FNH:7
FNDA:4,(anonymous_0)
FNDA:2,(anonymous_1)
FNDA:2,(anonymous_2)
FNDA:8,(anonymous_3)
FNDA:2,(anonymous_4)
FNDA:5,(anonymous_5)
FNDA:0,(anonymous_6)
FNDA:3,(anonymous_7)
DA:3,37
DA:4,37
DA:5,37
DA:6,37
DA:7,37
DA:8,37
DA:12,37
DA:13,4
DA:25,4
DA:26,4
DA:27,9
DA:28,9
DA:32,4
DA:33,3
DA:34,3
DA:35,3
DA:36,2
DA:37,2
DA:38,2
DA:41,2
DA:42,1
DA:43,1
DA:44,1
DA:46,1
DA:48,1
DA:49,0
DA:51,1
DA:56,3
DA:58,4
DA:59,4
DA:60,3
DA:63,3
DA:65,3
DA:76,3
DA:77,3
DA:79,3
DA:85,37
DA:86,2
DA:87,2
DA:88,2
DA:89,1
DA:90,1
DA:101,1
DA:102,1
DA:104,1
DA:110,37
DA:111,2
DA:113,2
DA:114,8
DA:119,2
DA:120,2
DA:125,1
DA:129,1
DA:130,1
DA:132,1
DA:138,37
DA:139,2
DA:140,2
DA:144,2
DA:145,2
DA:146,2
DA:147,2
DA:156,1
DA:160,1
DA:161,1
DA:163,1
DA:169,37
DA:170,5
DA:171,5
DA:172,5
DA:173,5
DA:176,4
DA:180,0
DA:181,0
DA:182,0
DA:183,0
DA:186,0
DA:187,0
DA:192,0
DA:197,0
DA:204,4
DA:211,1
DA:212,1
DA:214,1
DA:220,37
DA:221,3
DA:222,3
DA:223,3
DA:229,2
DA:230,1
DA:234,1
DA:239,1
DA:240,1
DA:242,1
DA:246,37
LF:95
LH:86
BRDA:27,0,0,9
BRDA:27,0,1,0
BRDA:32,1,0,3
BRDA:32,1,1,1
BRDA:35,2,0,2
BRDA:35,2,1,1
BRDA:41,3,0,1
BRDA:41,3,1,1
BRDA:48,4,0,0
BRDA:48,4,1,1
BRDA:76,5,0,3
BRDA:76,5,1,0
BRDA:101,6,0,1
BRDA:101,6,1,0
BRDA:129,7,0,1
BRDA:129,7,1,0
BRDA:160,8,0,1
BRDA:160,8,1,0
BRDA:176,9,0,0
BRDA:176,9,1,4
BRDA:177,10,0,4
BRDA:177,10,1,3
BRDA:182,11,0,0
BRDA:182,11,1,0
BRDA:186,12,0,0
BRDA:186,12,1,0
BRDA:211,13,0,1
BRDA:211,13,1,0
BRDA:229,14,0,1
BRDA:229,14,1,1
BRDA:239,15,0,1
BRDA:239,15,1,0
BRF:32
BRH:19
end_of_record
TN:
SF:controllers\uploadController.js
FN:12,handleUpload
FN:20,(anonymous_1)
FNF:2
FNH:0
FNDA:0,handleUpload
FNDA:0,(anonymous_1)
DA:1,37
DA:2,37
DA:3,37
DA:6,37
DA:13,0
DA:17,0
DA:20,37
DA:21,0
DA:22,0
DA:23,0
DA:24,0
DA:25,0
DA:26,0
DA:27,0
DA:28,0
DA:32,0
DA:33,0
DA:39,37
LF:18
LH:6
BRF:0
BRH:0
end_of_record
TN:
SF:helpers\auth.methods.js
FN:3,(anonymous_0)
FNF:1
FNH:0
FNDA:0,(anonymous_0)
DA:1,37
DA:3,37
DA:4,0
DA:5,0
DA:7,0
DA:8,0
LF:6
LH:2
BRF:0
BRH:0
end_of_record
TN:
SF:helpers\createServer.js
FN:8,createServer
FN:13,(anonymous_1)
FN:28,(anonymous_2)
FN:35,(anonymous_3)
FNF:4
FNH:3
FNDA:37,createServer
FNDA:96,(anonymous_1)
FNDA:0,(anonymous_2)
FNDA:31,(anonymous_3)
DA:1,37
DA:2,37
DA:3,37
DA:4,37
DA:5,37
DA:6,37
DA:9,37
DA:11,37
DA:13,37
DA:14,96
DA:15,96
DA:16,96
DA:17,96
DA:21,96
DA:24,37
DA:25,37
DA:26,37
DA:28,37
DA:29,0
DA:30,0
DA:33,37
DA:35,37
DA:36,31
DA:41,31
DA:42,2
DA:44,29
DA:47,31
DA:50,37
DA:53,37
LF:29
LH:27
BRDA:36,0,0,31
BRDA:36,0,1,0
BRDA:41,1,0,2
BRDA:41,1,1,29
BRF:4
BRH:3
end_of_record
TN:
SF:helpers\generateAccessToken.js
FN:6,(anonymous_0)
FNF:1
FNH:0
FNDA:0,(anonymous_0)
DA:1,37
DA:3,37
DA:6,37
DA:7,0
DA:8,0
DA:13,37
LF:6
LH:4
BRF:0
BRH:0
end_of_record
TN:
SF:helpers\getTutorData.js
FN:3,(anonymous_0)
FNF:1
FNH:0
FNDA:0,(anonymous_0)
DA:1,37
DA:3,37
DA:4,0
DA:5,0
DA:6,0
DA:17,37
LF:6
LH:3
BRF:0
BRH:0
end_of_record
TN:
SF:helpers\toLocalDateTime.js
FN:1,(anonymous_0)
FNF:1
FNH:1
FNDA:2,(anonymous_0)
DA:1,38
DA:2,2
DA:3,2
DA:4,2
LF:4
LH:4
BRF:0
BRH:0
end_of_record
TN:
SF:middlewares\auth.middlewares.js
FN:5,(anonymous_0)
FNF:1
FNH:0
FNDA:0,(anonymous_0)
DA:1,37
DA:3,37
DA:5,37
DA:7,0
DA:8,0
DA:9,0
DA:12,0
DA:14,0
DA:18,0
DA:19,0
DA:24,0
DA:26,0
DA:28,0
LF:13
LH:3
BRDA:8,0,0,0
BRDA:8,0,1,0
BRDA:18,1,0,0
BRDA:18,1,1,0
BRF:4
BRH:0
end_of_record
TN:
SF:models\admin.js
FN:3,(anonymous_0)
FN:10,(anonymous_1)
FNF:2
FNH:2
FNDA:37,(anonymous_0)
FNDA:37,(anonymous_1)
DA:2,37
DA:3,37
DA:12,37
DA:15,37
DA:24,37
LF:5
LH:5
BRF:0
BRH:0
end_of_record
TN:
SF:models\administrative_regions.js
FN:2,(anonymous_0)
FNF:1
FNH:1
FNDA:74,(anonymous_0)
DA:1,37
DA:2,37
DA:3,74
LF:3
LH:3
BRF:0
BRH:0
end_of_record
TN:
SF:models\administrative_units.js
FN:2,(anonymous_0)
FNF:1
FNH:1
FNDA:74,(anonymous_0)
DA:1,37
DA:2,37
DA:3,74
LF:3
LH:3
BRF:0
BRH:0
end_of_record
TN:
SF:models\class.js
FN:5,(anonymous_0)
FN:12,(anonymous_1)
FNF:2
FNH:2
FNDA:37,(anonymous_0)
FNDA:37,(anonymous_1)
DA:4,37
DA:5,37
DA:16,37
DA:29,37
LF:4
LH:4
BRF:0
BRH:0
end_of_record
TN:
SF:models\comment.js
FN:3,(anonymous_0)
FN:5,(anonymous_1)
FNF:2
FNH:2
FNDA:74,(anonymous_0)
FNDA:37,(anonymous_1)
DA:2,37
DA:3,37
DA:6,37
DA:10,37
DA:14,37
DA:20,74
DA:39,74
LF:7
LH:7
BRF:0
BRH:0
end_of_record
TN:
SF:models\districts.js
FN:2,(anonymous_0)
FNF:1
FNH:1
FNDA:74,(anonymous_0)
DA:1,37
DA:2,37
DA:3,74
LF:3
LH:3
BRF:0
BRH:0
end_of_record
TN:
SF:models\index.js
FN:25,(anonymous_0)
FN:33,(anonymous_1)
FN:41,(anonymous_2)
FNF:3
FNH:3
FNDA:740,(anonymous_0)
FNDA:703,(anonymous_1)
FNDA:703,(anonymous_2)
DA:3,37
DA:4,37
DA:5,37
DA:6,37
DA:7,37
DA:8,37
DA:9,37
DA:10,37
DA:13,37
DA:14,0
DA:16,37
DA:24,37
DA:26,740
DA:34,703
DA:38,703
DA:41,37
DA:42,703
DA:43,481
DA:47,37
DA:48,37
DA:51,37
DA:52,37
DA:53,37
DA:54,37
DA:56,37
LF:25
LH:24
BRDA:8,0,0,37
BRDA:8,0,1,0
BRDA:13,1,0,0
BRDA:13,1,1,37
BRDA:27,2,0,740
BRDA:27,2,1,740
BRDA:27,2,2,703
BRDA:27,2,3,703
BRDA:42,3,0,481
BRDA:42,3,1,222
BRF:10
BRH:8
end_of_record
TN:
SF:models\init-models.js
FN:8,initModels
FNF:1
FNH:1
FNDA:37,initModels
DA:1,37
DA:2,37
DA:3,37
DA:4,37
DA:5,37
DA:6,37
DA:9,37
DA:10,37
DA:11,37
DA:12,37
DA:13,37
DA:15,37
DA:16,37
DA:17,37
DA:18,37
DA:19,37
DA:20,37
DA:21,37
DA:22,37
DA:23,37
DA:24,37
DA:25,37
DA:26,37
DA:28,37
DA:36,37
DA:37,37
DA:38,37
LF:27
LH:27
BRF:0
BRH:0
end_of_record
TN:
SF:models\parent.js
FN:3,(anonymous_0)
FN:10,(anonymous_1)
FNF:2
FNH:2
FNDA:37,(anonymous_0)
FNDA:37,(anonymous_1)
DA:2,37
DA:3,37
DA:12,37
DA:15,37
DA:26,37
LF:5
LH:5
BRF:0
BRH:0
end_of_record
TN:
SF:models\post.js
FN:3,(anonymous_0)
FN:5,(anonymous_1)
FNF:2
FNH:2
FNDA:74,(anonymous_0)
FNDA:37,(anonymous_1)
DA:2,37
DA:3,37
DA:6,37
DA:10,37
DA:13,37
DA:19,74
DA:38,74
LF:7
LH:7
BRF:0
BRH:0
end_of_record
TN:
SF:models\provinces.js
FN:2,(anonymous_0)
FNF:1
FNH:1
FNDA:74,(anonymous_0)
DA:1,37
DA:2,37
DA:3,74
LF:3
LH:3
BRF:0
BRH:0
end_of_record
TN:
SF:models\refreshtoken.js
FN:3,(anonymous_0)
FN:10,(anonymous_1)
FNF:2
FNH:2
FNDA:37,(anonymous_0)
FNDA:37,(anonymous_1)
DA:2,37
DA:3,37
DA:14,37
DA:29,37
LF:4
LH:4
BRF:0
BRH:0
end_of_record
TN:
SF:models\requestclasses.js
FN:5,(anonymous_0)
FN:12,(anonymous_1)
FNF:2
FNH:2
FNDA:37,(anonymous_0)
FNDA:37,(anonymous_1)
DA:4,37
DA:5,37
DA:16,37
DA:39,37
LF:4
LH:4
BRF:0
BRH:0
end_of_record
TN:
SF:models\subject.js
FN:5,(anonymous_0)
FN:12,(anonymous_1)
FNF:2
FNH:2
FNDA:37,(anonymous_0)
FNDA:37,(anonymous_1)
DA:4,37
DA:5,37
DA:16,37
DA:24,37
LF:4
LH:4
BRF:0
BRH:0
end_of_record
TN:
SF:models\test.js
FN:5,(anonymous_0)
FN:12,(anonymous_1)
FNF:2
FNH:2
FNDA:37,(anonymous_0)
FNDA:37,(anonymous_1)
DA:4,37
DA:5,37
DA:16,37
DA:24,37
LF:4
LH:4
BRF:0
BRH:0
end_of_record
TN:
SF:models\tutor.js
FN:3,(anonymous_0)
FN:10,(anonymous_1)
FNF:2
FNH:2
FNDA:37,(anonymous_0)
FNDA:37,(anonymous_1)
DA:2,37
DA:3,37
DA:12,37
DA:17,37
DA:38,37
LF:5
LH:5
BRF:0
BRH:0
end_of_record
TN:
SF:models\tutor_request_class.js
FN:5,(anonymous_0)
FN:12,(anonymous_1)
FNF:2
FNH:2
FNDA:37,(anonymous_0)
FNDA:37,(anonymous_1)
DA:4,37
DA:5,37
DA:16,37
DA:24,37
LF:4
LH:4
BRF:0
BRH:0
end_of_record
TN:
SF:models\user.js
FN:3,(anonymous_0)
FN:10,(anonymous_1)
FNF:2
FNH:2
FNDA:74,(anonymous_0)
FNDA:37,(anonymous_1)
DA:2,37
DA:3,37
DA:12,37
DA:15,37
DA:18,37
DA:21,37
DA:24,37
DA:27,37
DA:32,74
DA:50,74
LF:10
LH:10
BRF:0
BRH:0
end_of_record
TN:
SF:models\vote.js
FN:3,(anonymous_0)
FN:5,(anonymous_1)
FNF:2
FNH:2
FNDA:74,(anonymous_0)
FNDA:37,(anonymous_1)
DA:2,37
DA:3,37
DA:6,37
DA:10,37
DA:14,37
DA:20,74
DA:40,74
LF:7
LH:7
BRF:0
BRH:0
end_of_record
TN:
SF:models\wards.js
FN:2,(anonymous_0)
FNF:1
FNH:1
FNDA:74,(anonymous_0)
DA:1,37
DA:2,37
DA:3,74
LF:3
LH:3
BRF:0
BRH:0
end_of_record
TN:
SF:routers\address.router.js
FNF:0
FNH:0
DA:1,37
DA:3,37
DA:5,37
DA:6,37
DA:7,37
DA:8,37
DA:10,37
LF:7
LH:7
BRF:0
BRH:0
end_of_record
TN:
SF:routers\admin.routers.js
FNF:0
FNH:0
DA:1,37
DA:3,37
DA:4,37
DA:6,37
DA:8,37
DA:9,37
DA:11,37
LF:7
LH:7
BRF:0
BRH:0
end_of_record
TN:
SF:routers\auth.router.js
FN:7,(anonymous_0)
FNF:1
FNH:0
FNDA:0,(anonymous_0)
DA:1,37
DA:3,37
DA:4,37
DA:5,37
DA:7,37
DA:8,0
DA:9,0
DA:14,37
DA:15,37
DA:16,37
DA:17,37
DA:18,37
DA:19,37
DA:21,37
LF:14
LH:12
BRF:0
BRH:0
end_of_record
TN:
SF:routers\class.router.js
FNF:0
FNH:0
DA:1,37
DA:3,37
DA:4,37
DA:6,37
DA:8,37
DA:9,37
DA:10,37
DA:11,37
DA:12,37
DA:13,37
DA:14,37
LF:11
LH:11
BRF:0
BRH:0
end_of_record
TN:
SF:routers\comment.router.js
FNF:0
FNH:0
DA:1,37
DA:3,37
DA:5,37
DA:6,37
DA:7,37
DA:8,37
DA:10,37
DA:11,37
DA:13,37
LF:9
LH:9
BRF:0
BRH:0
end_of_record
TN:
SF:routers\index.js
FNF:0
FNH:0
DA:1,37
DA:3,37
DA:4,37
DA:5,37
DA:6,37
DA:7,37
DA:8,37
DA:9,37
DA:10,37
DA:11,37
DA:13,37
DA:15,37
DA:17,37
DA:18,37
DA:19,37
DA:20,37
DA:21,37
DA:22,37
DA:23,37
DA:24,37
DA:26,37
LF:21
LH:21
BRF:0
BRH:0
end_of_record
TN:
SF:routers\parents.router.js
FNF:0
FNH:0
DA:1,37
DA:3,37
DA:4,37
DA:6,37
DA:8,37
DA:9,37
DA:10,37
DA:11,37
DA:12,37
LF:9
LH:9
BRF:0
BRH:0
end_of_record
TN:
SF:routers\post.router.js
FNF:0
FNH:0
DA:1,37
DA:3,37
DA:5,37
DA:6,37
DA:7,37
DA:8,37
DA:9,37
DA:11,37
DA:12,37
DA:14,37
LF:10
LH:10
BRF:0
BRH:0
end_of_record
TN:
SF:routers\tutor.router.js
FNF:0
FNH:0
DA:1,37
DA:4,37
DA:5,37
DA:7,37
DA:9,37
DA:10,37
DA:11,37
DA:12,37
DA:13,37
DA:14,37
DA:16,37
LF:11
LH:11
BRF:0
BRH:0
end_of_record
TN:
SF:routers\upload.router.js
FNF:0
FNH:0
DA:1,37
DA:2,37
DA:4,37
DA:6,37
DA:7,37
DA:11,37
DA:13,37
LF:7
LH:7
BRF:0
BRH:0
end_of_record
TN:
SF:services\contract-generator.service\index.js
FN:6,(anonymous_0)
FN:16,(anonymous_1)
FNF:2
FNH:0
FNDA:0,(anonymous_0)
FNDA:0,(anonymous_1)
DA:1,37
DA:2,37
DA:3,37
DA:5,37
DA:7,0
DA:8,0
DA:9,0
DA:10,0
DA:11,0
DA:15,0
DA:16,0
DA:17,0
DA:18,0
DA:19,0
DA:20,0
DA:21,0
DA:23,0
DA:24,0
DA:25,0
DA:27,0
DA:28,0
DA:29,0
DA:30,0
DA:32,0
DA:37,0
DA:39,0
DA:41,0
DA:42,0
DA:43,0
LF:29
LH:4
BRF:0
BRH:0
end_of_record
