TN:
SF:controllers\addressController.js
FN:8,(anonymous_0)
FN:25,(anonymous_1)
FN:48,(anonymous_2)
FN:71,(anonymous_3)
FNF:4
FNH:0
FNDA:0,(anonymous_0)
FNDA:0,(anonymous_1)
FNDA:0,(anonymous_2)
FNDA:0,(anonymous_3)
DA:1,14
DA:2,14
DA:3,14
DA:4,14
DA:5,14
DA:6,14
DA:8,14
DA:9,0
DA:10,0
DA:14,0
DA:18,0
DA:19,0
DA:21,0
DA:25,14
DA:26,0
DA:27,0
DA:28,0
DA:38,0
DA:42,0
DA:43,0
DA:45,0
DA:48,14
DA:49,0
DA:50,0
DA:51,0
DA:61,0
DA:65,0
DA:66,0
DA:68,0
DA:71,14
DA:72,0
DA:73,0
DA:74,0
DA:82,0
DA:86,0
DA:87,0
DA:89,0
DA:93,14
LF:38
LH:11
BRDA:18,0,0,0
BRDA:18,0,1,0
BRDA:42,1,0,0
BRDA:42,1,1,0
BRDA:65,2,0,0
BRDA:65,2,1,0
BRDA:86,3,0,0
BRDA:86,3,1,0
BRF:8
BRH:0
end_of_record
TN:
SF:controllers\adminController.js
FN:6,(anonymous_0)
FN:38,(anonymous_1)
FNF:2
FNH:2
FNDA:3,(anonymous_0)
FNDA:3,(anonymous_1)
DA:1,14
DA:2,14
DA:6,14
DA:7,3
DA:8,3
DA:9,2
DA:10,2
DA:11,3
DA:12,3
DA:13,1
DA:14,1
DA:16,2
DA:25,1
DA:29,2
DA:30,2
DA:32,2
DA:38,14
DA:39,3
DA:40,3
DA:41,3
DA:42,2
DA:43,1
DA:44,1
DA:46,1
DA:47,1
DA:51,2
DA:52,2
DA:54,2
DA:58,14
LF:29
LH:29
BRDA:12,0,0,1
BRDA:12,0,1,2
BRDA:29,1,0,2
BRDA:29,1,1,0
BRDA:42,2,0,1
BRDA:42,2,1,1
BRDA:51,3,0,2
BRDA:51,3,1,0
BRF:8
BRH:6
end_of_record
TN:
SF:controllers\auth.controller.js
FN:16,(anonymous_0)
FN:59,(anonymous_1)
FN:113,(anonymous_2)
FN:184,(anonymous_3)
FN:197,(anonymous_4)
FN:237,(anonymous_5)
FNF:6
FNH:1
FNDA:0,(anonymous_0)
FNDA:4,(anonymous_1)
FNDA:0,(anonymous_2)
FNDA:0,(anonymous_3)
FNDA:0,(anonymous_4)
FNDA:0,(anonymous_5)
DA:1,14
DA:2,14
DA:3,14
DA:4,14
DA:5,14
DA:6,14
DA:16,14
DA:17,0
DA:18,0
DA:19,0
DA:20,0
DA:21,0
DA:24,0
DA:25,0
DA:26,0
DA:28,0
DA:35,0
DA:36,0
DA:42,0
DA:50,0
DA:52,0
DA:53,0
DA:54,0
DA:58,14
DA:60,4
DA:62,4
DA:63,4
DA:64,3
DA:65,1
DA:68,1
DA:69,1
DA:70,1
DA:73,3
DA:74,2
DA:75,1
DA:78,1
DA:79,1
DA:80,1
DA:83,2
DA:93,2
DA:106,3
DA:107,3
DA:109,3
DA:115,0
DA:117,0
DA:128,0
DA:129,0
DA:130,0
DA:141,0
DA:143,0
DA:144,0
DA:146,0
DA:147,0
DA:149,0
DA:150,0
DA:153,0
DA:154,0
DA:163,0
DA:176,0
DA:177,0
DA:179,0
DA:185,0
DA:186,0
DA:187,0
DA:189,0
DA:190,0
DA:192,0
DA:198,0
DA:199,0
DA:201,0
DA:202,0
DA:203,0
DA:206,0
DA:210,0
DA:211,0
DA:214,0
DA:215,0
DA:216,0
DA:218,0
DA:219,0
DA:220,0
DA:223,0
DA:225,0
DA:229,0
DA:230,0
DA:231,0
DA:238,0
DA:240,0
DA:241,0
DA:242,0
DA:244,0
DA:248,0
DA:249,0
DA:250,0
DA:251,0
DA:253,0
DA:254,0
DA:255,0
DA:258,0
DA:259,0
DA:260,0
DA:262,0
DA:263,0
DA:265,0
LF:104
LH:27
BRDA:20,0,0,0
BRDA:20,0,1,0
BRDA:64,1,0,1
BRDA:64,1,1,2
BRDA:74,2,0,1
BRDA:74,2,1,1
BRDA:106,3,0,3
BRDA:106,3,1,0
BRDA:141,4,0,0
BRDA:141,4,1,0
BRDA:141,4,2,0
BRDA:176,5,0,0
BRDA:176,5,1,0
BRDA:189,6,0,0
BRDA:189,6,1,0
BRDA:202,7,0,0
BRDA:202,7,1,0
BRDA:214,8,0,0
BRDA:214,8,1,0
BRDA:214,9,0,0
BRDA:214,9,1,0
BRDA:229,10,0,0
BRDA:229,10,1,0
BRDA:242,11,0,0
BRDA:242,11,1,0
BRDA:250,12,0,0
BRDA:250,12,1,0
BRDA:250,13,0,0
BRDA:250,13,1,0
BRDA:262,14,0,0
BRDA:262,14,1,0
BRF:31
BRH:5
end_of_record
TN:
SF:controllers\classController.js
FN:9,(anonymous_0)
FN:11,(anonymous_1)
FN:14,(anonymous_2)
FN:24,(anonymous_3)
FN:50,(anonymous_4)
FN:68,(anonymous_5)
FN:104,(anonymous_6)
FN:136,(anonymous_7)
FN:176,(anonymous_8)
FNF:9
FNH:0
FNDA:0,(anonymous_0)
FNDA:0,(anonymous_1)
FNDA:0,(anonymous_2)
FNDA:0,(anonymous_3)
FNDA:0,(anonymous_4)
FNDA:0,(anonymous_5)
FNDA:0,(anonymous_6)
FNDA:0,(anonymous_7)
FNDA:0,(anonymous_8)
DA:1,14
DA:2,14
DA:3,14
DA:6,14
DA:9,14
DA:10,0
DA:11,0
DA:12,0
DA:14,0
DA:15,0
DA:17,0
DA:19,0
DA:21,0
DA:24,0
DA:25,0
DA:27,0
DA:32,0
DA:34,0
DA:38,0
DA:42,0
DA:43,0
DA:45,0
DA:50,14
DA:51,0
DA:52,0
DA:53,0
DA:54,0
DA:55,0
DA:56,0
DA:60,0
DA:61,0
DA:63,0
DA:68,14
DA:69,0
DA:70,0
DA:71,0
DA:78,0
DA:79,0
DA:80,0
DA:81,0
DA:82,0
DA:91,0
DA:95,0
DA:96,0
DA:98,0
DA:104,14
DA:113,0
DA:114,0
DA:115,0
DA:124,0
DA:128,0
DA:129,0
DA:131,0
DA:136,14
DA:137,0
DA:161,0
DA:162,0
DA:163,0
DA:164,0
DA:165,0
DA:167,0
DA:168,0
DA:170,0
DA:176,14
DA:177,0
DA:178,0
DA:179,0
DA:180,0
DA:184,0
DA:185,0
DA:187,0
DA:191,14
LF:72
LH:11
BRDA:15,0,0,0
BRDA:15,0,1,0
BRDA:15,0,2,0
BRDA:28,1,0,0
BRDA:28,1,1,0
BRDA:29,2,0,0
BRDA:29,2,1,0
BRDA:30,3,0,0
BRDA:30,3,1,0
BRDA:42,4,0,0
BRDA:42,4,1,0
BRDA:60,5,0,0
BRDA:60,5,1,0
BRDA:79,6,0,0
BRDA:79,6,1,0
BRDA:95,7,0,0
BRDA:95,7,1,0
BRDA:128,8,0,0
BRDA:128,8,1,0
BRDA:167,9,0,0
BRDA:167,9,1,0
BRDA:184,10,0,0
BRDA:184,10,1,0
BRF:23
BRH:0
end_of_record
TN:
SF:controllers\comment.controller.js
FN:3,(anonymous_0)
FN:18,(anonymous_1)
FN:36,(anonymous_2)
FN:47,(anonymous_3)
FN:72,(anonymous_4)
FN:80,(anonymous_5)
FN:98,(anonymous_6)
FN:148,(anonymous_7)
FNF:8
FNH:0
FNDA:0,(anonymous_0)
FNDA:0,(anonymous_1)
FNDA:0,(anonymous_2)
FNDA:0,(anonymous_3)
FNDA:0,(anonymous_4)
FNDA:0,(anonymous_5)
FNDA:0,(anonymous_6)
FNDA:0,(anonymous_7)
DA:1,14
DA:3,14
DA:4,0
DA:5,0
DA:6,0
DA:11,0
DA:13,0
DA:14,0
DA:18,14
DA:19,0
DA:20,0
DA:29,0
DA:31,0
DA:32,0
DA:36,14
DA:37,0
DA:38,0
DA:39,0
DA:41,0
DA:48,0
DA:49,0
DA:58,0
DA:63,0
DA:67,0
DA:68,0
DA:72,14
DA:73,0
DA:74,0
DA:75,0
DA:81,0
DA:82,0
DA:85,0
DA:89,0
DA:93,0
DA:94,0
DA:98,14
DA:99,0
DA:100,0
DA:101,0
DA:102,0
DA:104,0
DA:109,0
DA:110,0
DA:111,0
DA:113,0
DA:119,0
DA:124,0
DA:130,0
DA:137,0
DA:143,0
DA:144,0
DA:148,14
DA:149,0
DA:150,0
DA:152,0
DA:159,0
DA:160,0
DA:164,0
DA:167,0
DA:168,0
DA:172,14
LF:61
LH:8
BRDA:48,0,0,0
BRDA:48,0,1,0
BRDA:81,1,0,0
BRDA:81,1,1,0
BRDA:109,2,0,0
BRDA:109,2,1,0
BRDA:110,3,0,0
BRDA:110,3,1,0
BRDA:159,4,0,0
BRDA:159,4,1,0
BRF:10
BRH:0
end_of_record
TN:
SF:controllers\parentsController.js
FN:8,(anonymous_0)
FN:68,(anonymous_1)
FN:84,(anonymous_2)
FN:108,(anonymous_3)
FNF:4
FNH:4
FNDA:3,(anonymous_0)
FNDA:2,(anonymous_1)
FNDA:2,(anonymous_2)
FNDA:2,(anonymous_3)
DA:1,14
DA:2,14
DA:3,14
DA:8,14
DA:26,3
DA:28,3
DA:29,3
DA:32,3
DA:33,1
DA:34,1
DA:35,1
DA:37,2
DA:38,2
DA:57,1
DA:59,2
DA:60,1
DA:62,2
DA:68,14
DA:69,2
DA:70,2
DA:71,1
DA:75,1
DA:76,1
DA:78,1
DA:84,14
DA:85,2
DA:86,2
DA:87,2
DA:94,1
DA:98,1
DA:99,1
DA:101,1
DA:108,14
DA:109,2
DA:110,2
DA:111,2
DA:112,1
DA:116,1
DA:117,1
DA:119,1
DA:123,14
LF:41
LH:41
BRDA:32,0,0,1
BRDA:32,0,1,2
BRDA:59,1,0,1
BRDA:59,1,1,1
BRDA:75,2,0,1
BRDA:75,2,1,0
BRDA:98,3,0,1
BRDA:98,3,1,0
BRDA:116,4,0,1
BRDA:116,4,1,0
BRF:10
BRH:7
end_of_record
TN:
SF:controllers\post.controller.js
FN:3,(anonymous_0)
FN:19,(anonymous_1)
FN:29,(anonymous_2)
FN:46,(anonymous_3)
FN:56,(anonymous_4)
FN:75,(anonymous_5)
FN:98,(anonymous_6)
FN:193,(anonymous_7)
FN:237,(anonymous_8)
FN:287,(anonymous_9)
FN:298,(anonymous_10)
FN:311,(anonymous_11)
FNF:12
FNH:0
FNDA:0,(anonymous_0)
FNDA:0,(anonymous_1)
FNDA:0,(anonymous_2)
FNDA:0,(anonymous_3)
FNDA:0,(anonymous_4)
FNDA:0,(anonymous_5)
FNDA:0,(anonymous_6)
FNDA:0,(anonymous_7)
FNDA:0,(anonymous_8)
FNDA:0,(anonymous_9)
FNDA:0,(anonymous_10)
FNDA:0,(anonymous_11)
DA:1,14
DA:3,14
DA:4,0
DA:6,0
DA:7,0
DA:12,0
DA:14,0
DA:15,0
DA:19,14
DA:20,0
DA:21,0
DA:23,0
DA:24,0
DA:30,0
DA:31,0
DA:32,0
DA:37,0
DA:41,0
DA:42,0
DA:46,14
DA:47,0
DA:49,0
DA:50,0
DA:57,0
DA:58,0
DA:62,0
DA:66,0
DA:70,0
DA:71,0
DA:75,14
DA:76,0
DA:77,0
DA:88,0
DA:89,0
DA:91,0
DA:94,0
DA:98,14
DA:99,0
DA:100,0
DA:102,0
DA:136,0
DA:137,0
DA:140,0
DA:177,0
DA:182,0
DA:183,0
DA:193,14
DA:194,0
DA:195,0
DA:229,0
DA:230,0
DA:233,0
DA:237,14
DA:238,0
DA:239,0
DA:240,0
DA:241,0
DA:243,0
DA:252,0
DA:253,0
DA:254,0
DA:256,0
DA:261,0
DA:263,0
DA:269,0
DA:276,0
DA:282,0
DA:283,0
DA:287,14
DA:288,0
DA:289,0
DA:291,0
DA:299,0
DA:300,0
DA:302,0
DA:306,0
DA:307,0
DA:311,14
DA:312,0
DA:313,0
DA:315,0
DA:323,0
DA:324,0
DA:328,0
DA:333,0
DA:336,0
DA:337,0
DA:341,14
LF:88
LH:11
BRDA:30,0,0,0
BRDA:30,0,1,0
BRDA:57,1,0,0
BRDA:57,1,1,0
BRDA:88,2,0,0
BRDA:88,2,1,0
BRDA:136,3,0,0
BRDA:136,3,1,0
BRDA:229,4,0,0
BRDA:229,4,1,0
BRDA:252,5,0,0
BRDA:252,5,1,0
BRDA:253,6,0,0
BRDA:253,6,1,0
BRDA:299,7,0,0
BRDA:299,7,1,0
BRDA:323,8,0,0
BRDA:323,8,1,0
BRF:18
BRH:0
end_of_record
TN:
SF:controllers\tutorController.js
FN:12,(anonymous_0)
FN:85,(anonymous_1)
FN:110,(anonymous_2)
FN:113,(anonymous_3)
FN:138,(anonymous_4)
FN:169,(anonymous_5)
FN:181,(anonymous_6)
FN:220,(anonymous_7)
FNF:8
FNH:7
FNDA:4,(anonymous_0)
FNDA:2,(anonymous_1)
FNDA:2,(anonymous_2)
FNDA:8,(anonymous_3)
FNDA:2,(anonymous_4)
FNDA:5,(anonymous_5)
FNDA:0,(anonymous_6)
FNDA:3,(anonymous_7)
DA:3,14
DA:4,14
DA:5,14
DA:6,14
DA:7,14
DA:8,14
DA:12,14
DA:13,4
DA:25,4
DA:26,4
DA:27,9
DA:28,9
DA:32,4
DA:33,3
DA:34,3
DA:35,3
DA:36,2
DA:37,2
DA:38,2
DA:41,2
DA:42,1
DA:43,1
DA:44,1
DA:46,1
DA:48,1
DA:49,0
DA:51,1
DA:56,3
DA:58,4
DA:59,4
DA:60,3
DA:63,3
DA:65,3
DA:76,3
DA:77,3
DA:79,3
DA:85,14
DA:86,2
DA:87,2
DA:88,2
DA:89,1
DA:90,1
DA:101,1
DA:102,1
DA:104,1
DA:110,14
DA:111,2
DA:113,2
DA:114,8
DA:119,2
DA:120,2
DA:125,1
DA:129,1
DA:130,1
DA:132,1
DA:138,14
DA:139,2
DA:140,2
DA:144,2
DA:145,2
DA:146,2
DA:147,2
DA:156,1
DA:160,1
DA:161,1
DA:163,1
DA:169,14
DA:170,5
DA:171,5
DA:172,5
DA:173,5
DA:176,4
DA:180,0
DA:181,0
DA:182,0
DA:183,0
DA:186,0
DA:187,0
DA:192,0
DA:197,0
DA:204,4
DA:211,1
DA:212,1
DA:214,1
DA:220,14
DA:221,3
DA:222,3
DA:223,3
DA:229,2
DA:230,1
DA:234,1
DA:239,1
DA:240,1
DA:242,1
DA:246,14
LF:95
LH:86
BRDA:27,0,0,9
BRDA:27,0,1,0
BRDA:32,1,0,3
BRDA:32,1,1,1
BRDA:35,2,0,2
BRDA:35,2,1,1
BRDA:41,3,0,1
BRDA:41,3,1,1
BRDA:48,4,0,0
BRDA:48,4,1,1
BRDA:76,5,0,3
BRDA:76,5,1,0
BRDA:101,6,0,1
BRDA:101,6,1,0
BRDA:129,7,0,1
BRDA:129,7,1,0
BRDA:160,8,0,1
BRDA:160,8,1,0
BRDA:176,9,0,0
BRDA:176,9,1,4
BRDA:177,10,0,4
BRDA:177,10,1,3
BRDA:182,11,0,0
BRDA:182,11,1,0
BRDA:186,12,0,0
BRDA:186,12,1,0
BRDA:211,13,0,1
BRDA:211,13,1,0
BRDA:229,14,0,1
BRDA:229,14,1,1
BRDA:239,15,0,1
BRDA:239,15,1,0
BRF:32
BRH:19
end_of_record
TN:
SF:controllers\uploadController.js
FN:14,handleUpload
FN:22,(anonymous_1)
FNF:2
FNH:0
FNDA:0,handleUpload
FNDA:0,(anonymous_1)
DA:1,14
DA:2,14
DA:3,14
DA:4,14
DA:6,14
DA:8,14
DA:15,0
DA:19,0
DA:22,14
DA:23,0
DA:24,0
DA:25,0
DA:26,0
DA:27,0
DA:28,0
DA:29,0
DA:30,0
DA:34,0
DA:35,0
DA:41,14
LF:20
LH:8
BRF:0
BRH:0
end_of_record
TN:
SF:helpers\auth.methods.js
FN:3,(anonymous_0)
FNF:1
FNH:0
FNDA:0,(anonymous_0)
DA:1,14
DA:3,14
DA:4,0
DA:5,0
DA:7,0
DA:8,0
LF:6
LH:2
BRF:0
BRH:0
end_of_record
TN:
SF:helpers\createServer.js
FN:8,createServer
FN:13,(anonymous_1)
FN:28,(anonymous_2)
FN:35,(anonymous_3)
FNF:4
FNH:3
FNDA:14,createServer
FNDA:37,(anonymous_1)
FNDA:0,(anonymous_2)
FNDA:20,(anonymous_3)
DA:1,14
DA:2,14
DA:3,14
DA:4,14
DA:5,14
DA:6,14
DA:9,14
DA:11,14
DA:13,14
DA:14,37
DA:15,37
DA:16,37
DA:17,37
DA:21,37
DA:24,14
DA:25,14
DA:26,14
DA:28,14
DA:29,0
DA:30,0
DA:33,14
DA:35,14
DA:36,20
DA:41,20
DA:42,2
DA:44,18
DA:47,20
DA:50,14
DA:53,14
LF:29
LH:27
BRDA:36,0,0,20
BRDA:36,0,1,0
BRDA:41,1,0,2
BRDA:41,1,1,18
BRF:4
BRH:3
end_of_record
TN:
SF:helpers\generateAccessToken.js
FN:6,(anonymous_0)
FNF:1
FNH:0
FNDA:0,(anonymous_0)
DA:1,14
DA:3,14
DA:6,14
DA:7,0
DA:8,0
DA:13,14
LF:6
LH:4
BRF:0
BRH:0
end_of_record
TN:
SF:helpers\getTutorData.js
FN:3,(anonymous_0)
FNF:1
FNH:0
FNDA:0,(anonymous_0)
DA:1,14
DA:3,14
DA:4,0
DA:5,0
DA:6,0
DA:17,14
LF:6
LH:3
BRF:0
BRH:0
end_of_record
TN:
SF:helpers\toLocalDateTime.js
FN:1,(anonymous_0)
FNF:1
FNH:0
FNDA:0,(anonymous_0)
DA:1,14
DA:2,0
DA:3,0
DA:4,0
LF:4
LH:1
BRF:0
BRH:0
end_of_record
TN:
SF:middlewares\auth.middlewares.js
FN:5,(anonymous_0)
FNF:1
FNH:0
FNDA:0,(anonymous_0)
DA:1,14
DA:3,14
DA:5,14
DA:7,0
DA:8,0
DA:9,0
DA:12,0
DA:14,0
DA:18,0
DA:19,0
DA:24,0
DA:26,0
DA:28,0
LF:13
LH:3
BRDA:8,0,0,0
BRDA:8,0,1,0
BRDA:18,1,0,0
BRDA:18,1,1,0
BRF:4
BRH:0
end_of_record
TN:
SF:models\admin.js
FN:3,(anonymous_0)
FN:10,(anonymous_1)
FNF:2
FNH:2
FNDA:14,(anonymous_0)
FNDA:14,(anonymous_1)
DA:2,14
DA:3,14
DA:12,14
DA:15,14
DA:24,14
LF:5
LH:5
BRF:0
BRH:0
end_of_record
TN:
SF:models\administrative_regions.js
FN:2,(anonymous_0)
FNF:1
FNH:1
FNDA:28,(anonymous_0)
DA:1,14
DA:2,14
DA:3,28
LF:3
LH:3
BRF:0
BRH:0
end_of_record
TN:
SF:models\administrative_units.js
FN:2,(anonymous_0)
FNF:1
FNH:1
FNDA:28,(anonymous_0)
DA:1,14
DA:2,14
DA:3,28
LF:3
LH:3
BRF:0
BRH:0
end_of_record
TN:
SF:models\class.js
FN:5,(anonymous_0)
FN:12,(anonymous_1)
FNF:2
FNH:2
FNDA:14,(anonymous_0)
FNDA:14,(anonymous_1)
DA:4,14
DA:5,14
DA:16,14
DA:29,14
LF:4
LH:4
BRF:0
BRH:0
end_of_record
TN:
SF:models\comment.js
FN:3,(anonymous_0)
FN:5,(anonymous_1)
FNF:2
FNH:2
FNDA:28,(anonymous_0)
FNDA:14,(anonymous_1)
DA:2,14
DA:3,14
DA:6,14
DA:10,14
DA:14,14
DA:20,28
DA:39,28
LF:7
LH:7
BRF:0
BRH:0
end_of_record
TN:
SF:models\districts.js
FN:2,(anonymous_0)
FNF:1
FNH:1
FNDA:28,(anonymous_0)
DA:1,14
DA:2,14
DA:3,28
LF:3
LH:3
BRF:0
BRH:0
end_of_record
TN:
SF:models\index.js
FN:25,(anonymous_0)
FN:33,(anonymous_1)
FN:41,(anonymous_2)
FNF:3
FNH:3
FNDA:280,(anonymous_0)
FNDA:266,(anonymous_1)
FNDA:266,(anonymous_2)
DA:3,14
DA:4,14
DA:5,14
DA:6,14
DA:7,14
DA:8,14
DA:9,14
DA:10,14
DA:13,14
DA:14,0
DA:16,14
DA:24,14
DA:26,280
DA:34,266
DA:38,266
DA:41,14
DA:42,266
DA:43,182
DA:47,14
DA:48,14
DA:51,14
DA:52,14
DA:53,14
DA:54,14
DA:56,14
LF:25
LH:24
BRDA:8,0,0,14
BRDA:8,0,1,0
BRDA:13,1,0,0
BRDA:13,1,1,14
BRDA:27,2,0,280
BRDA:27,2,1,280
BRDA:27,2,2,266
BRDA:27,2,3,266
BRDA:42,3,0,182
BRDA:42,3,1,84
BRF:10
BRH:8
end_of_record
TN:
SF:models\init-models.js
FN:8,initModels
FNF:1
FNH:1
FNDA:14,initModels
DA:1,14
DA:2,14
DA:3,14
DA:4,14
DA:5,14
DA:6,14
DA:9,14
DA:10,14
DA:11,14
DA:12,14
DA:13,14
DA:15,14
DA:16,14
DA:17,14
DA:18,14
DA:19,14
DA:20,14
DA:21,14
DA:22,14
DA:23,14
DA:24,14
DA:25,14
DA:26,14
DA:28,14
DA:36,14
DA:37,14
DA:38,14
LF:27
LH:27
BRF:0
BRH:0
end_of_record
TN:
SF:models\parent.js
FN:3,(anonymous_0)
FN:10,(anonymous_1)
FNF:2
FNH:2
FNDA:14,(anonymous_0)
FNDA:14,(anonymous_1)
DA:2,14
DA:3,14
DA:12,14
DA:15,14
DA:26,14
LF:5
LH:5
BRF:0
BRH:0
end_of_record
TN:
SF:models\post.js
FN:3,(anonymous_0)
FN:5,(anonymous_1)
FNF:2
FNH:2
FNDA:28,(anonymous_0)
FNDA:14,(anonymous_1)
DA:2,14
DA:3,14
DA:6,14
DA:10,14
DA:13,14
DA:19,28
DA:38,28
LF:7
LH:7
BRF:0
BRH:0
end_of_record
TN:
SF:models\provinces.js
FN:2,(anonymous_0)
FNF:1
FNH:1
FNDA:28,(anonymous_0)
DA:1,14
DA:2,14
DA:3,28
LF:3
LH:3
BRF:0
BRH:0
end_of_record
TN:
SF:models\refreshtoken.js
FN:3,(anonymous_0)
FN:10,(anonymous_1)
FNF:2
FNH:2
FNDA:14,(anonymous_0)
FNDA:14,(anonymous_1)
DA:2,14
DA:3,14
DA:14,14
DA:29,14
LF:4
LH:4
BRF:0
BRH:0
end_of_record
TN:
SF:models\requestclasses.js
FN:5,(anonymous_0)
FN:12,(anonymous_1)
FNF:2
FNH:2
FNDA:14,(anonymous_0)
FNDA:14,(anonymous_1)
DA:4,14
DA:5,14
DA:16,14
DA:39,14
LF:4
LH:4
BRF:0
BRH:0
end_of_record
TN:
SF:models\subject.js
FN:5,(anonymous_0)
FN:12,(anonymous_1)
FNF:2
FNH:2
FNDA:14,(anonymous_0)
FNDA:14,(anonymous_1)
DA:4,14
DA:5,14
DA:16,14
DA:24,14
LF:4
LH:4
BRF:0
BRH:0
end_of_record
TN:
SF:models\test.js
FN:5,(anonymous_0)
FN:12,(anonymous_1)
FNF:2
FNH:2
FNDA:14,(anonymous_0)
FNDA:14,(anonymous_1)
DA:4,14
DA:5,14
DA:16,14
DA:24,14
LF:4
LH:4
BRF:0
BRH:0
end_of_record
TN:
SF:models\tutor.js
FN:3,(anonymous_0)
FN:10,(anonymous_1)
FNF:2
FNH:2
FNDA:14,(anonymous_0)
FNDA:14,(anonymous_1)
DA:2,14
DA:3,14
DA:12,14
DA:17,14
DA:38,14
LF:5
LH:5
BRF:0
BRH:0
end_of_record
TN:
SF:models\tutor_request_class.js
FN:5,(anonymous_0)
FN:12,(anonymous_1)
FNF:2
FNH:2
FNDA:14,(anonymous_0)
FNDA:14,(anonymous_1)
DA:4,14
DA:5,14
DA:16,14
DA:24,14
LF:4
LH:4
BRF:0
BRH:0
end_of_record
TN:
SF:models\user.js
FN:3,(anonymous_0)
FN:10,(anonymous_1)
FNF:2
FNH:2
FNDA:28,(anonymous_0)
FNDA:14,(anonymous_1)
DA:2,14
DA:3,14
DA:12,14
DA:15,14
DA:18,14
DA:21,14
DA:24,14
DA:27,14
DA:32,28
DA:50,28
LF:10
LH:10
BRF:0
BRH:0
end_of_record
TN:
SF:models\vote.js
FN:3,(anonymous_0)
FN:5,(anonymous_1)
FNF:2
FNH:2
FNDA:28,(anonymous_0)
FNDA:14,(anonymous_1)
DA:2,14
DA:3,14
DA:6,14
DA:10,14
DA:14,14
DA:20,28
DA:40,28
LF:7
LH:7
BRF:0
BRH:0
end_of_record
TN:
SF:models\wards.js
FN:2,(anonymous_0)
FNF:1
FNH:1
FNDA:28,(anonymous_0)
DA:1,14
DA:2,14
DA:3,28
LF:3
LH:3
BRF:0
BRH:0
end_of_record
TN:
SF:routers\address.router.js
FNF:0
FNH:0
DA:1,14
DA:3,14
DA:5,14
DA:6,14
DA:7,14
DA:8,14
DA:10,14
LF:7
LH:7
BRF:0
BRH:0
end_of_record
TN:
SF:routers\admin.routers.js
FNF:0
FNH:0
DA:1,14
DA:3,14
DA:4,14
DA:6,14
DA:8,14
DA:9,14
DA:11,14
LF:7
LH:7
BRF:0
BRH:0
end_of_record
TN:
SF:routers\auth.router.js
FN:7,(anonymous_0)
FNF:1
FNH:0
FNDA:0,(anonymous_0)
DA:1,14
DA:3,14
DA:4,14
DA:5,14
DA:7,14
DA:8,0
DA:9,0
DA:14,14
DA:15,14
DA:16,14
DA:17,14
DA:18,14
DA:19,14
DA:21,14
LF:14
LH:12
BRF:0
BRH:0
end_of_record
TN:
SF:routers\class.router.js
FNF:0
FNH:0
DA:1,14
DA:3,14
DA:4,14
DA:6,14
DA:8,14
DA:9,14
DA:10,14
DA:11,14
DA:12,14
DA:13,14
DA:14,14
LF:11
LH:11
BRF:0
BRH:0
end_of_record
TN:
SF:routers\comment.router.js
FNF:0
FNH:0
DA:1,14
DA:3,14
DA:5,14
DA:6,14
DA:7,14
DA:8,14
DA:10,14
DA:11,14
DA:13,14
LF:9
LH:9
BRF:0
BRH:0
end_of_record
TN:
SF:routers\index.js
FNF:0
FNH:0
DA:1,14
DA:3,14
DA:4,14
DA:5,14
DA:6,14
DA:7,14
DA:8,14
DA:9,14
DA:10,14
DA:11,14
DA:13,14
DA:15,14
DA:17,14
DA:18,14
DA:19,14
DA:20,14
DA:21,14
DA:22,14
DA:23,14
DA:24,14
DA:26,14
LF:21
LH:21
BRF:0
BRH:0
end_of_record
TN:
SF:routers\parents.router.js
FNF:0
FNH:0
DA:1,14
DA:3,14
DA:4,14
DA:6,14
DA:8,14
DA:9,14
DA:10,14
DA:11,14
DA:12,14
LF:9
LH:9
BRF:0
BRH:0
end_of_record
TN:
SF:routers\post.router.js
FNF:0
FNH:0
DA:1,14
DA:3,14
DA:5,14
DA:6,14
DA:7,14
DA:8,14
DA:9,14
DA:11,14
DA:12,14
DA:14,14
LF:10
LH:10
BRF:0
BRH:0
end_of_record
TN:
SF:routers\tutor.router.js
FNF:0
FNH:0
DA:1,14
DA:4,14
DA:5,14
DA:7,14
DA:9,14
DA:10,14
DA:11,14
DA:12,14
DA:13,14
DA:14,14
DA:16,14
LF:11
LH:11
BRF:0
BRH:0
end_of_record
TN:
SF:routers\upload.router.js
FNF:0
FNH:0
DA:1,14
DA:2,14
DA:4,14
DA:6,14
DA:7,14
DA:11,14
DA:13,14
LF:7
LH:7
BRF:0
BRH:0
end_of_record
TN:
SF:services\contract-generator.service\index.js
FN:6,(anonymous_0)
FN:16,(anonymous_1)
FNF:2
FNH:0
FNDA:0,(anonymous_0)
FNDA:0,(anonymous_1)
DA:1,14
DA:2,14
DA:3,14
DA:5,14
DA:7,0
DA:8,0
DA:9,0
DA:10,0
DA:11,0
DA:15,0
DA:16,0
DA:17,0
DA:18,0
DA:19,0
DA:20,0
DA:21,0
DA:23,0
DA:24,0
DA:25,0
DA:27,0
DA:28,0
DA:29,0
DA:30,0
DA:32,0
DA:37,0
DA:39,0
DA:41,0
DA:42,0
DA:43,0
LF:29
LH:4
BRF:0
BRH:0
end_of_record
